2025-12-02 12:44:30 | ERROR | [HTTP-Error] | ✗ GET /api/claims | Error: No Claims Found | Duration: 49ms | User: 41 | Trace: NotFoundException: No Claims Found
    at ClaimsService.findAll (/Users/C9K4HN/Dev/Capstone-2/FSD/Backend-version-5.0/src/claims/claims.service.ts:48:36)
    at process.processTicksAndRejections (node:internal/process/task_queues:105:5)
    at async ClaimsController.findAll (/Users/C9K4HN/Dev/Capstone-2/FSD/Backend-version-5.0/src/claims/claims.controller.ts:34:12)
2025-12-02 12:44:30 | ERROR | [HTTP-Error] | ✗ GET /api/claims | Error: No Claims Found | Duration: 1ms | User: 41 | Trace: NotFoundException: No Claims Found
    at ClaimsService.findAll (/Users/C9K4HN/Dev/Capstone-2/FSD/Backend-version-5.0/src/claims/claims.service.ts:48:36)
    at process.processTicksAndRejections (node:internal/process/task_queues:105:5)
    at async ClaimsController.findAll (/Users/C9K4HN/Dev/Capstone-2/FSD/Backend-version-5.0/src/claims/claims.controller.ts:34:12)
2025-12-02 12:44:30 | ERROR | [HTTP-Error] | ✗ GET /api/policies | Error: No Policies Found | Duration: 57ms | User: 41 | Trace: NotFoundException: No Policies Found
    at PoliciesService.findAll (/Users/C9K4HN/Dev/Capstone-2/FSD/Backend-version-5.0/src/policies/policies.service.ts:85:13)
    at process.processTicksAndRejections (node:internal/process/task_queues:105:5)
    at async PoliciesController.findAll (/Users/C9K4HN/Dev/Capstone-2/FSD/Backend-version-5.0/src/policies/policies.controller.ts:36:22)
2025-12-02 12:44:30 | ERROR | [HTTP-Error] | ✗ GET /api/policies | Error: No Policies Found | Duration: 1ms | User: 41 | Trace: NotFoundException: No Policies Found
    at PoliciesService.findAll (/Users/C9K4HN/Dev/Capstone-2/FSD/Backend-version-5.0/src/policies/policies.service.ts:85:13)
    at process.processTicksAndRejections (node:internal/process/task_queues:105:5)
    at async PoliciesController.findAll (/Users/C9K4HN/Dev/Capstone-2/FSD/Backend-version-5.0/src/policies/policies.controller.ts:36:22)
2025-12-02 12:44:34 | ERROR | [HTTP-Error] | ✗ GET /api/policies | Error: No Policies Found | Duration: 9ms | User: 41 | Trace: NotFoundException: No Policies Found
    at PoliciesService.findAll (/Users/C9K4HN/Dev/Capstone-2/FSD/Backend-version-5.0/src/policies/policies.service.ts:85:13)
    at process.processTicksAndRejections (node:internal/process/task_queues:105:5)
    at async PoliciesController.findAll (/Users/C9K4HN/Dev/Capstone-2/FSD/Backend-version-5.0/src/policies/policies.controller.ts:36:22)
2025-12-02 12:44:34 | ERROR | [HTTP-Error] | ✗ GET /api/policies | Error: No Policies Found | Duration: 4ms | User: 41 | Trace: NotFoundException: No Policies Found
    at PoliciesService.findAll (/Users/C9K4HN/Dev/Capstone-2/FSD/Backend-version-5.0/src/policies/policies.service.ts:85:13)
    at process.processTicksAndRejections (node:internal/process/task_queues:105:5)
    at async PoliciesController.findAll (/Users/C9K4HN/Dev/Capstone-2/FSD/Backend-version-5.0/src/policies/policies.controller.ts:36:22)
2025-12-02 12:44:35 | ERROR | [HTTP-Error] | ✗ GET /api/claims | Error: No Claims Found | Duration: 4ms | User: 41 | Trace: NotFoundException: No Claims Found
    at ClaimsService.findAll (/Users/C9K4HN/Dev/Capstone-2/FSD/Backend-version-5.0/src/claims/claims.service.ts:48:36)
    at process.processTicksAndRejections (node:internal/process/task_queues:105:5)
    at async ClaimsController.findAll (/Users/C9K4HN/Dev/Capstone-2/FSD/Backend-version-5.0/src/claims/claims.controller.ts:34:12)
2025-12-02 12:44:35 | ERROR | [HTTP-Error] | ✗ GET /api/claims | Error: No Claims Found | Duration: 3ms | User: 41 | Trace: NotFoundException: No Claims Found
    at ClaimsService.findAll (/Users/C9K4HN/Dev/Capstone-2/FSD/Backend-version-5.0/src/claims/claims.service.ts:48:36)
    at process.processTicksAndRejections (node:internal/process/task_queues:105:5)
    at async ClaimsController.findAll (/Users/C9K4HN/Dev/Capstone-2/FSD/Backend-version-5.0/src/claims/claims.controller.ts:34:12)
2025-12-02 12:44:37 | ERROR | [HTTP-Error] | ✗ GET /api/policies | Error: No Policies Found | Duration: 4ms | User: 41 | Trace: NotFoundException: No Policies Found
    at PoliciesService.findAll (/Users/C9K4HN/Dev/Capstone-2/FSD/Backend-version-5.0/src/policies/policies.service.ts:85:13)
    at process.processTicksAndRejections (node:internal/process/task_queues:105:5)
    at async PoliciesController.findAll (/Users/C9K4HN/Dev/Capstone-2/FSD/Backend-version-5.0/src/policies/policies.controller.ts:36:22)
2025-12-02 12:44:37 | ERROR | [HTTP-Error] | ✗ GET /api/policies | Error: No Policies Found | Duration: 3ms | User: 41 | Trace: NotFoundException: No Policies Found
    at PoliciesService.findAll (/Users/C9K4HN/Dev/Capstone-2/FSD/Backend-version-5.0/src/policies/policies.service.ts:85:13)
    at process.processTicksAndRejections (node:internal/process/task_queues:105:5)
    at async PoliciesController.findAll (/Users/C9K4HN/Dev/Capstone-2/FSD/Backend-version-5.0/src/policies/policies.controller.ts:36:22)
2025-12-02 12:44:38 | ERROR | [HTTP-Error] | ✗ GET /api/policies | Error: No Policies Found | Duration: 3ms | User: 41 | Trace: NotFoundException: No Policies Found
    at PoliciesService.findAll (/Users/C9K4HN/Dev/Capstone-2/FSD/Backend-version-5.0/src/policies/policies.service.ts:85:13)
    at process.processTicksAndRejections (node:internal/process/task_queues:105:5)
    at async PoliciesController.findAll (/Users/C9K4HN/Dev/Capstone-2/FSD/Backend-version-5.0/src/policies/policies.controller.ts:36:22)
2025-12-02 12:44:38 | ERROR | [HTTP-Error] | ✗ GET /api/claims | Error: No Claims Found | Duration: 2ms | User: 41 | Trace: NotFoundException: No Claims Found
    at ClaimsService.findAll (/Users/C9K4HN/Dev/Capstone-2/FSD/Backend-version-5.0/src/claims/claims.service.ts:48:36)
    at process.processTicksAndRejections (node:internal/process/task_queues:105:5)
    at async ClaimsController.findAll (/Users/C9K4HN/Dev/Capstone-2/FSD/Backend-version-5.0/src/claims/claims.controller.ts:34:12)
2025-12-02 12:44:38 | ERROR | [HTTP-Error] | ✗ GET /api/claims | Error: No Claims Found | Duration: 4ms | User: 41 | Trace: NotFoundException: No Claims Found
    at ClaimsService.findAll (/Users/C9K4HN/Dev/Capstone-2/FSD/Backend-version-5.0/src/claims/claims.service.ts:48:36)
    at process.processTicksAndRejections (node:internal/process/task_queues:105:5)
    at async ClaimsController.findAll (/Users/C9K4HN/Dev/Capstone-2/FSD/Backend-version-5.0/src/claims/claims.controller.ts:34:12)
2025-12-02 12:44:38 | ERROR | [HTTP-Error] | ✗ GET /api/policies | Error: No Policies Found | Duration: 2ms | User: 41 | Trace: NotFoundException: No Policies Found
    at PoliciesService.findAll (/Users/C9K4HN/Dev/Capstone-2/FSD/Backend-version-5.0/src/policies/policies.service.ts:85:13)
    at process.processTicksAndRejections (node:internal/process/task_queues:105:5)
    at async PoliciesController.findAll (/Users/C9K4HN/Dev/Capstone-2/FSD/Backend-version-5.0/src/policies/policies.controller.ts:36:22)
2025-12-02 12:45:48 | ERROR | [HTTP-Error] | ✗ GET /api/policies | Error: No Policies Found | Duration: 4ms | User: 42 | Trace: NotFoundException: No Policies Found
    at PoliciesService.findAll (/Users/C9K4HN/Dev/Capstone-2/FSD/Backend-version-5.0/src/policies/policies.service.ts:85:13)
    at process.processTicksAndRejections (node:internal/process/task_queues:105:5)
    at async PoliciesController.findAll (/Users/C9K4HN/Dev/Capstone-2/FSD/Backend-version-5.0/src/policies/policies.controller.ts:36:22)
2025-12-02 12:45:48 | ERROR | [HTTP-Error] | ✗ GET /api/claims | Error: No Claims Found | Duration: 6ms | User: 42 | Trace: NotFoundException: No Claims Found
    at ClaimsService.findAll (/Users/C9K4HN/Dev/Capstone-2/FSD/Backend-version-5.0/src/claims/claims.service.ts:48:36)
    at process.processTicksAndRejections (node:internal/process/task_queues:105:5)
    at async ClaimsController.findAll (/Users/C9K4HN/Dev/Capstone-2/FSD/Backend-version-5.0/src/claims/claims.controller.ts:34:12)
2025-12-02 12:45:48 | ERROR | [HTTP-Error] | ✗ GET /api/policies | Error: No Policies Found | Duration: 2ms | User: 42 | Trace: NotFoundException: No Policies Found
    at PoliciesService.findAll (/Users/C9K4HN/Dev/Capstone-2/FSD/Backend-version-5.0/src/policies/policies.service.ts:85:13)
    at process.processTicksAndRejections (node:internal/process/task_queues:105:5)
    at async PoliciesController.findAll (/Users/C9K4HN/Dev/Capstone-2/FSD/Backend-version-5.0/src/policies/policies.controller.ts:36:22)
2025-12-02 12:45:48 | ERROR | [HTTP-Error] | ✗ GET /api/claims | Error: No Claims Found | Duration: 1ms | User: 42 | Trace: NotFoundException: No Claims Found
    at ClaimsService.findAll (/Users/C9K4HN/Dev/Capstone-2/FSD/Backend-version-5.0/src/claims/claims.service.ts:48:36)
    at process.processTicksAndRejections (node:internal/process/task_queues:105:5)
    at async ClaimsController.findAll (/Users/C9K4HN/Dev/Capstone-2/FSD/Backend-version-5.0/src/claims/claims.controller.ts:34:12)
2025-12-02 12:46:05 | ERROR | [HTTP-Error] | ✗ GET /api/claims | Error: No Claims Found | Duration: 3ms | User: 42 | Trace: NotFoundException: No Claims Found
    at ClaimsService.findAll (/Users/C9K4HN/Dev/Capstone-2/FSD/Backend-version-5.0/src/claims/claims.service.ts:48:36)
    at process.processTicksAndRejections (node:internal/process/task_queues:105:5)
    at async ClaimsController.findAll (/Users/C9K4HN/Dev/Capstone-2/FSD/Backend-version-5.0/src/claims/claims.controller.ts:34:12)
2025-12-02 12:46:05 | ERROR | [HTTP-Error] | ✗ GET /api/claims | Error: No Claims Found | Duration: 2ms | User: 42 | Trace: NotFoundException: No Claims Found
    at ClaimsService.findAll (/Users/C9K4HN/Dev/Capstone-2/FSD/Backend-version-5.0/src/claims/claims.service.ts:48:36)
    at process.processTicksAndRejections (node:internal/process/task_queues:105:5)
    at async ClaimsController.findAll (/Users/C9K4HN/Dev/Capstone-2/FSD/Backend-version-5.0/src/claims/claims.controller.ts:34:12)
2025-12-02 12:46:06 | ERROR | [HTTP-Error] | ✗ GET /api/policies | Error: No Policies Found | Duration: 3ms | User: 42 | Trace: NotFoundException: No Policies Found
    at PoliciesService.findAll (/Users/C9K4HN/Dev/Capstone-2/FSD/Backend-version-5.0/src/policies/policies.service.ts:85:13)
    at process.processTicksAndRejections (node:internal/process/task_queues:105:5)
    at async PoliciesController.findAll (/Users/C9K4HN/Dev/Capstone-2/FSD/Backend-version-5.0/src/policies/policies.controller.ts:36:22)
2025-12-02 12:46:06 | ERROR | [HTTP-Error] | ✗ GET /api/policies | Error: No Policies Found | Duration: 2ms | User: 42 | Trace: NotFoundException: No Policies Found
    at PoliciesService.findAll (/Users/C9K4HN/Dev/Capstone-2/FSD/Backend-version-5.0/src/policies/policies.service.ts:85:13)
    at process.processTicksAndRejections (node:internal/process/task_queues:105:5)
    at async PoliciesController.findAll (/Users/C9K4HN/Dev/Capstone-2/FSD/Backend-version-5.0/src/policies/policies.controller.ts:36:22)
2025-12-02 12:46:07 | ERROR | [HTTP-Error] | ✗ GET /api/policies | Error: No Policies Found | Duration: 4ms | User: 42 | Trace: NotFoundException: No Policies Found
    at PoliciesService.findAll (/Users/C9K4HN/Dev/Capstone-2/FSD/Backend-version-5.0/src/policies/policies.service.ts:85:13)
    at process.processTicksAndRejections (node:internal/process/task_queues:105:5)
    at async PoliciesController.findAll (/Users/C9K4HN/Dev/Capstone-2/FSD/Backend-version-5.0/src/policies/policies.controller.ts:36:22)
2025-12-02 12:46:07 | ERROR | [HTTP-Error] | ✗ GET /api/claims | Error: No Claims Found | Duration: 3ms | User: 42 | Trace: NotFoundException: No Claims Found
    at ClaimsService.findAll (/Users/C9K4HN/Dev/Capstone-2/FSD/Backend-version-5.0/src/claims/claims.service.ts:48:36)
    at process.processTicksAndRejections (node:internal/process/task_queues:105:5)
    at async ClaimsController.findAll (/Users/C9K4HN/Dev/Capstone-2/FSD/Backend-version-5.0/src/claims/claims.controller.ts:34:12)
2025-12-02 12:46:07 | ERROR | [HTTP-Error] | ✗ GET /api/claims | Error: No Claims Found | Duration: 4ms | User: 42 | Trace: NotFoundException: No Claims Found
    at ClaimsService.findAll (/Users/C9K4HN/Dev/Capstone-2/FSD/Backend-version-5.0/src/claims/claims.service.ts:48:36)
    at process.processTicksAndRejections (node:internal/process/task_queues:105:5)
    at async ClaimsController.findAll (/Users/C9K4HN/Dev/Capstone-2/FSD/Backend-version-5.0/src/claims/claims.controller.ts:34:12)
2025-12-02 12:46:07 | ERROR | [HTTP-Error] | ✗ GET /api/policies | Error: No Policies Found | Duration: 9ms | User: 42 | Trace: NotFoundException: No Policies Found
    at PoliciesService.findAll (/Users/C9K4HN/Dev/Capstone-2/FSD/Backend-version-5.0/src/policies/policies.service.ts:85:13)
    at process.processTicksAndRejections (node:internal/process/task_queues:105:5)
    at async PoliciesController.findAll (/Users/C9K4HN/Dev/Capstone-2/FSD/Backend-version-5.0/src/policies/policies.controller.ts:36:22)
2025-12-02 12:46:36 | ERROR | [HTTP-Error] | ✗ GET /api/policies | Error: No Policies Found | Duration: 2ms | User: 42 | Trace: NotFoundException: No Policies Found
    at PoliciesService.findAll (/Users/C9K4HN/Dev/Capstone-2/FSD/Backend-version-5.0/src/policies/policies.service.ts:85:13)
    at process.processTicksAndRejections (node:internal/process/task_queues:105:5)
    at async PoliciesController.findAll (/Users/C9K4HN/Dev/Capstone-2/FSD/Backend-version-5.0/src/policies/policies.controller.ts:36:22)
2025-12-02 12:46:36 | ERROR | [HTTP-Error] | ✗ GET /api/claims | Error: No Claims Found | Duration: 3ms | User: 42 | Trace: NotFoundException: No Claims Found
    at ClaimsService.findAll (/Users/C9K4HN/Dev/Capstone-2/FSD/Backend-version-5.0/src/claims/claims.service.ts:48:36)
    at process.processTicksAndRejections (node:internal/process/task_queues:105:5)
    at async ClaimsController.findAll (/Users/C9K4HN/Dev/Capstone-2/FSD/Backend-version-5.0/src/claims/claims.controller.ts:34:12)
2025-12-02 12:46:36 | ERROR | [HTTP-Error] | ✗ GET /api/policies | Error: No Policies Found | Duration: 3ms | User: 42 | Trace: NotFoundException: No Policies Found
    at PoliciesService.findAll (/Users/C9K4HN/Dev/Capstone-2/FSD/Backend-version-5.0/src/policies/policies.service.ts:85:13)
    at process.processTicksAndRejections (node:internal/process/task_queues:105:5)
    at async PoliciesController.findAll (/Users/C9K4HN/Dev/Capstone-2/FSD/Backend-version-5.0/src/policies/policies.controller.ts:36:22)
2025-12-02 12:46:36 | ERROR | [HTTP-Error] | ✗ GET /api/claims | Error: No Claims Found | Duration: 2ms | User: 42 | Trace: NotFoundException: No Claims Found
    at ClaimsService.findAll (/Users/C9K4HN/Dev/Capstone-2/FSD/Backend-version-5.0/src/claims/claims.service.ts:48:36)
    at process.processTicksAndRejections (node:internal/process/task_queues:105:5)
    at async ClaimsController.findAll (/Users/C9K4HN/Dev/Capstone-2/FSD/Backend-version-5.0/src/claims/claims.controller.ts:34:12)
2025-12-02 12:46:54 | ERROR | [HTTP-Error] | ✗ GET /api/policies/all | Error: NJS-105: value is not a number (NaN) and cannot be used in Oracle Database numbers | Duration: 0ms | User: 42 | Trace: QueryFailedError: NJS-105: value is not a number (NaN) and cannot be used in Oracle Database numbers
    at OracleQueryRunner.query (/Users/C9K4HN/Dev/Capstone-2/FSD/Backend-version-5.0/node_modules/typeorm/driver/src/driver/oracle/OracleQueryRunner.ts:299:19)
    at process.processTicksAndRejections (node:internal/process/task_queues:105:5)
    at async SelectQueryBuilder.loadRawResults (/Users/C9K4HN/Dev/Capstone-2/FSD/Backend-version-5.0/node_modules/typeorm/query-builder/src/query-builder/SelectQueryBuilder.ts:3868:25)
    at async SelectQueryBuilder.executeEntitiesAndRawResults (/Users/C9K4HN/Dev/Capstone-2/FSD/Backend-version-5.0/node_modules/typeorm/query-builder/src/query-builder/SelectQueryBuilder.ts:3614:26)
    at async SelectQueryBuilder.getRawAndEntities (/Users/C9K4HN/Dev/Capstone-2/FSD/Backend-version-5.0/node_modules/typeorm/query-builder/src/query-builder/SelectQueryBuilder.ts:1671:29)
    at async SelectQueryBuilder.getOne (/Users/C9K4HN/Dev/Capstone-2/FSD/Backend-version-5.0/node_modules/typeorm/query-builder/src/query-builder/SelectQueryBuilder.ts:1698:25)
    at async PoliciesService.findOne (/Users/C9K4HN/Dev/Capstone-2/FSD/Backend-version-5.0/src/policies/policies.service.ts:106:20)
    at async PoliciesController.findOne (/Users/C9K4HN/Dev/Capstone-2/FSD/Backend-version-5.0/src/policies/policies.controller.ts:50:20)
2025-12-02 12:46:54 | ERROR | [HTTP-Error] | ✗ GET /api/claims/all | Error: No Claims Found | Duration: 7ms | User: 42 | Trace: NotFoundException: No Claims Found
    at ClaimsService.findAllClaims (/Users/C9K4HN/Dev/Capstone-2/FSD/Backend-version-5.0/src/claims/claims.service.ts:62:36)
    at process.processTicksAndRejections (node:internal/process/task_queues:105:5)
    at async ClaimsController.findAllClaims (/Users/C9K4HN/Dev/Capstone-2/FSD/Backend-version-5.0/src/claims/claims.controller.ts:43:12)
2025-12-02 12:46:54 | ERROR | [HTTP-Error] | ✗ GET /api/claims/all | Error: No Claims Found | Duration: 2ms | User: 42 | Trace: NotFoundException: No Claims Found
    at ClaimsService.findAllClaims (/Users/C9K4HN/Dev/Capstone-2/FSD/Backend-version-5.0/src/claims/claims.service.ts:62:36)
    at process.processTicksAndRejections (node:internal/process/task_queues:105:5)
    at async ClaimsController.findAllClaims (/Users/C9K4HN/Dev/Capstone-2/FSD/Backend-version-5.0/src/claims/claims.controller.ts:43:12)
2025-12-02 12:46:54 | ERROR | [HTTP-Error] | ✗ GET /api/policies/all | Error: NJS-105: value is not a number (NaN) and cannot be used in Oracle Database numbers | Duration: 30ms | User: 42 | Trace: QueryFailedError: NJS-105: value is not a number (NaN) and cannot be used in Oracle Database numbers
    at OracleQueryRunner.query (/Users/C9K4HN/Dev/Capstone-2/FSD/Backend-version-5.0/node_modules/typeorm/driver/src/driver/oracle/OracleQueryRunner.ts:299:19)
    at process.processTicksAndRejections (node:internal/process/task_queues:105:5)
    at async SelectQueryBuilder.loadRawResults (/Users/C9K4HN/Dev/Capstone-2/FSD/Backend-version-5.0/node_modules/typeorm/query-builder/src/query-builder/SelectQueryBuilder.ts:3868:25)
    at async SelectQueryBuilder.executeEntitiesAndRawResults (/Users/C9K4HN/Dev/Capstone-2/FSD/Backend-version-5.0/node_modules/typeorm/query-builder/src/query-builder/SelectQueryBuilder.ts:3614:26)
    at async SelectQueryBuilder.getRawAndEntities (/Users/C9K4HN/Dev/Capstone-2/FSD/Backend-version-5.0/node_modules/typeorm/query-builder/src/query-builder/SelectQueryBuilder.ts:1671:29)
    at async SelectQueryBuilder.getOne (/Users/C9K4HN/Dev/Capstone-2/FSD/Backend-version-5.0/node_modules/typeorm/query-builder/src/query-builder/SelectQueryBuilder.ts:1698:25)
    at async PoliciesService.findOne (/Users/C9K4HN/Dev/Capstone-2/FSD/Backend-version-5.0/src/policies/policies.service.ts:106:20)
    at async PoliciesController.findOne (/Users/C9K4HN/Dev/Capstone-2/FSD/Backend-version-5.0/src/policies/policies.controller.ts:50:20)
2025-12-02 12:46:57 | ERROR | [HTTP-Error] | ✗ GET /api/policies/all | Error: NJS-105: value is not a number (NaN) and cannot be used in Oracle Database numbers | Duration: 1ms | User: 42 | Trace: QueryFailedError: NJS-105: value is not a number (NaN) and cannot be used in Oracle Database numbers
    at OracleQueryRunner.query (/Users/C9K4HN/Dev/Capstone-2/FSD/Backend-version-5.0/node_modules/typeorm/driver/src/driver/oracle/OracleQueryRunner.ts:299:19)
    at process.processTicksAndRejections (node:internal/process/task_queues:105:5)
    at async SelectQueryBuilder.loadRawResults (/Users/C9K4HN/Dev/Capstone-2/FSD/Backend-version-5.0/node_modules/typeorm/query-builder/src/query-builder/SelectQueryBuilder.ts:3868:25)
    at async SelectQueryBuilder.executeEntitiesAndRawResults (/Users/C9K4HN/Dev/Capstone-2/FSD/Backend-version-5.0/node_modules/typeorm/query-builder/src/query-builder/SelectQueryBuilder.ts:3614:26)
    at async SelectQueryBuilder.getRawAndEntities (/Users/C9K4HN/Dev/Capstone-2/FSD/Backend-version-5.0/node_modules/typeorm/query-builder/src/query-builder/SelectQueryBuilder.ts:1671:29)
    at async SelectQueryBuilder.getOne (/Users/C9K4HN/Dev/Capstone-2/FSD/Backend-version-5.0/node_modules/typeorm/query-builder/src/query-builder/SelectQueryBuilder.ts:1698:25)
    at async PoliciesService.findOne (/Users/C9K4HN/Dev/Capstone-2/FSD/Backend-version-5.0/src/policies/policies.service.ts:106:20)
    at async PoliciesController.findOne (/Users/C9K4HN/Dev/Capstone-2/FSD/Backend-version-5.0/src/policies/policies.controller.ts:50:20)
2025-12-02 12:46:57 | ERROR | [HTTP-Error] | ✗ GET /api/policies/all | Error: NJS-105: value is not a number (NaN) and cannot be used in Oracle Database numbers | Duration: 1ms | User: 42 | Trace: QueryFailedError: NJS-105: value is not a number (NaN) and cannot be used in Oracle Database numbers
    at OracleQueryRunner.query (/Users/C9K4HN/Dev/Capstone-2/FSD/Backend-version-5.0/node_modules/typeorm/driver/src/driver/oracle/OracleQueryRunner.ts:299:19)
    at process.processTicksAndRejections (node:internal/process/task_queues:105:5)
    at async SelectQueryBuilder.loadRawResults (/Users/C9K4HN/Dev/Capstone-2/FSD/Backend-version-5.0/node_modules/typeorm/query-builder/src/query-builder/SelectQueryBuilder.ts:3868:25)
    at async SelectQueryBuilder.executeEntitiesAndRawResults (/Users/C9K4HN/Dev/Capstone-2/FSD/Backend-version-5.0/node_modules/typeorm/query-builder/src/query-builder/SelectQueryBuilder.ts:3614:26)
    at async SelectQueryBuilder.getRawAndEntities (/Users/C9K4HN/Dev/Capstone-2/FSD/Backend-version-5.0/node_modules/typeorm/query-builder/src/query-builder/SelectQueryBuilder.ts:1671:29)
    at async SelectQueryBuilder.getOne (/Users/C9K4HN/Dev/Capstone-2/FSD/Backend-version-5.0/node_modules/typeorm/query-builder/src/query-builder/SelectQueryBuilder.ts:1698:25)
    at async PoliciesService.findOne (/Users/C9K4HN/Dev/Capstone-2/FSD/Backend-version-5.0/src/policies/policies.service.ts:106:20)
    at async PoliciesController.findOne (/Users/C9K4HN/Dev/Capstone-2/FSD/Backend-version-5.0/src/policies/policies.controller.ts:50:20)
2025-12-02 12:47:01 | ERROR | [HTTP-Error] | ✗ GET /api/claims/admin | Error: NJS-105: value is not a number (NaN) and cannot be used in Oracle Database numbers | Duration: 2ms | User: 42 | Trace: QueryFailedError: NJS-105: value is not a number (NaN) and cannot be used in Oracle Database numbers
    at OracleQueryRunner.query (/Users/C9K4HN/Dev/Capstone-2/FSD/Backend-version-5.0/node_modules/typeorm/driver/src/driver/oracle/OracleQueryRunner.ts:299:19)
    at process.processTicksAndRejections (node:internal/process/task_queues:105:5)
    at async SelectQueryBuilder.loadRawResults (/Users/C9K4HN/Dev/Capstone-2/FSD/Backend-version-5.0/node_modules/typeorm/query-builder/src/query-builder/SelectQueryBuilder.ts:3868:25)
    at async SelectQueryBuilder.executeEntitiesAndRawResults (/Users/C9K4HN/Dev/Capstone-2/FSD/Backend-version-5.0/node_modules/typeorm/query-builder/src/query-builder/SelectQueryBuilder.ts:3614:26)
    at async SelectQueryBuilder.getRawAndEntities (/Users/C9K4HN/Dev/Capstone-2/FSD/Backend-version-5.0/node_modules/typeorm/query-builder/src/query-builder/SelectQueryBuilder.ts:1671:29)
    at async SelectQueryBuilder.getOne (/Users/C9K4HN/Dev/Capstone-2/FSD/Backend-version-5.0/node_modules/typeorm/query-builder/src/query-builder/SelectQueryBuilder.ts:1698:25)
    at async ClaimsService.findOne (/Users/C9K4HN/Dev/Capstone-2/FSD/Backend-version-5.0/src/claims/claims.service.ts:54:19)
    at async ClaimsController.findOne (/Users/C9K4HN/Dev/Capstone-2/FSD/Backend-version-5.0/src/claims/claims.controller.ts:57:19)
2025-12-02 12:47:01 | ERROR | [HTTP-Error] | ✗ GET /api/claims/admin | Error: NJS-105: value is not a number (NaN) and cannot be used in Oracle Database numbers | Duration: 2ms | User: 42 | Trace: QueryFailedError: NJS-105: value is not a number (NaN) and cannot be used in Oracle Database numbers
    at OracleQueryRunner.query (/Users/C9K4HN/Dev/Capstone-2/FSD/Backend-version-5.0/node_modules/typeorm/driver/src/driver/oracle/OracleQueryRunner.ts:299:19)
    at process.processTicksAndRejections (node:internal/process/task_queues:105:5)
    at async SelectQueryBuilder.loadRawResults (/Users/C9K4HN/Dev/Capstone-2/FSD/Backend-version-5.0/node_modules/typeorm/query-builder/src/query-builder/SelectQueryBuilder.ts:3868:25)
    at async SelectQueryBuilder.executeEntitiesAndRawResults (/Users/C9K4HN/Dev/Capstone-2/FSD/Backend-version-5.0/node_modules/typeorm/query-builder/src/query-builder/SelectQueryBuilder.ts:3614:26)
    at async SelectQueryBuilder.getRawAndEntities (/Users/C9K4HN/Dev/Capstone-2/FSD/Backend-version-5.0/node_modules/typeorm/query-builder/src/query-builder/SelectQueryBuilder.ts:1671:29)
    at async SelectQueryBuilder.getOne (/Users/C9K4HN/Dev/Capstone-2/FSD/Backend-version-5.0/node_modules/typeorm/query-builder/src/query-builder/SelectQueryBuilder.ts:1698:25)
    at async ClaimsService.findOne (/Users/C9K4HN/Dev/Capstone-2/FSD/Backend-version-5.0/src/claims/claims.service.ts:54:19)
    at async ClaimsController.findOne (/Users/C9K4HN/Dev/Capstone-2/FSD/Backend-version-5.0/src/claims/claims.controller.ts:57:19)
2025-12-02 12:47:03 | ERROR | [HTTP-Error] | ✗ GET /api/policies/all | Error: NJS-105: value is not a number (NaN) and cannot be used in Oracle Database numbers | Duration: 0ms | User: 42 | Trace: QueryFailedError: NJS-105: value is not a number (NaN) and cannot be used in Oracle Database numbers
    at OracleQueryRunner.query (/Users/C9K4HN/Dev/Capstone-2/FSD/Backend-version-5.0/node_modules/typeorm/driver/src/driver/oracle/OracleQueryRunner.ts:299:19)
    at process.processTicksAndRejections (node:internal/process/task_queues:105:5)
    at async SelectQueryBuilder.loadRawResults (/Users/C9K4HN/Dev/Capstone-2/FSD/Backend-version-5.0/node_modules/typeorm/query-builder/src/query-builder/SelectQueryBuilder.ts:3868:25)
    at async SelectQueryBuilder.executeEntitiesAndRawResults (/Users/C9K4HN/Dev/Capstone-2/FSD/Backend-version-5.0/node_modules/typeorm/query-builder/src/query-builder/SelectQueryBuilder.ts:3614:26)
    at async SelectQueryBuilder.getRawAndEntities (/Users/C9K4HN/Dev/Capstone-2/FSD/Backend-version-5.0/node_modules/typeorm/query-builder/src/query-builder/SelectQueryBuilder.ts:1671:29)
    at async SelectQueryBuilder.getOne (/Users/C9K4HN/Dev/Capstone-2/FSD/Backend-version-5.0/node_modules/typeorm/query-builder/src/query-builder/SelectQueryBuilder.ts:1698:25)
    at async PoliciesService.findOne (/Users/C9K4HN/Dev/Capstone-2/FSD/Backend-version-5.0/src/policies/policies.service.ts:106:20)
    at async PoliciesController.findOne (/Users/C9K4HN/Dev/Capstone-2/FSD/Backend-version-5.0/src/policies/policies.controller.ts:50:20)
2025-12-02 12:47:03 | ERROR | [HTTP-Error] | ✗ GET /api/policies/all | Error: NJS-105: value is not a number (NaN) and cannot be used in Oracle Database numbers | Duration: 0ms | User: 42 | Trace: QueryFailedError: NJS-105: value is not a number (NaN) and cannot be used in Oracle Database numbers
    at OracleQueryRunner.query (/Users/C9K4HN/Dev/Capstone-2/FSD/Backend-version-5.0/node_modules/typeorm/driver/src/driver/oracle/OracleQueryRunner.ts:299:19)
    at process.processTicksAndRejections (node:internal/process/task_queues:105:5)
    at async SelectQueryBuilder.loadRawResults (/Users/C9K4HN/Dev/Capstone-2/FSD/Backend-version-5.0/node_modules/typeorm/query-builder/src/query-builder/SelectQueryBuilder.ts:3868:25)
    at async SelectQueryBuilder.executeEntitiesAndRawResults (/Users/C9K4HN/Dev/Capstone-2/FSD/Backend-version-5.0/node_modules/typeorm/query-builder/src/query-builder/SelectQueryBuilder.ts:3614:26)
    at async SelectQueryBuilder.getRawAndEntities (/Users/C9K4HN/Dev/Capstone-2/FSD/Backend-version-5.0/node_modules/typeorm/query-builder/src/query-builder/SelectQueryBuilder.ts:1671:29)
    at async SelectQueryBuilder.getOne (/Users/C9K4HN/Dev/Capstone-2/FSD/Backend-version-5.0/node_modules/typeorm/query-builder/src/query-builder/SelectQueryBuilder.ts:1698:25)
    at async PoliciesService.findOne (/Users/C9K4HN/Dev/Capstone-2/FSD/Backend-version-5.0/src/policies/policies.service.ts:106:20)
    at async PoliciesController.findOne (/Users/C9K4HN/Dev/Capstone-2/FSD/Backend-version-5.0/src/policies/policies.controller.ts:50:20)
2025-12-02 12:47:03 | ERROR | [HTTP-Error] | ✗ GET /api/claims/all | Error: No Claims Found | Duration: 5ms | User: 42 | Trace: NotFoundException: No Claims Found
    at ClaimsService.findAllClaims (/Users/C9K4HN/Dev/Capstone-2/FSD/Backend-version-5.0/src/claims/claims.service.ts:62:36)
    at process.processTicksAndRejections (node:internal/process/task_queues:105:5)
    at async ClaimsController.findAllClaims (/Users/C9K4HN/Dev/Capstone-2/FSD/Backend-version-5.0/src/claims/claims.controller.ts:43:12)
2025-12-02 12:47:03 | ERROR | [HTTP-Error] | ✗ GET /api/claims/all | Error: No Claims Found | Duration: 3ms | User: 42 | Trace: NotFoundException: No Claims Found
    at ClaimsService.findAllClaims (/Users/C9K4HN/Dev/Capstone-2/FSD/Backend-version-5.0/src/claims/claims.service.ts:62:36)
    at process.processTicksAndRejections (node:internal/process/task_queues:105:5)
    at async ClaimsController.findAllClaims (/Users/C9K4HN/Dev/Capstone-2/FSD/Backend-version-5.0/src/claims/claims.controller.ts:43:12)
2025-12-02 12:47:06 | ERROR | [HTTP-Error] | ✗ GET /api/claims/admin | Error: NJS-105: value is not a number (NaN) and cannot be used in Oracle Database numbers | Duration: 1ms | User: 42 | Trace: QueryFailedError: NJS-105: value is not a number (NaN) and cannot be used in Oracle Database numbers
    at OracleQueryRunner.query (/Users/C9K4HN/Dev/Capstone-2/FSD/Backend-version-5.0/node_modules/typeorm/driver/src/driver/oracle/OracleQueryRunner.ts:299:19)
    at process.processTicksAndRejections (node:internal/process/task_queues:105:5)
    at async SelectQueryBuilder.loadRawResults (/Users/C9K4HN/Dev/Capstone-2/FSD/Backend-version-5.0/node_modules/typeorm/query-builder/src/query-builder/SelectQueryBuilder.ts:3868:25)
    at async SelectQueryBuilder.executeEntitiesAndRawResults (/Users/C9K4HN/Dev/Capstone-2/FSD/Backend-version-5.0/node_modules/typeorm/query-builder/src/query-builder/SelectQueryBuilder.ts:3614:26)
    at async SelectQueryBuilder.getRawAndEntities (/Users/C9K4HN/Dev/Capstone-2/FSD/Backend-version-5.0/node_modules/typeorm/query-builder/src/query-builder/SelectQueryBuilder.ts:1671:29)
    at async SelectQueryBuilder.getOne (/Users/C9K4HN/Dev/Capstone-2/FSD/Backend-version-5.0/node_modules/typeorm/query-builder/src/query-builder/SelectQueryBuilder.ts:1698:25)
    at async ClaimsService.findOne (/Users/C9K4HN/Dev/Capstone-2/FSD/Backend-version-5.0/src/claims/claims.service.ts:54:19)
    at async ClaimsController.findOne (/Users/C9K4HN/Dev/Capstone-2/FSD/Backend-version-5.0/src/claims/claims.controller.ts:57:19)
2025-12-02 12:47:06 | ERROR | [HTTP-Error] | ✗ GET /api/claims/admin | Error: NJS-105: value is not a number (NaN) and cannot be used in Oracle Database numbers | Duration: 2ms | User: 42 | Trace: QueryFailedError: NJS-105: value is not a number (NaN) and cannot be used in Oracle Database numbers
    at OracleQueryRunner.query (/Users/C9K4HN/Dev/Capstone-2/FSD/Backend-version-5.0/node_modules/typeorm/driver/src/driver/oracle/OracleQueryRunner.ts:299:19)
    at process.processTicksAndRejections (node:internal/process/task_queues:105:5)
    at async SelectQueryBuilder.loadRawResults (/Users/C9K4HN/Dev/Capstone-2/FSD/Backend-version-5.0/node_modules/typeorm/query-builder/src/query-builder/SelectQueryBuilder.ts:3868:25)
    at async SelectQueryBuilder.executeEntitiesAndRawResults (/Users/C9K4HN/Dev/Capstone-2/FSD/Backend-version-5.0/node_modules/typeorm/query-builder/src/query-builder/SelectQueryBuilder.ts:3614:26)
    at async SelectQueryBuilder.getRawAndEntities (/Users/C9K4HN/Dev/Capstone-2/FSD/Backend-version-5.0/node_modules/typeorm/query-builder/src/query-builder/SelectQueryBuilder.ts:1671:29)
    at async SelectQueryBuilder.getOne (/Users/C9K4HN/Dev/Capstone-2/FSD/Backend-version-5.0/node_modules/typeorm/query-builder/src/query-builder/SelectQueryBuilder.ts:1698:25)
    at async ClaimsService.findOne (/Users/C9K4HN/Dev/Capstone-2/FSD/Backend-version-5.0/src/claims/claims.service.ts:54:19)
    at async ClaimsController.findOne (/Users/C9K4HN/Dev/Capstone-2/FSD/Backend-version-5.0/src/claims/claims.controller.ts:57:19)
2025-12-02 12:47:06 | ERROR | [HTTP-Error] | ✗ GET /api/policies/all | Error: NJS-105: value is not a number (NaN) and cannot be used in Oracle Database numbers | Duration: 1ms | User: 42 | Trace: QueryFailedError: NJS-105: value is not a number (NaN) and cannot be used in Oracle Database numbers
    at OracleQueryRunner.query (/Users/C9K4HN/Dev/Capstone-2/FSD/Backend-version-5.0/node_modules/typeorm/driver/src/driver/oracle/OracleQueryRunner.ts:299:19)
    at process.processTicksAndRejections (node:internal/process/task_queues:105:5)
    at async SelectQueryBuilder.loadRawResults (/Users/C9K4HN/Dev/Capstone-2/FSD/Backend-version-5.0/node_modules/typeorm/query-builder/src/query-builder/SelectQueryBuilder.ts:3868:25)
    at async SelectQueryBuilder.executeEntitiesAndRawResults (/Users/C9K4HN/Dev/Capstone-2/FSD/Backend-version-5.0/node_modules/typeorm/query-builder/src/query-builder/SelectQueryBuilder.ts:3614:26)
    at async SelectQueryBuilder.getRawAndEntities (/Users/C9K4HN/Dev/Capstone-2/FSD/Backend-version-5.0/node_modules/typeorm/query-builder/src/query-builder/SelectQueryBuilder.ts:1671:29)
    at async SelectQueryBuilder.getOne (/Users/C9K4HN/Dev/Capstone-2/FSD/Backend-version-5.0/node_modules/typeorm/query-builder/src/query-builder/SelectQueryBuilder.ts:1698:25)
    at async PoliciesService.findOne (/Users/C9K4HN/Dev/Capstone-2/FSD/Backend-version-5.0/src/policies/policies.service.ts:106:20)
    at async PoliciesController.findOne (/Users/C9K4HN/Dev/Capstone-2/FSD/Backend-version-5.0/src/policies/policies.controller.ts:50:20)
2025-12-02 12:47:06 | ERROR | [HTTP-Error] | ✗ GET /api/policies/all | Error: NJS-105: value is not a number (NaN) and cannot be used in Oracle Database numbers | Duration: 0ms | User: 42 | Trace: QueryFailedError: NJS-105: value is not a number (NaN) and cannot be used in Oracle Database numbers
    at OracleQueryRunner.query (/Users/C9K4HN/Dev/Capstone-2/FSD/Backend-version-5.0/node_modules/typeorm/driver/src/driver/oracle/OracleQueryRunner.ts:299:19)
    at process.processTicksAndRejections (node:internal/process/task_queues:105:5)
    at async SelectQueryBuilder.loadRawResults (/Users/C9K4HN/Dev/Capstone-2/FSD/Backend-version-5.0/node_modules/typeorm/query-builder/src/query-builder/SelectQueryBuilder.ts:3868:25)
    at async SelectQueryBuilder.executeEntitiesAndRawResults (/Users/C9K4HN/Dev/Capstone-2/FSD/Backend-version-5.0/node_modules/typeorm/query-builder/src/query-builder/SelectQueryBuilder.ts:3614:26)
    at async SelectQueryBuilder.getRawAndEntities (/Users/C9K4HN/Dev/Capstone-2/FSD/Backend-version-5.0/node_modules/typeorm/query-builder/src/query-builder/SelectQueryBuilder.ts:1671:29)
    at async SelectQueryBuilder.getOne (/Users/C9K4HN/Dev/Capstone-2/FSD/Backend-version-5.0/node_modules/typeorm/query-builder/src/query-builder/SelectQueryBuilder.ts:1698:25)
    at async PoliciesService.findOne (/Users/C9K4HN/Dev/Capstone-2/FSD/Backend-version-5.0/src/policies/policies.service.ts:106:20)
    at async PoliciesController.findOne (/Users/C9K4HN/Dev/Capstone-2/FSD/Backend-version-5.0/src/policies/policies.controller.ts:50:20)
2025-12-02 12:47:07 | ERROR | [HTTP-Error] | ✗ GET /api/policies/all | Error: NJS-105: value is not a number (NaN) and cannot be used in Oracle Database numbers | Duration: 1ms | User: 42 | Trace: QueryFailedError: NJS-105: value is not a number (NaN) and cannot be used in Oracle Database numbers
    at OracleQueryRunner.query (/Users/C9K4HN/Dev/Capstone-2/FSD/Backend-version-5.0/node_modules/typeorm/driver/src/driver/oracle/OracleQueryRunner.ts:299:19)
    at process.processTicksAndRejections (node:internal/process/task_queues:105:5)
    at async SelectQueryBuilder.loadRawResults (/Users/C9K4HN/Dev/Capstone-2/FSD/Backend-version-5.0/node_modules/typeorm/query-builder/src/query-builder/SelectQueryBuilder.ts:3868:25)
    at async SelectQueryBuilder.executeEntitiesAndRawResults (/Users/C9K4HN/Dev/Capstone-2/FSD/Backend-version-5.0/node_modules/typeorm/query-builder/src/query-builder/SelectQueryBuilder.ts:3614:26)
    at async SelectQueryBuilder.getRawAndEntities (/Users/C9K4HN/Dev/Capstone-2/FSD/Backend-version-5.0/node_modules/typeorm/query-builder/src/query-builder/SelectQueryBuilder.ts:1671:29)
    at async SelectQueryBuilder.getOne (/Users/C9K4HN/Dev/Capstone-2/FSD/Backend-version-5.0/node_modules/typeorm/query-builder/src/query-builder/SelectQueryBuilder.ts:1698:25)
    at async PoliciesService.findOne (/Users/C9K4HN/Dev/Capstone-2/FSD/Backend-version-5.0/src/policies/policies.service.ts:106:20)
    at async PoliciesController.findOne (/Users/C9K4HN/Dev/Capstone-2/FSD/Backend-version-5.0/src/policies/policies.controller.ts:50:20)
2025-12-02 12:47:07 | ERROR | [HTTP-Error] | ✗ GET /api/policies/all | Error: NJS-105: value is not a number (NaN) and cannot be used in Oracle Database numbers | Duration: 1ms | User: 42 | Trace: QueryFailedError: NJS-105: value is not a number (NaN) and cannot be used in Oracle Database numbers
    at OracleQueryRunner.query (/Users/C9K4HN/Dev/Capstone-2/FSD/Backend-version-5.0/node_modules/typeorm/driver/src/driver/oracle/OracleQueryRunner.ts:299:19)
    at process.processTicksAndRejections (node:internal/process/task_queues:105:5)
    at async SelectQueryBuilder.loadRawResults (/Users/C9K4HN/Dev/Capstone-2/FSD/Backend-version-5.0/node_modules/typeorm/query-builder/src/query-builder/SelectQueryBuilder.ts:3868:25)
    at async SelectQueryBuilder.executeEntitiesAndRawResults (/Users/C9K4HN/Dev/Capstone-2/FSD/Backend-version-5.0/node_modules/typeorm/query-builder/src/query-builder/SelectQueryBuilder.ts:3614:26)
    at async SelectQueryBuilder.getRawAndEntities (/Users/C9K4HN/Dev/Capstone-2/FSD/Backend-version-5.0/node_modules/typeorm/query-builder/src/query-builder/SelectQueryBuilder.ts:1671:29)
    at async SelectQueryBuilder.getOne (/Users/C9K4HN/Dev/Capstone-2/FSD/Backend-version-5.0/node_modules/typeorm/query-builder/src/query-builder/SelectQueryBuilder.ts:1698:25)
    at async PoliciesService.findOne (/Users/C9K4HN/Dev/Capstone-2/FSD/Backend-version-5.0/src/policies/policies.service.ts:106:20)
    at async PoliciesController.findOne (/Users/C9K4HN/Dev/Capstone-2/FSD/Backend-version-5.0/src/policies/policies.controller.ts:50:20)
2025-12-02 12:47:07 | ERROR | [HTTP-Error] | ✗ GET /api/claims/all | Error: No Claims Found | Duration: 8ms | User: 42 | Trace: NotFoundException: No Claims Found
    at ClaimsService.findAllClaims (/Users/C9K4HN/Dev/Capstone-2/FSD/Backend-version-5.0/src/claims/claims.service.ts:62:36)
    at process.processTicksAndRejections (node:internal/process/task_queues:105:5)
    at async ClaimsController.findAllClaims (/Users/C9K4HN/Dev/Capstone-2/FSD/Backend-version-5.0/src/claims/claims.controller.ts:43:12)
2025-12-02 12:47:07 | ERROR | [HTTP-Error] | ✗ GET /api/claims/all | Error: No Claims Found | Duration: 2ms | User: 42 | Trace: NotFoundException: No Claims Found
    at ClaimsService.findAllClaims (/Users/C9K4HN/Dev/Capstone-2/FSD/Backend-version-5.0/src/claims/claims.service.ts:62:36)
    at process.processTicksAndRejections (node:internal/process/task_queues:105:5)
    at async ClaimsController.findAllClaims (/Users/C9K4HN/Dev/Capstone-2/FSD/Backend-version-5.0/src/claims/claims.controller.ts:43:12)
2025-12-02 12:47:12 | ERROR | [HTTP-Error] | ✗ GET /api/policies/all | Error: NJS-105: value is not a number (NaN) and cannot be used in Oracle Database numbers | Duration: 1ms | User: 42 | Trace: QueryFailedError: NJS-105: value is not a number (NaN) and cannot be used in Oracle Database numbers
    at OracleQueryRunner.query (/Users/C9K4HN/Dev/Capstone-2/FSD/Backend-version-5.0/node_modules/typeorm/driver/src/driver/oracle/OracleQueryRunner.ts:299:19)
    at process.processTicksAndRejections (node:internal/process/task_queues:105:5)
    at async SelectQueryBuilder.loadRawResults (/Users/C9K4HN/Dev/Capstone-2/FSD/Backend-version-5.0/node_modules/typeorm/query-builder/src/query-builder/SelectQueryBuilder.ts:3868:25)
    at async SelectQueryBuilder.executeEntitiesAndRawResults (/Users/C9K4HN/Dev/Capstone-2/FSD/Backend-version-5.0/node_modules/typeorm/query-builder/src/query-builder/SelectQueryBuilder.ts:3614:26)
    at async SelectQueryBuilder.getRawAndEntities (/Users/C9K4HN/Dev/Capstone-2/FSD/Backend-version-5.0/node_modules/typeorm/query-builder/src/query-builder/SelectQueryBuilder.ts:1671:29)
    at async SelectQueryBuilder.getOne (/Users/C9K4HN/Dev/Capstone-2/FSD/Backend-version-5.0/node_modules/typeorm/query-builder/src/query-builder/SelectQueryBuilder.ts:1698:25)
    at async PoliciesService.findOne (/Users/C9K4HN/Dev/Capstone-2/FSD/Backend-version-5.0/src/policies/policies.service.ts:106:20)
    at async PoliciesController.findOne (/Users/C9K4HN/Dev/Capstone-2/FSD/Backend-version-5.0/src/policies/policies.controller.ts:50:20)
2025-12-02 12:47:12 | ERROR | [HTTP-Error] | ✗ GET /api/policies/all | Error: NJS-105: value is not a number (NaN) and cannot be used in Oracle Database numbers | Duration: 0ms | User: 42 | Trace: QueryFailedError: NJS-105: value is not a number (NaN) and cannot be used in Oracle Database numbers
    at OracleQueryRunner.query (/Users/C9K4HN/Dev/Capstone-2/FSD/Backend-version-5.0/node_modules/typeorm/driver/src/driver/oracle/OracleQueryRunner.ts:299:19)
    at process.processTicksAndRejections (node:internal/process/task_queues:105:5)
    at async SelectQueryBuilder.loadRawResults (/Users/C9K4HN/Dev/Capstone-2/FSD/Backend-version-5.0/node_modules/typeorm/query-builder/src/query-builder/SelectQueryBuilder.ts:3868:25)
    at async SelectQueryBuilder.executeEntitiesAndRawResults (/Users/C9K4HN/Dev/Capstone-2/FSD/Backend-version-5.0/node_modules/typeorm/query-builder/src/query-builder/SelectQueryBuilder.ts:3614:26)
    at async SelectQueryBuilder.getRawAndEntities (/Users/C9K4HN/Dev/Capstone-2/FSD/Backend-version-5.0/node_modules/typeorm/query-builder/src/query-builder/SelectQueryBuilder.ts:1671:29)
    at async SelectQueryBuilder.getOne (/Users/C9K4HN/Dev/Capstone-2/FSD/Backend-version-5.0/node_modules/typeorm/query-builder/src/query-builder/SelectQueryBuilder.ts:1698:25)
    at async PoliciesService.findOne (/Users/C9K4HN/Dev/Capstone-2/FSD/Backend-version-5.0/src/policies/policies.service.ts:106:20)
    at async PoliciesController.findOne (/Users/C9K4HN/Dev/Capstone-2/FSD/Backend-version-5.0/src/policies/policies.controller.ts:50:20)
2025-12-02 12:47:22 | ERROR | [HTTP-Error] | ✗ GET /api/claims/admin | Error: NJS-105: value is not a number (NaN) and cannot be used in Oracle Database numbers | Duration: 1ms | User: 42 | Trace: QueryFailedError: NJS-105: value is not a number (NaN) and cannot be used in Oracle Database numbers
    at OracleQueryRunner.query (/Users/C9K4HN/Dev/Capstone-2/FSD/Backend-version-5.0/node_modules/typeorm/driver/src/driver/oracle/OracleQueryRunner.ts:299:19)
    at process.processTicksAndRejections (node:internal/process/task_queues:105:5)
    at async SelectQueryBuilder.loadRawResults (/Users/C9K4HN/Dev/Capstone-2/FSD/Backend-version-5.0/node_modules/typeorm/query-builder/src/query-builder/SelectQueryBuilder.ts:3868:25)
    at async SelectQueryBuilder.executeEntitiesAndRawResults (/Users/C9K4HN/Dev/Capstone-2/FSD/Backend-version-5.0/node_modules/typeorm/query-builder/src/query-builder/SelectQueryBuilder.ts:3614:26)
    at async SelectQueryBuilder.getRawAndEntities (/Users/C9K4HN/Dev/Capstone-2/FSD/Backend-version-5.0/node_modules/typeorm/query-builder/src/query-builder/SelectQueryBuilder.ts:1671:29)
    at async SelectQueryBuilder.getOne (/Users/C9K4HN/Dev/Capstone-2/FSD/Backend-version-5.0/node_modules/typeorm/query-builder/src/query-builder/SelectQueryBuilder.ts:1698:25)
    at async ClaimsService.findOne (/Users/C9K4HN/Dev/Capstone-2/FSD/Backend-version-5.0/src/claims/claims.service.ts:54:19)
    at async ClaimsController.findOne (/Users/C9K4HN/Dev/Capstone-2/FSD/Backend-version-5.0/src/claims/claims.controller.ts:57:19)
2025-12-02 12:47:22 | ERROR | [HTTP-Error] | ✗ GET /api/claims/admin | Error: NJS-105: value is not a number (NaN) and cannot be used in Oracle Database numbers | Duration: 1ms | User: 42 | Trace: QueryFailedError: NJS-105: value is not a number (NaN) and cannot be used in Oracle Database numbers
    at OracleQueryRunner.query (/Users/C9K4HN/Dev/Capstone-2/FSD/Backend-version-5.0/node_modules/typeorm/driver/src/driver/oracle/OracleQueryRunner.ts:299:19)
    at process.processTicksAndRejections (node:internal/process/task_queues:105:5)
    at async SelectQueryBuilder.loadRawResults (/Users/C9K4HN/Dev/Capstone-2/FSD/Backend-version-5.0/node_modules/typeorm/query-builder/src/query-builder/SelectQueryBuilder.ts:3868:25)
    at async SelectQueryBuilder.executeEntitiesAndRawResults (/Users/C9K4HN/Dev/Capstone-2/FSD/Backend-version-5.0/node_modules/typeorm/query-builder/src/query-builder/SelectQueryBuilder.ts:3614:26)
    at async SelectQueryBuilder.getRawAndEntities (/Users/C9K4HN/Dev/Capstone-2/FSD/Backend-version-5.0/node_modules/typeorm/query-builder/src/query-builder/SelectQueryBuilder.ts:1671:29)
    at async SelectQueryBuilder.getOne (/Users/C9K4HN/Dev/Capstone-2/FSD/Backend-version-5.0/node_modules/typeorm/query-builder/src/query-builder/SelectQueryBuilder.ts:1698:25)
    at async ClaimsService.findOne (/Users/C9K4HN/Dev/Capstone-2/FSD/Backend-version-5.0/src/claims/claims.service.ts:54:19)
    at async ClaimsController.findOne (/Users/C9K4HN/Dev/Capstone-2/FSD/Backend-version-5.0/src/claims/claims.controller.ts:57:19)
2025-12-02 12:47:24 | ERROR | [HTTP-Error] | ✗ GET /api/policies/all | Error: NJS-105: value is not a number (NaN) and cannot be used in Oracle Database numbers | Duration: 1ms | User: 42 | Trace: QueryFailedError: NJS-105: value is not a number (NaN) and cannot be used in Oracle Database numbers
    at OracleQueryRunner.query (/Users/C9K4HN/Dev/Capstone-2/FSD/Backend-version-5.0/node_modules/typeorm/driver/src/driver/oracle/OracleQueryRunner.ts:299:19)
    at process.processTicksAndRejections (node:internal/process/task_queues:105:5)
    at async SelectQueryBuilder.loadRawResults (/Users/C9K4HN/Dev/Capstone-2/FSD/Backend-version-5.0/node_modules/typeorm/query-builder/src/query-builder/SelectQueryBuilder.ts:3868:25)
    at async SelectQueryBuilder.executeEntitiesAndRawResults (/Users/C9K4HN/Dev/Capstone-2/FSD/Backend-version-5.0/node_modules/typeorm/query-builder/src/query-builder/SelectQueryBuilder.ts:3614:26)
    at async SelectQueryBuilder.getRawAndEntities (/Users/C9K4HN/Dev/Capstone-2/FSD/Backend-version-5.0/node_modules/typeorm/query-builder/src/query-builder/SelectQueryBuilder.ts:1671:29)
    at async SelectQueryBuilder.getOne (/Users/C9K4HN/Dev/Capstone-2/FSD/Backend-version-5.0/node_modules/typeorm/query-builder/src/query-builder/SelectQueryBuilder.ts:1698:25)
    at async PoliciesService.findOne (/Users/C9K4HN/Dev/Capstone-2/FSD/Backend-version-5.0/src/policies/policies.service.ts:106:20)
    at async PoliciesController.findOne (/Users/C9K4HN/Dev/Capstone-2/FSD/Backend-version-5.0/src/policies/policies.controller.ts:50:20)
2025-12-02 12:47:24 | ERROR | [HTTP-Error] | ✗ GET /api/policies/all | Error: NJS-105: value is not a number (NaN) and cannot be used in Oracle Database numbers | Duration: 0ms | User: 42 | Trace: QueryFailedError: NJS-105: value is not a number (NaN) and cannot be used in Oracle Database numbers
    at OracleQueryRunner.query (/Users/C9K4HN/Dev/Capstone-2/FSD/Backend-version-5.0/node_modules/typeorm/driver/src/driver/oracle/OracleQueryRunner.ts:299:19)
    at process.processTicksAndRejections (node:internal/process/task_queues:105:5)
    at async SelectQueryBuilder.loadRawResults (/Users/C9K4HN/Dev/Capstone-2/FSD/Backend-version-5.0/node_modules/typeorm/query-builder/src/query-builder/SelectQueryBuilder.ts:3868:25)
    at async SelectQueryBuilder.executeEntitiesAndRawResults (/Users/C9K4HN/Dev/Capstone-2/FSD/Backend-version-5.0/node_modules/typeorm/query-builder/src/query-builder/SelectQueryBuilder.ts:3614:26)
    at async SelectQueryBuilder.getRawAndEntities (/Users/C9K4HN/Dev/Capstone-2/FSD/Backend-version-5.0/node_modules/typeorm/query-builder/src/query-builder/SelectQueryBuilder.ts:1671:29)
    at async SelectQueryBuilder.getOne (/Users/C9K4HN/Dev/Capstone-2/FSD/Backend-version-5.0/node_modules/typeorm/query-builder/src/query-builder/SelectQueryBuilder.ts:1698:25)
    at async PoliciesService.findOne (/Users/C9K4HN/Dev/Capstone-2/FSD/Backend-version-5.0/src/policies/policies.service.ts:106:20)
    at async PoliciesController.findOne (/Users/C9K4HN/Dev/Capstone-2/FSD/Backend-version-5.0/src/policies/policies.controller.ts:50:20)
2025-12-02 12:47:24 | ERROR | [HTTP-Error] | ✗ GET /api/claims/all | Error: No Claims Found | Duration: 6ms | User: 42 | Trace: NotFoundException: No Claims Found
    at ClaimsService.findAllClaims (/Users/C9K4HN/Dev/Capstone-2/FSD/Backend-version-5.0/src/claims/claims.service.ts:62:36)
    at process.processTicksAndRejections (node:internal/process/task_queues:105:5)
    at async ClaimsController.findAllClaims (/Users/C9K4HN/Dev/Capstone-2/FSD/Backend-version-5.0/src/claims/claims.controller.ts:43:12)
2025-12-02 12:47:24 | ERROR | [HTTP-Error] | ✗ GET /api/claims/all | Error: No Claims Found | Duration: 4ms | User: 42 | Trace: NotFoundException: No Claims Found
    at ClaimsService.findAllClaims (/Users/C9K4HN/Dev/Capstone-2/FSD/Backend-version-5.0/src/claims/claims.service.ts:62:36)
    at process.processTicksAndRejections (node:internal/process/task_queues:105:5)
    at async ClaimsController.findAllClaims (/Users/C9K4HN/Dev/Capstone-2/FSD/Backend-version-5.0/src/claims/claims.controller.ts:43:12)
2025-12-02 12:48:06 | ERROR | [HTTP-Error] | ✗ GET /api/policies/all | Error: NJS-105: value is not a number (NaN) and cannot be used in Oracle Database numbers | Duration: 1ms | User: 42 | Trace: QueryFailedError: NJS-105: value is not a number (NaN) and cannot be used in Oracle Database numbers
    at OracleQueryRunner.query (/Users/C9K4HN/Dev/Capstone-2/FSD/Backend-version-5.0/node_modules/typeorm/driver/src/driver/oracle/OracleQueryRunner.ts:299:19)
    at process.processTicksAndRejections (node:internal/process/task_queues:105:5)
    at async SelectQueryBuilder.loadRawResults (/Users/C9K4HN/Dev/Capstone-2/FSD/Backend-version-5.0/node_modules/typeorm/query-builder/src/query-builder/SelectQueryBuilder.ts:3868:25)
    at async SelectQueryBuilder.executeEntitiesAndRawResults (/Users/C9K4HN/Dev/Capstone-2/FSD/Backend-version-5.0/node_modules/typeorm/query-builder/src/query-builder/SelectQueryBuilder.ts:3614:26)
    at async SelectQueryBuilder.getRawAndEntities (/Users/C9K4HN/Dev/Capstone-2/FSD/Backend-version-5.0/node_modules/typeorm/query-builder/src/query-builder/SelectQueryBuilder.ts:1671:29)
    at async SelectQueryBuilder.getOne (/Users/C9K4HN/Dev/Capstone-2/FSD/Backend-version-5.0/node_modules/typeorm/query-builder/src/query-builder/SelectQueryBuilder.ts:1698:25)
    at async PoliciesService.findOne (/Users/C9K4HN/Dev/Capstone-2/FSD/Backend-version-5.0/src/policies/policies.service.ts:106:20)
    at async PoliciesController.findOne (/Users/C9K4HN/Dev/Capstone-2/FSD/Backend-version-5.0/src/policies/policies.controller.ts:50:20)
2025-12-02 12:48:06 | ERROR | [HTTP-Error] | ✗ GET /api/policies/all | Error: NJS-105: value is not a number (NaN) and cannot be used in Oracle Database numbers | Duration: 0ms | User: 42 | Trace: QueryFailedError: NJS-105: value is not a number (NaN) and cannot be used in Oracle Database numbers
    at OracleQueryRunner.query (/Users/C9K4HN/Dev/Capstone-2/FSD/Backend-version-5.0/node_modules/typeorm/driver/src/driver/oracle/OracleQueryRunner.ts:299:19)
    at process.processTicksAndRejections (node:internal/process/task_queues:105:5)
    at async SelectQueryBuilder.loadRawResults (/Users/C9K4HN/Dev/Capstone-2/FSD/Backend-version-5.0/node_modules/typeorm/query-builder/src/query-builder/SelectQueryBuilder.ts:3868:25)
    at async SelectQueryBuilder.executeEntitiesAndRawResults (/Users/C9K4HN/Dev/Capstone-2/FSD/Backend-version-5.0/node_modules/typeorm/query-builder/src/query-builder/SelectQueryBuilder.ts:3614:26)
    at async SelectQueryBuilder.getRawAndEntities (/Users/C9K4HN/Dev/Capstone-2/FSD/Backend-version-5.0/node_modules/typeorm/query-builder/src/query-builder/SelectQueryBuilder.ts:1671:29)
    at async SelectQueryBuilder.getOne (/Users/C9K4HN/Dev/Capstone-2/FSD/Backend-version-5.0/node_modules/typeorm/query-builder/src/query-builder/SelectQueryBuilder.ts:1698:25)
    at async PoliciesService.findOne (/Users/C9K4HN/Dev/Capstone-2/FSD/Backend-version-5.0/src/policies/policies.service.ts:106:20)
    at async PoliciesController.findOne (/Users/C9K4HN/Dev/Capstone-2/FSD/Backend-version-5.0/src/policies/policies.controller.ts:50:20)
2025-12-02 12:48:06 | ERROR | [HTTP-Error] | ✗ GET /api/claims/all | Error: No Claims Found | Duration: 5ms | User: 42 | Trace: NotFoundException: No Claims Found
    at ClaimsService.findAllClaims (/Users/C9K4HN/Dev/Capstone-2/FSD/Backend-version-5.0/src/claims/claims.service.ts:62:36)
    at process.processTicksAndRejections (node:internal/process/task_queues:105:5)
    at async ClaimsController.findAllClaims (/Users/C9K4HN/Dev/Capstone-2/FSD/Backend-version-5.0/src/claims/claims.controller.ts:43:12)
2025-12-02 12:48:06 | ERROR | [HTTP-Error] | ✗ GET /api/claims/all | Error: No Claims Found | Duration: 4ms | User: 42 | Trace: NotFoundException: No Claims Found
    at ClaimsService.findAllClaims (/Users/C9K4HN/Dev/Capstone-2/FSD/Backend-version-5.0/src/claims/claims.service.ts:62:36)
    at process.processTicksAndRejections (node:internal/process/task_queues:105:5)
    at async ClaimsController.findAllClaims (/Users/C9K4HN/Dev/Capstone-2/FSD/Backend-version-5.0/src/claims/claims.controller.ts:43:12)
2025-12-02 13:18:39 | ERROR | [HTTP-Error] | ✗ GET /api/claims/admin | Error: NJS-105: value is not a number (NaN) and cannot be used in Oracle Database numbers | Duration: 1ms | User: 42 | Trace: QueryFailedError: NJS-105: value is not a number (NaN) and cannot be used in Oracle Database numbers
    at OracleQueryRunner.query (/Users/C9K4HN/Downloads/Latest/Backend-version-5.0/node_modules/typeorm/driver/src/driver/oracle/OracleQueryRunner.ts:299:19)
    at process.processTicksAndRejections (node:internal/process/task_queues:105:5)
    at async SelectQueryBuilder.loadRawResults (/Users/C9K4HN/Downloads/Latest/Backend-version-5.0/node_modules/typeorm/query-builder/src/query-builder/SelectQueryBuilder.ts:3868:25)
    at async SelectQueryBuilder.executeEntitiesAndRawResults (/Users/C9K4HN/Downloads/Latest/Backend-version-5.0/node_modules/typeorm/query-builder/src/query-builder/SelectQueryBuilder.ts:3614:26)
    at async SelectQueryBuilder.getRawAndEntities (/Users/C9K4HN/Downloads/Latest/Backend-version-5.0/node_modules/typeorm/query-builder/src/query-builder/SelectQueryBuilder.ts:1671:29)
    at async SelectQueryBuilder.getOne (/Users/C9K4HN/Downloads/Latest/Backend-version-5.0/node_modules/typeorm/query-builder/src/query-builder/SelectQueryBuilder.ts:1698:25)
    at async ClaimsService.findOne (/Users/C9K4HN/Downloads/Latest/Backend-version-5.0/src/claims/claims.service.ts:54:19)
    at async ClaimsController.findOne (/Users/C9K4HN/Downloads/Latest/Backend-version-5.0/src/claims/claims.controller.ts:57:19)
2025-12-02 13:18:39 | ERROR | [HTTP-Error] | ✗ GET /api/policies/admin | Error: NJS-105: value is not a number (NaN) and cannot be used in Oracle Database numbers | Duration: 0ms | User: 42 | Trace: QueryFailedError: NJS-105: value is not a number (NaN) and cannot be used in Oracle Database numbers
    at OracleQueryRunner.query (/Users/C9K4HN/Downloads/Latest/Backend-version-5.0/node_modules/typeorm/driver/src/driver/oracle/OracleQueryRunner.ts:299:19)
    at process.processTicksAndRejections (node:internal/process/task_queues:105:5)
    at async SelectQueryBuilder.loadRawResults (/Users/C9K4HN/Downloads/Latest/Backend-version-5.0/node_modules/typeorm/query-builder/src/query-builder/SelectQueryBuilder.ts:3868:25)
    at async SelectQueryBuilder.executeEntitiesAndRawResults (/Users/C9K4HN/Downloads/Latest/Backend-version-5.0/node_modules/typeorm/query-builder/src/query-builder/SelectQueryBuilder.ts:3614:26)
    at async SelectQueryBuilder.getRawAndEntities (/Users/C9K4HN/Downloads/Latest/Backend-version-5.0/node_modules/typeorm/query-builder/src/query-builder/SelectQueryBuilder.ts:1671:29)
    at async SelectQueryBuilder.getOne (/Users/C9K4HN/Downloads/Latest/Backend-version-5.0/node_modules/typeorm/query-builder/src/query-builder/SelectQueryBuilder.ts:1698:25)
    at async PoliciesService.findOne (/Users/C9K4HN/Downloads/Latest/Backend-version-5.0/src/policies/policies.service.ts:106:20)
    at async PoliciesController.findOne (/Users/C9K4HN/Downloads/Latest/Backend-version-5.0/src/policies/policies.controller.ts:50:20)
2025-12-02 13:18:39 | ERROR | [HTTP-Error] | ✗ GET /api/users/admin | Error: NJS-105: value is not a number (NaN) and cannot be used in Oracle Database numbers | Duration: 0ms | User: 42 | Trace: QueryFailedError: NJS-105: value is not a number (NaN) and cannot be used in Oracle Database numbers
    at OracleQueryRunner.query (/Users/C9K4HN/Downloads/Latest/Backend-version-5.0/node_modules/typeorm/driver/src/driver/oracle/OracleQueryRunner.ts:299:19)
    at process.processTicksAndRejections (node:internal/process/task_queues:105:5)
    at async SelectQueryBuilder.loadRawResults (/Users/C9K4HN/Downloads/Latest/Backend-version-5.0/node_modules/typeorm/query-builder/src/query-builder/SelectQueryBuilder.ts:3868:25)
    at async SelectQueryBuilder.executeEntitiesAndRawResults (/Users/C9K4HN/Downloads/Latest/Backend-version-5.0/node_modules/typeorm/query-builder/src/query-builder/SelectQueryBuilder.ts:3614:26)
    at async SelectQueryBuilder.getRawAndEntities (/Users/C9K4HN/Downloads/Latest/Backend-version-5.0/node_modules/typeorm/query-builder/src/query-builder/SelectQueryBuilder.ts:1671:29)
    at async SelectQueryBuilder.getOne (/Users/C9K4HN/Downloads/Latest/Backend-version-5.0/node_modules/typeorm/query-builder/src/query-builder/SelectQueryBuilder.ts:1698:25)
    at async UsersService.findOne (/Users/C9K4HN/Downloads/Latest/Backend-version-5.0/src/users/users.service.ts:45:18)
    at async UsersController.findOne (/Users/C9K4HN/Downloads/Latest/Backend-version-5.0/src/users/users.controller.ts:33:18)
2025-12-02 13:18:39 | ERROR | [HTTP-Error] | ✗ GET /api/claims/admin | Error: NJS-105: value is not a number (NaN) and cannot be used in Oracle Database numbers | Duration: 1ms | User: 42 | Trace: QueryFailedError: NJS-105: value is not a number (NaN) and cannot be used in Oracle Database numbers
    at OracleQueryRunner.query (/Users/C9K4HN/Downloads/Latest/Backend-version-5.0/node_modules/typeorm/driver/src/driver/oracle/OracleQueryRunner.ts:299:19)
    at process.processTicksAndRejections (node:internal/process/task_queues:105:5)
    at async SelectQueryBuilder.loadRawResults (/Users/C9K4HN/Downloads/Latest/Backend-version-5.0/node_modules/typeorm/query-builder/src/query-builder/SelectQueryBuilder.ts:3868:25)
    at async SelectQueryBuilder.executeEntitiesAndRawResults (/Users/C9K4HN/Downloads/Latest/Backend-version-5.0/node_modules/typeorm/query-builder/src/query-builder/SelectQueryBuilder.ts:3614:26)
    at async SelectQueryBuilder.getRawAndEntities (/Users/C9K4HN/Downloads/Latest/Backend-version-5.0/node_modules/typeorm/query-builder/src/query-builder/SelectQueryBuilder.ts:1671:29)
    at async SelectQueryBuilder.getOne (/Users/C9K4HN/Downloads/Latest/Backend-version-5.0/node_modules/typeorm/query-builder/src/query-builder/SelectQueryBuilder.ts:1698:25)
    at async ClaimsService.findOne (/Users/C9K4HN/Downloads/Latest/Backend-version-5.0/src/claims/claims.service.ts:54:19)
    at async ClaimsController.findOne (/Users/C9K4HN/Downloads/Latest/Backend-version-5.0/src/claims/claims.controller.ts:57:19)
2025-12-02 13:18:39 | ERROR | [HTTP-Error] | ✗ GET /api/users/admin | Error: NJS-105: value is not a number (NaN) and cannot be used in Oracle Database numbers | Duration: 1ms | User: 42 | Trace: QueryFailedError: NJS-105: value is not a number (NaN) and cannot be used in Oracle Database numbers
    at OracleQueryRunner.query (/Users/C9K4HN/Downloads/Latest/Backend-version-5.0/node_modules/typeorm/driver/src/driver/oracle/OracleQueryRunner.ts:299:19)
    at process.processTicksAndRejections (node:internal/process/task_queues:105:5)
    at async SelectQueryBuilder.loadRawResults (/Users/C9K4HN/Downloads/Latest/Backend-version-5.0/node_modules/typeorm/query-builder/src/query-builder/SelectQueryBuilder.ts:3868:25)
    at async SelectQueryBuilder.executeEntitiesAndRawResults (/Users/C9K4HN/Downloads/Latest/Backend-version-5.0/node_modules/typeorm/query-builder/src/query-builder/SelectQueryBuilder.ts:3614:26)
    at async SelectQueryBuilder.getRawAndEntities (/Users/C9K4HN/Downloads/Latest/Backend-version-5.0/node_modules/typeorm/query-builder/src/query-builder/SelectQueryBuilder.ts:1671:29)
    at async SelectQueryBuilder.getOne (/Users/C9K4HN/Downloads/Latest/Backend-version-5.0/node_modules/typeorm/query-builder/src/query-builder/SelectQueryBuilder.ts:1698:25)
    at async UsersService.findOne (/Users/C9K4HN/Downloads/Latest/Backend-version-5.0/src/users/users.service.ts:45:18)
    at async UsersController.findOne (/Users/C9K4HN/Downloads/Latest/Backend-version-5.0/src/users/users.controller.ts:33:18)
2025-12-02 13:18:39 | ERROR | [HTTP-Error] | ✗ GET /api/policies/admin | Error: NJS-105: value is not a number (NaN) and cannot be used in Oracle Database numbers | Duration: 2ms | User: 42 | Trace: QueryFailedError: NJS-105: value is not a number (NaN) and cannot be used in Oracle Database numbers
    at OracleQueryRunner.query (/Users/C9K4HN/Downloads/Latest/Backend-version-5.0/node_modules/typeorm/driver/src/driver/oracle/OracleQueryRunner.ts:299:19)
    at process.processTicksAndRejections (node:internal/process/task_queues:105:5)
    at async SelectQueryBuilder.loadRawResults (/Users/C9K4HN/Downloads/Latest/Backend-version-5.0/node_modules/typeorm/query-builder/src/query-builder/SelectQueryBuilder.ts:3868:25)
    at async SelectQueryBuilder.executeEntitiesAndRawResults (/Users/C9K4HN/Downloads/Latest/Backend-version-5.0/node_modules/typeorm/query-builder/src/query-builder/SelectQueryBuilder.ts:3614:26)
    at async SelectQueryBuilder.getRawAndEntities (/Users/C9K4HN/Downloads/Latest/Backend-version-5.0/node_modules/typeorm/query-builder/src/query-builder/SelectQueryBuilder.ts:1671:29)
    at async SelectQueryBuilder.getOne (/Users/C9K4HN/Downloads/Latest/Backend-version-5.0/node_modules/typeorm/query-builder/src/query-builder/SelectQueryBuilder.ts:1698:25)
    at async PoliciesService.findOne (/Users/C9K4HN/Downloads/Latest/Backend-version-5.0/src/policies/policies.service.ts:106:20)
    at async PoliciesController.findOne (/Users/C9K4HN/Downloads/Latest/Backend-version-5.0/src/policies/policies.controller.ts:50:20)
2025-12-02 13:18:57 | ERROR | [HTTP-Error] | ✗ GET /api/users/admin | Error: NJS-105: value is not a number (NaN) and cannot be used in Oracle Database numbers | Duration: 1ms | User: 42 | Trace: QueryFailedError: NJS-105: value is not a number (NaN) and cannot be used in Oracle Database numbers
    at OracleQueryRunner.query (/Users/C9K4HN/Downloads/Latest/Backend-version-5.0/node_modules/typeorm/driver/src/driver/oracle/OracleQueryRunner.ts:299:19)
    at process.processTicksAndRejections (node:internal/process/task_queues:105:5)
    at async SelectQueryBuilder.loadRawResults (/Users/C9K4HN/Downloads/Latest/Backend-version-5.0/node_modules/typeorm/query-builder/src/query-builder/SelectQueryBuilder.ts:3868:25)
    at async SelectQueryBuilder.executeEntitiesAndRawResults (/Users/C9K4HN/Downloads/Latest/Backend-version-5.0/node_modules/typeorm/query-builder/src/query-builder/SelectQueryBuilder.ts:3614:26)
    at async SelectQueryBuilder.getRawAndEntities (/Users/C9K4HN/Downloads/Latest/Backend-version-5.0/node_modules/typeorm/query-builder/src/query-builder/SelectQueryBuilder.ts:1671:29)
    at async SelectQueryBuilder.getOne (/Users/C9K4HN/Downloads/Latest/Backend-version-5.0/node_modules/typeorm/query-builder/src/query-builder/SelectQueryBuilder.ts:1698:25)
    at async UsersService.findOne (/Users/C9K4HN/Downloads/Latest/Backend-version-5.0/src/users/users.service.ts:45:18)
    at async UsersController.findOne (/Users/C9K4HN/Downloads/Latest/Backend-version-5.0/src/users/users.controller.ts:33:18)
2025-12-02 13:18:57 | ERROR | [HTTP-Error] | ✗ GET /api/policies/admin | Error: NJS-105: value is not a number (NaN) and cannot be used in Oracle Database numbers | Duration: 1ms | User: 42 | Trace: QueryFailedError: NJS-105: value is not a number (NaN) and cannot be used in Oracle Database numbers
    at OracleQueryRunner.query (/Users/C9K4HN/Downloads/Latest/Backend-version-5.0/node_modules/typeorm/driver/src/driver/oracle/OracleQueryRunner.ts:299:19)
    at process.processTicksAndRejections (node:internal/process/task_queues:105:5)
    at async SelectQueryBuilder.loadRawResults (/Users/C9K4HN/Downloads/Latest/Backend-version-5.0/node_modules/typeorm/query-builder/src/query-builder/SelectQueryBuilder.ts:3868:25)
    at async SelectQueryBuilder.executeEntitiesAndRawResults (/Users/C9K4HN/Downloads/Latest/Backend-version-5.0/node_modules/typeorm/query-builder/src/query-builder/SelectQueryBuilder.ts:3614:26)
    at async SelectQueryBuilder.getRawAndEntities (/Users/C9K4HN/Downloads/Latest/Backend-version-5.0/node_modules/typeorm/query-builder/src/query-builder/SelectQueryBuilder.ts:1671:29)
    at async SelectQueryBuilder.getOne (/Users/C9K4HN/Downloads/Latest/Backend-version-5.0/node_modules/typeorm/query-builder/src/query-builder/SelectQueryBuilder.ts:1698:25)
    at async PoliciesService.findOne (/Users/C9K4HN/Downloads/Latest/Backend-version-5.0/src/policies/policies.service.ts:106:20)
    at async PoliciesController.findOne (/Users/C9K4HN/Downloads/Latest/Backend-version-5.0/src/policies/policies.controller.ts:50:20)
2025-12-02 13:18:57 | ERROR | [HTTP-Error] | ✗ GET /api/claims/admin | Error: NJS-105: value is not a number (NaN) and cannot be used in Oracle Database numbers | Duration: 1ms | User: 42 | Trace: QueryFailedError: NJS-105: value is not a number (NaN) and cannot be used in Oracle Database numbers
    at OracleQueryRunner.query (/Users/C9K4HN/Downloads/Latest/Backend-version-5.0/node_modules/typeorm/driver/src/driver/oracle/OracleQueryRunner.ts:299:19)
    at process.processTicksAndRejections (node:internal/process/task_queues:105:5)
    at async SelectQueryBuilder.loadRawResults (/Users/C9K4HN/Downloads/Latest/Backend-version-5.0/node_modules/typeorm/query-builder/src/query-builder/SelectQueryBuilder.ts:3868:25)
    at async SelectQueryBuilder.executeEntitiesAndRawResults (/Users/C9K4HN/Downloads/Latest/Backend-version-5.0/node_modules/typeorm/query-builder/src/query-builder/SelectQueryBuilder.ts:3614:26)
    at async SelectQueryBuilder.getRawAndEntities (/Users/C9K4HN/Downloads/Latest/Backend-version-5.0/node_modules/typeorm/query-builder/src/query-builder/SelectQueryBuilder.ts:1671:29)
    at async SelectQueryBuilder.getOne (/Users/C9K4HN/Downloads/Latest/Backend-version-5.0/node_modules/typeorm/query-builder/src/query-builder/SelectQueryBuilder.ts:1698:25)
    at async ClaimsService.findOne (/Users/C9K4HN/Downloads/Latest/Backend-version-5.0/src/claims/claims.service.ts:54:19)
    at async ClaimsController.findOne (/Users/C9K4HN/Downloads/Latest/Backend-version-5.0/src/claims/claims.controller.ts:57:19)
2025-12-02 13:18:57 | ERROR | [HTTP-Error] | ✗ GET /api/users/admin | Error: NJS-105: value is not a number (NaN) and cannot be used in Oracle Database numbers | Duration: 0ms | User: 42 | Trace: QueryFailedError: NJS-105: value is not a number (NaN) and cannot be used in Oracle Database numbers
    at OracleQueryRunner.query (/Users/C9K4HN/Downloads/Latest/Backend-version-5.0/node_modules/typeorm/driver/src/driver/oracle/OracleQueryRunner.ts:299:19)
    at process.processTicksAndRejections (node:internal/process/task_queues:105:5)
    at async SelectQueryBuilder.loadRawResults (/Users/C9K4HN/Downloads/Latest/Backend-version-5.0/node_modules/typeorm/query-builder/src/query-builder/SelectQueryBuilder.ts:3868:25)
    at async SelectQueryBuilder.executeEntitiesAndRawResults (/Users/C9K4HN/Downloads/Latest/Backend-version-5.0/node_modules/typeorm/query-builder/src/query-builder/SelectQueryBuilder.ts:3614:26)
    at async SelectQueryBuilder.getRawAndEntities (/Users/C9K4HN/Downloads/Latest/Backend-version-5.0/node_modules/typeorm/query-builder/src/query-builder/SelectQueryBuilder.ts:1671:29)
    at async SelectQueryBuilder.getOne (/Users/C9K4HN/Downloads/Latest/Backend-version-5.0/node_modules/typeorm/query-builder/src/query-builder/SelectQueryBuilder.ts:1698:25)
    at async UsersService.findOne (/Users/C9K4HN/Downloads/Latest/Backend-version-5.0/src/users/users.service.ts:45:18)
    at async UsersController.findOne (/Users/C9K4HN/Downloads/Latest/Backend-version-5.0/src/users/users.controller.ts:33:18)
2025-12-02 13:18:57 | ERROR | [HTTP-Error] | ✗ GET /api/policies/admin | Error: NJS-105: value is not a number (NaN) and cannot be used in Oracle Database numbers | Duration: 1ms | User: 42 | Trace: QueryFailedError: NJS-105: value is not a number (NaN) and cannot be used in Oracle Database numbers
    at OracleQueryRunner.query (/Users/C9K4HN/Downloads/Latest/Backend-version-5.0/node_modules/typeorm/driver/src/driver/oracle/OracleQueryRunner.ts:299:19)
    at process.processTicksAndRejections (node:internal/process/task_queues:105:5)
    at async SelectQueryBuilder.loadRawResults (/Users/C9K4HN/Downloads/Latest/Backend-version-5.0/node_modules/typeorm/query-builder/src/query-builder/SelectQueryBuilder.ts:3868:25)
    at async SelectQueryBuilder.executeEntitiesAndRawResults (/Users/C9K4HN/Downloads/Latest/Backend-version-5.0/node_modules/typeorm/query-builder/src/query-builder/SelectQueryBuilder.ts:3614:26)
    at async SelectQueryBuilder.getRawAndEntities (/Users/C9K4HN/Downloads/Latest/Backend-version-5.0/node_modules/typeorm/query-builder/src/query-builder/SelectQueryBuilder.ts:1671:29)
    at async SelectQueryBuilder.getOne (/Users/C9K4HN/Downloads/Latest/Backend-version-5.0/node_modules/typeorm/query-builder/src/query-builder/SelectQueryBuilder.ts:1698:25)
    at async PoliciesService.findOne (/Users/C9K4HN/Downloads/Latest/Backend-version-5.0/src/policies/policies.service.ts:106:20)
    at async PoliciesController.findOne (/Users/C9K4HN/Downloads/Latest/Backend-version-5.0/src/policies/policies.controller.ts:50:20)
2025-12-02 13:18:57 | ERROR | [HTTP-Error] | ✗ GET /api/claims/admin | Error: NJS-105: value is not a number (NaN) and cannot be used in Oracle Database numbers | Duration: 1ms | User: 42 | Trace: QueryFailedError: NJS-105: value is not a number (NaN) and cannot be used in Oracle Database numbers
    at OracleQueryRunner.query (/Users/C9K4HN/Downloads/Latest/Backend-version-5.0/node_modules/typeorm/driver/src/driver/oracle/OracleQueryRunner.ts:299:19)
    at process.processTicksAndRejections (node:internal/process/task_queues:105:5)
    at async SelectQueryBuilder.loadRawResults (/Users/C9K4HN/Downloads/Latest/Backend-version-5.0/node_modules/typeorm/query-builder/src/query-builder/SelectQueryBuilder.ts:3868:25)
    at async SelectQueryBuilder.executeEntitiesAndRawResults (/Users/C9K4HN/Downloads/Latest/Backend-version-5.0/node_modules/typeorm/query-builder/src/query-builder/SelectQueryBuilder.ts:3614:26)
    at async SelectQueryBuilder.getRawAndEntities (/Users/C9K4HN/Downloads/Latest/Backend-version-5.0/node_modules/typeorm/query-builder/src/query-builder/SelectQueryBuilder.ts:1671:29)
    at async SelectQueryBuilder.getOne (/Users/C9K4HN/Downloads/Latest/Backend-version-5.0/node_modules/typeorm/query-builder/src/query-builder/SelectQueryBuilder.ts:1698:25)
    at async ClaimsService.findOne (/Users/C9K4HN/Downloads/Latest/Backend-version-5.0/src/claims/claims.service.ts:54:19)
    at async ClaimsController.findOne (/Users/C9K4HN/Downloads/Latest/Backend-version-5.0/src/claims/claims.controller.ts:57:19)
2025-12-02 13:19:02 | ERROR | [HTTP-Error] | ✗ GET /api/policies/admin | Error: NJS-105: value is not a number (NaN) and cannot be used in Oracle Database numbers | Duration: 1ms | User: 42 | Trace: QueryFailedError: NJS-105: value is not a number (NaN) and cannot be used in Oracle Database numbers
    at OracleQueryRunner.query (/Users/C9K4HN/Downloads/Latest/Backend-version-5.0/node_modules/typeorm/driver/src/driver/oracle/OracleQueryRunner.ts:299:19)
    at process.processTicksAndRejections (node:internal/process/task_queues:105:5)
    at async SelectQueryBuilder.loadRawResults (/Users/C9K4HN/Downloads/Latest/Backend-version-5.0/node_modules/typeorm/query-builder/src/query-builder/SelectQueryBuilder.ts:3868:25)
    at async SelectQueryBuilder.executeEntitiesAndRawResults (/Users/C9K4HN/Downloads/Latest/Backend-version-5.0/node_modules/typeorm/query-builder/src/query-builder/SelectQueryBuilder.ts:3614:26)
    at async SelectQueryBuilder.getRawAndEntities (/Users/C9K4HN/Downloads/Latest/Backend-version-5.0/node_modules/typeorm/query-builder/src/query-builder/SelectQueryBuilder.ts:1671:29)
    at async SelectQueryBuilder.getOne (/Users/C9K4HN/Downloads/Latest/Backend-version-5.0/node_modules/typeorm/query-builder/src/query-builder/SelectQueryBuilder.ts:1698:25)
    at async PoliciesService.findOne (/Users/C9K4HN/Downloads/Latest/Backend-version-5.0/src/policies/policies.service.ts:106:20)
    at async PoliciesController.findOne (/Users/C9K4HN/Downloads/Latest/Backend-version-5.0/src/policies/policies.controller.ts:50:20)
2025-12-02 13:19:02 | ERROR | [HTTP-Error] | ✗ GET /api/policies/admin | Error: NJS-105: value is not a number (NaN) and cannot be used in Oracle Database numbers | Duration: 1ms | User: 42 | Trace: QueryFailedError: NJS-105: value is not a number (NaN) and cannot be used in Oracle Database numbers
    at OracleQueryRunner.query (/Users/C9K4HN/Downloads/Latest/Backend-version-5.0/node_modules/typeorm/driver/src/driver/oracle/OracleQueryRunner.ts:299:19)
    at process.processTicksAndRejections (node:internal/process/task_queues:105:5)
    at async SelectQueryBuilder.loadRawResults (/Users/C9K4HN/Downloads/Latest/Backend-version-5.0/node_modules/typeorm/query-builder/src/query-builder/SelectQueryBuilder.ts:3868:25)
    at async SelectQueryBuilder.executeEntitiesAndRawResults (/Users/C9K4HN/Downloads/Latest/Backend-version-5.0/node_modules/typeorm/query-builder/src/query-builder/SelectQueryBuilder.ts:3614:26)
    at async SelectQueryBuilder.getRawAndEntities (/Users/C9K4HN/Downloads/Latest/Backend-version-5.0/node_modules/typeorm/query-builder/src/query-builder/SelectQueryBuilder.ts:1671:29)
    at async SelectQueryBuilder.getOne (/Users/C9K4HN/Downloads/Latest/Backend-version-5.0/node_modules/typeorm/query-builder/src/query-builder/SelectQueryBuilder.ts:1698:25)
    at async PoliciesService.findOne (/Users/C9K4HN/Downloads/Latest/Backend-version-5.0/src/policies/policies.service.ts:106:20)
    at async PoliciesController.findOne (/Users/C9K4HN/Downloads/Latest/Backend-version-5.0/src/policies/policies.controller.ts:50:20)
2025-12-02 13:19:03 | ERROR | [HTTP-Error] | ✗ GET /api/claims/admin | Error: NJS-105: value is not a number (NaN) and cannot be used in Oracle Database numbers | Duration: 2ms | User: 42 | Trace: QueryFailedError: NJS-105: value is not a number (NaN) and cannot be used in Oracle Database numbers
    at OracleQueryRunner.query (/Users/C9K4HN/Downloads/Latest/Backend-version-5.0/node_modules/typeorm/driver/src/driver/oracle/OracleQueryRunner.ts:299:19)
    at process.processTicksAndRejections (node:internal/process/task_queues:105:5)
    at async SelectQueryBuilder.loadRawResults (/Users/C9K4HN/Downloads/Latest/Backend-version-5.0/node_modules/typeorm/query-builder/src/query-builder/SelectQueryBuilder.ts:3868:25)
    at async SelectQueryBuilder.executeEntitiesAndRawResults (/Users/C9K4HN/Downloads/Latest/Backend-version-5.0/node_modules/typeorm/query-builder/src/query-builder/SelectQueryBuilder.ts:3614:26)
    at async SelectQueryBuilder.getRawAndEntities (/Users/C9K4HN/Downloads/Latest/Backend-version-5.0/node_modules/typeorm/query-builder/src/query-builder/SelectQueryBuilder.ts:1671:29)
    at async SelectQueryBuilder.getOne (/Users/C9K4HN/Downloads/Latest/Backend-version-5.0/node_modules/typeorm/query-builder/src/query-builder/SelectQueryBuilder.ts:1698:25)
    at async ClaimsService.findOne (/Users/C9K4HN/Downloads/Latest/Backend-version-5.0/src/claims/claims.service.ts:54:19)
    at async ClaimsController.findOne (/Users/C9K4HN/Downloads/Latest/Backend-version-5.0/src/claims/claims.controller.ts:57:19)
2025-12-02 13:19:03 | ERROR | [HTTP-Error] | ✗ GET /api/claims/admin | Error: NJS-105: value is not a number (NaN) and cannot be used in Oracle Database numbers | Duration: 1ms | User: 42 | Trace: QueryFailedError: NJS-105: value is not a number (NaN) and cannot be used in Oracle Database numbers
    at OracleQueryRunner.query (/Users/C9K4HN/Downloads/Latest/Backend-version-5.0/node_modules/typeorm/driver/src/driver/oracle/OracleQueryRunner.ts:299:19)
    at process.processTicksAndRejections (node:internal/process/task_queues:105:5)
    at async SelectQueryBuilder.loadRawResults (/Users/C9K4HN/Downloads/Latest/Backend-version-5.0/node_modules/typeorm/query-builder/src/query-builder/SelectQueryBuilder.ts:3868:25)
    at async SelectQueryBuilder.executeEntitiesAndRawResults (/Users/C9K4HN/Downloads/Latest/Backend-version-5.0/node_modules/typeorm/query-builder/src/query-builder/SelectQueryBuilder.ts:3614:26)
    at async SelectQueryBuilder.getRawAndEntities (/Users/C9K4HN/Downloads/Latest/Backend-version-5.0/node_modules/typeorm/query-builder/src/query-builder/SelectQueryBuilder.ts:1671:29)
    at async SelectQueryBuilder.getOne (/Users/C9K4HN/Downloads/Latest/Backend-version-5.0/node_modules/typeorm/query-builder/src/query-builder/SelectQueryBuilder.ts:1698:25)
    at async ClaimsService.findOne (/Users/C9K4HN/Downloads/Latest/Backend-version-5.0/src/claims/claims.service.ts:54:19)
    at async ClaimsController.findOne (/Users/C9K4HN/Downloads/Latest/Backend-version-5.0/src/claims/claims.controller.ts:57:19)
2025-12-02 13:19:04 | ERROR | [HTTP-Error] | ✗ GET /api/claims/admin | Error: NJS-105: value is not a number (NaN) and cannot be used in Oracle Database numbers | Duration: 0ms | User: 42 | Trace: QueryFailedError: NJS-105: value is not a number (NaN) and cannot be used in Oracle Database numbers
    at OracleQueryRunner.query (/Users/C9K4HN/Downloads/Latest/Backend-version-5.0/node_modules/typeorm/driver/src/driver/oracle/OracleQueryRunner.ts:299:19)
    at process.processTicksAndRejections (node:internal/process/task_queues:105:5)
    at async SelectQueryBuilder.loadRawResults (/Users/C9K4HN/Downloads/Latest/Backend-version-5.0/node_modules/typeorm/query-builder/src/query-builder/SelectQueryBuilder.ts:3868:25)
    at async SelectQueryBuilder.executeEntitiesAndRawResults (/Users/C9K4HN/Downloads/Latest/Backend-version-5.0/node_modules/typeorm/query-builder/src/query-builder/SelectQueryBuilder.ts:3614:26)
    at async SelectQueryBuilder.getRawAndEntities (/Users/C9K4HN/Downloads/Latest/Backend-version-5.0/node_modules/typeorm/query-builder/src/query-builder/SelectQueryBuilder.ts:1671:29)
    at async SelectQueryBuilder.getOne (/Users/C9K4HN/Downloads/Latest/Backend-version-5.0/node_modules/typeorm/query-builder/src/query-builder/SelectQueryBuilder.ts:1698:25)
    at async ClaimsService.findOne (/Users/C9K4HN/Downloads/Latest/Backend-version-5.0/src/claims/claims.service.ts:54:19)
    at async ClaimsController.findOne (/Users/C9K4HN/Downloads/Latest/Backend-version-5.0/src/claims/claims.controller.ts:57:19)
2025-12-02 13:19:04 | ERROR | [HTTP-Error] | ✗ GET /api/users/admin | Error: NJS-105: value is not a number (NaN) and cannot be used in Oracle Database numbers | Duration: 1ms | User: 42 | Trace: QueryFailedError: NJS-105: value is not a number (NaN) and cannot be used in Oracle Database numbers
    at OracleQueryRunner.query (/Users/C9K4HN/Downloads/Latest/Backend-version-5.0/node_modules/typeorm/driver/src/driver/oracle/OracleQueryRunner.ts:299:19)
    at process.processTicksAndRejections (node:internal/process/task_queues:105:5)
    at async SelectQueryBuilder.loadRawResults (/Users/C9K4HN/Downloads/Latest/Backend-version-5.0/node_modules/typeorm/query-builder/src/query-builder/SelectQueryBuilder.ts:3868:25)
    at async SelectQueryBuilder.executeEntitiesAndRawResults (/Users/C9K4HN/Downloads/Latest/Backend-version-5.0/node_modules/typeorm/query-builder/src/query-builder/SelectQueryBuilder.ts:3614:26)
    at async SelectQueryBuilder.getRawAndEntities (/Users/C9K4HN/Downloads/Latest/Backend-version-5.0/node_modules/typeorm/query-builder/src/query-builder/SelectQueryBuilder.ts:1671:29)
    at async SelectQueryBuilder.getOne (/Users/C9K4HN/Downloads/Latest/Backend-version-5.0/node_modules/typeorm/query-builder/src/query-builder/SelectQueryBuilder.ts:1698:25)
    at async UsersService.findOne (/Users/C9K4HN/Downloads/Latest/Backend-version-5.0/src/users/users.service.ts:45:18)
    at async UsersController.findOne (/Users/C9K4HN/Downloads/Latest/Backend-version-5.0/src/users/users.controller.ts:33:18)
2025-12-02 13:19:04 | ERROR | [HTTP-Error] | ✗ GET /api/claims/admin | Error: NJS-105: value is not a number (NaN) and cannot be used in Oracle Database numbers | Duration: 1ms | User: 42 | Trace: QueryFailedError: NJS-105: value is not a number (NaN) and cannot be used in Oracle Database numbers
    at OracleQueryRunner.query (/Users/C9K4HN/Downloads/Latest/Backend-version-5.0/node_modules/typeorm/driver/src/driver/oracle/OracleQueryRunner.ts:299:19)
    at process.processTicksAndRejections (node:internal/process/task_queues:105:5)
    at async SelectQueryBuilder.loadRawResults (/Users/C9K4HN/Downloads/Latest/Backend-version-5.0/node_modules/typeorm/query-builder/src/query-builder/SelectQueryBuilder.ts:3868:25)
    at async SelectQueryBuilder.executeEntitiesAndRawResults (/Users/C9K4HN/Downloads/Latest/Backend-version-5.0/node_modules/typeorm/query-builder/src/query-builder/SelectQueryBuilder.ts:3614:26)
    at async SelectQueryBuilder.getRawAndEntities (/Users/C9K4HN/Downloads/Latest/Backend-version-5.0/node_modules/typeorm/query-builder/src/query-builder/SelectQueryBuilder.ts:1671:29)
    at async SelectQueryBuilder.getOne (/Users/C9K4HN/Downloads/Latest/Backend-version-5.0/node_modules/typeorm/query-builder/src/query-builder/SelectQueryBuilder.ts:1698:25)
    at async ClaimsService.findOne (/Users/C9K4HN/Downloads/Latest/Backend-version-5.0/src/claims/claims.service.ts:54:19)
    at async ClaimsController.findOne (/Users/C9K4HN/Downloads/Latest/Backend-version-5.0/src/claims/claims.controller.ts:57:19)
2025-12-02 13:19:04 | ERROR | [HTTP-Error] | ✗ GET /api/policies/admin | Error: NJS-105: value is not a number (NaN) and cannot be used in Oracle Database numbers | Duration: 1ms | User: 42 | Trace: QueryFailedError: NJS-105: value is not a number (NaN) and cannot be used in Oracle Database numbers
    at OracleQueryRunner.query (/Users/C9K4HN/Downloads/Latest/Backend-version-5.0/node_modules/typeorm/driver/src/driver/oracle/OracleQueryRunner.ts:299:19)
    at process.processTicksAndRejections (node:internal/process/task_queues:105:5)
    at async SelectQueryBuilder.loadRawResults (/Users/C9K4HN/Downloads/Latest/Backend-version-5.0/node_modules/typeorm/query-builder/src/query-builder/SelectQueryBuilder.ts:3868:25)
    at async SelectQueryBuilder.executeEntitiesAndRawResults (/Users/C9K4HN/Downloads/Latest/Backend-version-5.0/node_modules/typeorm/query-builder/src/query-builder/SelectQueryBuilder.ts:3614:26)
    at async SelectQueryBuilder.getRawAndEntities (/Users/C9K4HN/Downloads/Latest/Backend-version-5.0/node_modules/typeorm/query-builder/src/query-builder/SelectQueryBuilder.ts:1671:29)
    at async SelectQueryBuilder.getOne (/Users/C9K4HN/Downloads/Latest/Backend-version-5.0/node_modules/typeorm/query-builder/src/query-builder/SelectQueryBuilder.ts:1698:25)
    at async PoliciesService.findOne (/Users/C9K4HN/Downloads/Latest/Backend-version-5.0/src/policies/policies.service.ts:106:20)
    at async PoliciesController.findOne (/Users/C9K4HN/Downloads/Latest/Backend-version-5.0/src/policies/policies.controller.ts:50:20)
2025-12-02 13:19:04 | ERROR | [HTTP-Error] | ✗ GET /api/users/admin | Error: NJS-105: value is not a number (NaN) and cannot be used in Oracle Database numbers | Duration: 1ms | User: 42 | Trace: QueryFailedError: NJS-105: value is not a number (NaN) and cannot be used in Oracle Database numbers
    at OracleQueryRunner.query (/Users/C9K4HN/Downloads/Latest/Backend-version-5.0/node_modules/typeorm/driver/src/driver/oracle/OracleQueryRunner.ts:299:19)
    at process.processTicksAndRejections (node:internal/process/task_queues:105:5)
    at async SelectQueryBuilder.loadRawResults (/Users/C9K4HN/Downloads/Latest/Backend-version-5.0/node_modules/typeorm/query-builder/src/query-builder/SelectQueryBuilder.ts:3868:25)
    at async SelectQueryBuilder.executeEntitiesAndRawResults (/Users/C9K4HN/Downloads/Latest/Backend-version-5.0/node_modules/typeorm/query-builder/src/query-builder/SelectQueryBuilder.ts:3614:26)
    at async SelectQueryBuilder.getRawAndEntities (/Users/C9K4HN/Downloads/Latest/Backend-version-5.0/node_modules/typeorm/query-builder/src/query-builder/SelectQueryBuilder.ts:1671:29)
    at async SelectQueryBuilder.getOne (/Users/C9K4HN/Downloads/Latest/Backend-version-5.0/node_modules/typeorm/query-builder/src/query-builder/SelectQueryBuilder.ts:1698:25)
    at async UsersService.findOne (/Users/C9K4HN/Downloads/Latest/Backend-version-5.0/src/users/users.service.ts:45:18)
    at async UsersController.findOne (/Users/C9K4HN/Downloads/Latest/Backend-version-5.0/src/users/users.controller.ts:33:18)
2025-12-02 13:19:04 | ERROR | [HTTP-Error] | ✗ GET /api/policies/admin | Error: NJS-105: value is not a number (NaN) and cannot be used in Oracle Database numbers | Duration: 1ms | User: 42 | Trace: QueryFailedError: NJS-105: value is not a number (NaN) and cannot be used in Oracle Database numbers
    at OracleQueryRunner.query (/Users/C9K4HN/Downloads/Latest/Backend-version-5.0/node_modules/typeorm/driver/src/driver/oracle/OracleQueryRunner.ts:299:19)
    at process.processTicksAndRejections (node:internal/process/task_queues:105:5)
    at async SelectQueryBuilder.loadRawResults (/Users/C9K4HN/Downloads/Latest/Backend-version-5.0/node_modules/typeorm/query-builder/src/query-builder/SelectQueryBuilder.ts:3868:25)
    at async SelectQueryBuilder.executeEntitiesAndRawResults (/Users/C9K4HN/Downloads/Latest/Backend-version-5.0/node_modules/typeorm/query-builder/src/query-builder/SelectQueryBuilder.ts:3614:26)
    at async SelectQueryBuilder.getRawAndEntities (/Users/C9K4HN/Downloads/Latest/Backend-version-5.0/node_modules/typeorm/query-builder/src/query-builder/SelectQueryBuilder.ts:1671:29)
    at async SelectQueryBuilder.getOne (/Users/C9K4HN/Downloads/Latest/Backend-version-5.0/node_modules/typeorm/query-builder/src/query-builder/SelectQueryBuilder.ts:1698:25)
    at async PoliciesService.findOne (/Users/C9K4HN/Downloads/Latest/Backend-version-5.0/src/policies/policies.service.ts:106:20)
    at async PoliciesController.findOne (/Users/C9K4HN/Downloads/Latest/Backend-version-5.0/src/policies/policies.controller.ts:50:20)
2025-12-02 13:19:04 | ERROR | [HTTP-Error] | ✗ GET /api/users/admin | Error: NJS-105: value is not a number (NaN) and cannot be used in Oracle Database numbers | Duration: 1ms | User: 42 | Trace: QueryFailedError: NJS-105: value is not a number (NaN) and cannot be used in Oracle Database numbers
    at OracleQueryRunner.query (/Users/C9K4HN/Downloads/Latest/Backend-version-5.0/node_modules/typeorm/driver/src/driver/oracle/OracleQueryRunner.ts:299:19)
    at process.processTicksAndRejections (node:internal/process/task_queues:105:5)
    at async SelectQueryBuilder.loadRawResults (/Users/C9K4HN/Downloads/Latest/Backend-version-5.0/node_modules/typeorm/query-builder/src/query-builder/SelectQueryBuilder.ts:3868:25)
    at async SelectQueryBuilder.executeEntitiesAndRawResults (/Users/C9K4HN/Downloads/Latest/Backend-version-5.0/node_modules/typeorm/query-builder/src/query-builder/SelectQueryBuilder.ts:3614:26)
    at async SelectQueryBuilder.getRawAndEntities (/Users/C9K4HN/Downloads/Latest/Backend-version-5.0/node_modules/typeorm/query-builder/src/query-builder/SelectQueryBuilder.ts:1671:29)
    at async SelectQueryBuilder.getOne (/Users/C9K4HN/Downloads/Latest/Backend-version-5.0/node_modules/typeorm/query-builder/src/query-builder/SelectQueryBuilder.ts:1698:25)
    at async UsersService.findOne (/Users/C9K4HN/Downloads/Latest/Backend-version-5.0/src/users/users.service.ts:45:18)
    at async UsersController.findOne (/Users/C9K4HN/Downloads/Latest/Backend-version-5.0/src/users/users.controller.ts:33:18)
2025-12-02 13:19:04 | ERROR | [HTTP-Error] | ✗ GET /api/policies/admin | Error: NJS-105: value is not a number (NaN) and cannot be used in Oracle Database numbers | Duration: 1ms | User: 42 | Trace: QueryFailedError: NJS-105: value is not a number (NaN) and cannot be used in Oracle Database numbers
    at OracleQueryRunner.query (/Users/C9K4HN/Downloads/Latest/Backend-version-5.0/node_modules/typeorm/driver/src/driver/oracle/OracleQueryRunner.ts:299:19)
    at process.processTicksAndRejections (node:internal/process/task_queues:105:5)
    at async SelectQueryBuilder.loadRawResults (/Users/C9K4HN/Downloads/Latest/Backend-version-5.0/node_modules/typeorm/query-builder/src/query-builder/SelectQueryBuilder.ts:3868:25)
    at async SelectQueryBuilder.executeEntitiesAndRawResults (/Users/C9K4HN/Downloads/Latest/Backend-version-5.0/node_modules/typeorm/query-builder/src/query-builder/SelectQueryBuilder.ts:3614:26)
    at async SelectQueryBuilder.getRawAndEntities (/Users/C9K4HN/Downloads/Latest/Backend-version-5.0/node_modules/typeorm/query-builder/src/query-builder/SelectQueryBuilder.ts:1671:29)
    at async SelectQueryBuilder.getOne (/Users/C9K4HN/Downloads/Latest/Backend-version-5.0/node_modules/typeorm/query-builder/src/query-builder/SelectQueryBuilder.ts:1698:25)
    at async PoliciesService.findOne (/Users/C9K4HN/Downloads/Latest/Backend-version-5.0/src/policies/policies.service.ts:106:20)
    at async PoliciesController.findOne (/Users/C9K4HN/Downloads/Latest/Backend-version-5.0/src/policies/policies.controller.ts:50:20)
2025-12-02 13:19:04 | ERROR | [HTTP-Error] | ✗ GET /api/claims/admin | Error: NJS-105: value is not a number (NaN) and cannot be used in Oracle Database numbers | Duration: 0ms | User: 42 | Trace: QueryFailedError: NJS-105: value is not a number (NaN) and cannot be used in Oracle Database numbers
    at OracleQueryRunner.query (/Users/C9K4HN/Downloads/Latest/Backend-version-5.0/node_modules/typeorm/driver/src/driver/oracle/OracleQueryRunner.ts:299:19)
    at process.processTicksAndRejections (node:internal/process/task_queues:105:5)
    at async SelectQueryBuilder.loadRawResults (/Users/C9K4HN/Downloads/Latest/Backend-version-5.0/node_modules/typeorm/query-builder/src/query-builder/SelectQueryBuilder.ts:3868:25)
    at async SelectQueryBuilder.executeEntitiesAndRawResults (/Users/C9K4HN/Downloads/Latest/Backend-version-5.0/node_modules/typeorm/query-builder/src/query-builder/SelectQueryBuilder.ts:3614:26)
    at async SelectQueryBuilder.getRawAndEntities (/Users/C9K4HN/Downloads/Latest/Backend-version-5.0/node_modules/typeorm/query-builder/src/query-builder/SelectQueryBuilder.ts:1671:29)
    at async SelectQueryBuilder.getOne (/Users/C9K4HN/Downloads/Latest/Backend-version-5.0/node_modules/typeorm/query-builder/src/query-builder/SelectQueryBuilder.ts:1698:25)
    at async ClaimsService.findOne (/Users/C9K4HN/Downloads/Latest/Backend-version-5.0/src/claims/claims.service.ts:54:19)
    at async ClaimsController.findOne (/Users/C9K4HN/Downloads/Latest/Backend-version-5.0/src/claims/claims.controller.ts:57:19)
2025-12-02 13:19:04 | ERROR | [HTTP-Error] | ✗ GET /api/users/admin | Error: NJS-105: value is not a number (NaN) and cannot be used in Oracle Database numbers | Duration: 0ms | User: 42 | Trace: QueryFailedError: NJS-105: value is not a number (NaN) and cannot be used in Oracle Database numbers
    at OracleQueryRunner.query (/Users/C9K4HN/Downloads/Latest/Backend-version-5.0/node_modules/typeorm/driver/src/driver/oracle/OracleQueryRunner.ts:299:19)
    at process.processTicksAndRejections (node:internal/process/task_queues:105:5)
    at async SelectQueryBuilder.loadRawResults (/Users/C9K4HN/Downloads/Latest/Backend-version-5.0/node_modules/typeorm/query-builder/src/query-builder/SelectQueryBuilder.ts:3868:25)
    at async SelectQueryBuilder.executeEntitiesAndRawResults (/Users/C9K4HN/Downloads/Latest/Backend-version-5.0/node_modules/typeorm/query-builder/src/query-builder/SelectQueryBuilder.ts:3614:26)
    at async SelectQueryBuilder.getRawAndEntities (/Users/C9K4HN/Downloads/Latest/Backend-version-5.0/node_modules/typeorm/query-builder/src/query-builder/SelectQueryBuilder.ts:1671:29)
    at async SelectQueryBuilder.getOne (/Users/C9K4HN/Downloads/Latest/Backend-version-5.0/node_modules/typeorm/query-builder/src/query-builder/SelectQueryBuilder.ts:1698:25)
    at async UsersService.findOne (/Users/C9K4HN/Downloads/Latest/Backend-version-5.0/src/users/users.service.ts:45:18)
    at async UsersController.findOne (/Users/C9K4HN/Downloads/Latest/Backend-version-5.0/src/users/users.controller.ts:33:18)
2025-12-02 13:19:04 | ERROR | [HTTP-Error] | ✗ GET /api/claims/admin | Error: NJS-105: value is not a number (NaN) and cannot be used in Oracle Database numbers | Duration: 1ms | User: 42 | Trace: QueryFailedError: NJS-105: value is not a number (NaN) and cannot be used in Oracle Database numbers
    at OracleQueryRunner.query (/Users/C9K4HN/Downloads/Latest/Backend-version-5.0/node_modules/typeorm/driver/src/driver/oracle/OracleQueryRunner.ts:299:19)
    at process.processTicksAndRejections (node:internal/process/task_queues:105:5)
    at async SelectQueryBuilder.loadRawResults (/Users/C9K4HN/Downloads/Latest/Backend-version-5.0/node_modules/typeorm/query-builder/src/query-builder/SelectQueryBuilder.ts:3868:25)
    at async SelectQueryBuilder.executeEntitiesAndRawResults (/Users/C9K4HN/Downloads/Latest/Backend-version-5.0/node_modules/typeorm/query-builder/src/query-builder/SelectQueryBuilder.ts:3614:26)
    at async SelectQueryBuilder.getRawAndEntities (/Users/C9K4HN/Downloads/Latest/Backend-version-5.0/node_modules/typeorm/query-builder/src/query-builder/SelectQueryBuilder.ts:1671:29)
    at async SelectQueryBuilder.getOne (/Users/C9K4HN/Downloads/Latest/Backend-version-5.0/node_modules/typeorm/query-builder/src/query-builder/SelectQueryBuilder.ts:1698:25)
    at async ClaimsService.findOne (/Users/C9K4HN/Downloads/Latest/Backend-version-5.0/src/claims/claims.service.ts:54:19)
    at async ClaimsController.findOne (/Users/C9K4HN/Downloads/Latest/Backend-version-5.0/src/claims/claims.controller.ts:57:19)
2025-12-02 13:19:04 | ERROR | [HTTP-Error] | ✗ GET /api/policies/admin | Error: NJS-105: value is not a number (NaN) and cannot be used in Oracle Database numbers | Duration: 1ms | User: 42 | Trace: QueryFailedError: NJS-105: value is not a number (NaN) and cannot be used in Oracle Database numbers
    at OracleQueryRunner.query (/Users/C9K4HN/Downloads/Latest/Backend-version-5.0/node_modules/typeorm/driver/src/driver/oracle/OracleQueryRunner.ts:299:19)
    at process.processTicksAndRejections (node:internal/process/task_queues:105:5)
    at async SelectQueryBuilder.loadRawResults (/Users/C9K4HN/Downloads/Latest/Backend-version-5.0/node_modules/typeorm/query-builder/src/query-builder/SelectQueryBuilder.ts:3868:25)
    at async SelectQueryBuilder.executeEntitiesAndRawResults (/Users/C9K4HN/Downloads/Latest/Backend-version-5.0/node_modules/typeorm/query-builder/src/query-builder/SelectQueryBuilder.ts:3614:26)
    at async SelectQueryBuilder.getRawAndEntities (/Users/C9K4HN/Downloads/Latest/Backend-version-5.0/node_modules/typeorm/query-builder/src/query-builder/SelectQueryBuilder.ts:1671:29)
    at async SelectQueryBuilder.getOne (/Users/C9K4HN/Downloads/Latest/Backend-version-5.0/node_modules/typeorm/query-builder/src/query-builder/SelectQueryBuilder.ts:1698:25)
    at async PoliciesService.findOne (/Users/C9K4HN/Downloads/Latest/Backend-version-5.0/src/policies/policies.service.ts:106:20)
    at async PoliciesController.findOne (/Users/C9K4HN/Downloads/Latest/Backend-version-5.0/src/policies/policies.controller.ts:50:20)
2025-12-02 13:19:14 | ERROR | [HTTP-Error] | ✗ GET /api/users/admin | Error: NJS-105: value is not a number (NaN) and cannot be used in Oracle Database numbers | Duration: 2ms | User: 42 | Trace: QueryFailedError: NJS-105: value is not a number (NaN) and cannot be used in Oracle Database numbers
    at OracleQueryRunner.query (/Users/C9K4HN/Downloads/Latest/Backend-version-5.0/node_modules/typeorm/driver/src/driver/oracle/OracleQueryRunner.ts:299:19)
    at process.processTicksAndRejections (node:internal/process/task_queues:105:5)
    at async SelectQueryBuilder.loadRawResults (/Users/C9K4HN/Downloads/Latest/Backend-version-5.0/node_modules/typeorm/query-builder/src/query-builder/SelectQueryBuilder.ts:3868:25)
    at async SelectQueryBuilder.executeEntitiesAndRawResults (/Users/C9K4HN/Downloads/Latest/Backend-version-5.0/node_modules/typeorm/query-builder/src/query-builder/SelectQueryBuilder.ts:3614:26)
    at async SelectQueryBuilder.getRawAndEntities (/Users/C9K4HN/Downloads/Latest/Backend-version-5.0/node_modules/typeorm/query-builder/src/query-builder/SelectQueryBuilder.ts:1671:29)
    at async SelectQueryBuilder.getOne (/Users/C9K4HN/Downloads/Latest/Backend-version-5.0/node_modules/typeorm/query-builder/src/query-builder/SelectQueryBuilder.ts:1698:25)
    at async UsersService.findOne (/Users/C9K4HN/Downloads/Latest/Backend-version-5.0/src/users/users.service.ts:45:18)
    at async UsersController.findOne (/Users/C9K4HN/Downloads/Latest/Backend-version-5.0/src/users/users.controller.ts:33:18)
2025-12-02 13:19:14 | ERROR | [HTTP-Error] | ✗ GET /api/policies/admin | Error: NJS-105: value is not a number (NaN) and cannot be used in Oracle Database numbers | Duration: 1ms | User: 42 | Trace: QueryFailedError: NJS-105: value is not a number (NaN) and cannot be used in Oracle Database numbers
    at OracleQueryRunner.query (/Users/C9K4HN/Downloads/Latest/Backend-version-5.0/node_modules/typeorm/driver/src/driver/oracle/OracleQueryRunner.ts:299:19)
    at process.processTicksAndRejections (node:internal/process/task_queues:105:5)
    at async SelectQueryBuilder.loadRawResults (/Users/C9K4HN/Downloads/Latest/Backend-version-5.0/node_modules/typeorm/query-builder/src/query-builder/SelectQueryBuilder.ts:3868:25)
    at async SelectQueryBuilder.executeEntitiesAndRawResults (/Users/C9K4HN/Downloads/Latest/Backend-version-5.0/node_modules/typeorm/query-builder/src/query-builder/SelectQueryBuilder.ts:3614:26)
    at async SelectQueryBuilder.getRawAndEntities (/Users/C9K4HN/Downloads/Latest/Backend-version-5.0/node_modules/typeorm/query-builder/src/query-builder/SelectQueryBuilder.ts:1671:29)
    at async SelectQueryBuilder.getOne (/Users/C9K4HN/Downloads/Latest/Backend-version-5.0/node_modules/typeorm/query-builder/src/query-builder/SelectQueryBuilder.ts:1698:25)
    at async PoliciesService.findOne (/Users/C9K4HN/Downloads/Latest/Backend-version-5.0/src/policies/policies.service.ts:106:20)
    at async PoliciesController.findOne (/Users/C9K4HN/Downloads/Latest/Backend-version-5.0/src/policies/policies.controller.ts:50:20)
2025-12-02 13:19:14 | ERROR | [HTTP-Error] | ✗ GET /api/claims/admin | Error: NJS-105: value is not a number (NaN) and cannot be used in Oracle Database numbers | Duration: 1ms | User: 42 | Trace: QueryFailedError: NJS-105: value is not a number (NaN) and cannot be used in Oracle Database numbers
    at OracleQueryRunner.query (/Users/C9K4HN/Downloads/Latest/Backend-version-5.0/node_modules/typeorm/driver/src/driver/oracle/OracleQueryRunner.ts:299:19)
    at process.processTicksAndRejections (node:internal/process/task_queues:105:5)
    at async SelectQueryBuilder.loadRawResults (/Users/C9K4HN/Downloads/Latest/Backend-version-5.0/node_modules/typeorm/query-builder/src/query-builder/SelectQueryBuilder.ts:3868:25)
    at async SelectQueryBuilder.executeEntitiesAndRawResults (/Users/C9K4HN/Downloads/Latest/Backend-version-5.0/node_modules/typeorm/query-builder/src/query-builder/SelectQueryBuilder.ts:3614:26)
    at async SelectQueryBuilder.getRawAndEntities (/Users/C9K4HN/Downloads/Latest/Backend-version-5.0/node_modules/typeorm/query-builder/src/query-builder/SelectQueryBuilder.ts:1671:29)
    at async SelectQueryBuilder.getOne (/Users/C9K4HN/Downloads/Latest/Backend-version-5.0/node_modules/typeorm/query-builder/src/query-builder/SelectQueryBuilder.ts:1698:25)
    at async ClaimsService.findOne (/Users/C9K4HN/Downloads/Latest/Backend-version-5.0/src/claims/claims.service.ts:54:19)
    at async ClaimsController.findOne (/Users/C9K4HN/Downloads/Latest/Backend-version-5.0/src/claims/claims.controller.ts:57:19)
2025-12-02 13:19:24 | ERROR | [HTTP-Error] | ✗ GET /api/users/admin | Error: NJS-105: value is not a number (NaN) and cannot be used in Oracle Database numbers | Duration: 1ms | User: 42 | Trace: QueryFailedError: NJS-105: value is not a number (NaN) and cannot be used in Oracle Database numbers
    at OracleQueryRunner.query (/Users/C9K4HN/Downloads/Latest/Backend-version-5.0/node_modules/typeorm/driver/src/driver/oracle/OracleQueryRunner.ts:299:19)
    at process.processTicksAndRejections (node:internal/process/task_queues:105:5)
    at async SelectQueryBuilder.loadRawResults (/Users/C9K4HN/Downloads/Latest/Backend-version-5.0/node_modules/typeorm/query-builder/src/query-builder/SelectQueryBuilder.ts:3868:25)
    at async SelectQueryBuilder.executeEntitiesAndRawResults (/Users/C9K4HN/Downloads/Latest/Backend-version-5.0/node_modules/typeorm/query-builder/src/query-builder/SelectQueryBuilder.ts:3614:26)
    at async SelectQueryBuilder.getRawAndEntities (/Users/C9K4HN/Downloads/Latest/Backend-version-5.0/node_modules/typeorm/query-builder/src/query-builder/SelectQueryBuilder.ts:1671:29)
    at async SelectQueryBuilder.getOne (/Users/C9K4HN/Downloads/Latest/Backend-version-5.0/node_modules/typeorm/query-builder/src/query-builder/SelectQueryBuilder.ts:1698:25)
    at async UsersService.findOne (/Users/C9K4HN/Downloads/Latest/Backend-version-5.0/src/users/users.service.ts:45:18)
    at async UsersController.findOne (/Users/C9K4HN/Downloads/Latest/Backend-version-5.0/src/users/users.controller.ts:33:18)
2025-12-02 13:19:24 | ERROR | [HTTP-Error] | ✗ GET /api/policies/admin | Error: NJS-105: value is not a number (NaN) and cannot be used in Oracle Database numbers | Duration: 0ms | User: 42 | Trace: QueryFailedError: NJS-105: value is not a number (NaN) and cannot be used in Oracle Database numbers
    at OracleQueryRunner.query (/Users/C9K4HN/Downloads/Latest/Backend-version-5.0/node_modules/typeorm/driver/src/driver/oracle/OracleQueryRunner.ts:299:19)
    at process.processTicksAndRejections (node:internal/process/task_queues:105:5)
    at async SelectQueryBuilder.loadRawResults (/Users/C9K4HN/Downloads/Latest/Backend-version-5.0/node_modules/typeorm/query-builder/src/query-builder/SelectQueryBuilder.ts:3868:25)
    at async SelectQueryBuilder.executeEntitiesAndRawResults (/Users/C9K4HN/Downloads/Latest/Backend-version-5.0/node_modules/typeorm/query-builder/src/query-builder/SelectQueryBuilder.ts:3614:26)
    at async SelectQueryBuilder.getRawAndEntities (/Users/C9K4HN/Downloads/Latest/Backend-version-5.0/node_modules/typeorm/query-builder/src/query-builder/SelectQueryBuilder.ts:1671:29)
    at async SelectQueryBuilder.getOne (/Users/C9K4HN/Downloads/Latest/Backend-version-5.0/node_modules/typeorm/query-builder/src/query-builder/SelectQueryBuilder.ts:1698:25)
    at async PoliciesService.findOne (/Users/C9K4HN/Downloads/Latest/Backend-version-5.0/src/policies/policies.service.ts:106:20)
    at async PoliciesController.findOne (/Users/C9K4HN/Downloads/Latest/Backend-version-5.0/src/policies/policies.controller.ts:50:20)
2025-12-02 13:19:24 | ERROR | [HTTP-Error] | ✗ GET /api/claims/admin | Error: NJS-105: value is not a number (NaN) and cannot be used in Oracle Database numbers | Duration: 1ms | User: 42 | Trace: QueryFailedError: NJS-105: value is not a number (NaN) and cannot be used in Oracle Database numbers
    at OracleQueryRunner.query (/Users/C9K4HN/Downloads/Latest/Backend-version-5.0/node_modules/typeorm/driver/src/driver/oracle/OracleQueryRunner.ts:299:19)
    at process.processTicksAndRejections (node:internal/process/task_queues:105:5)
    at async SelectQueryBuilder.loadRawResults (/Users/C9K4HN/Downloads/Latest/Backend-version-5.0/node_modules/typeorm/query-builder/src/query-builder/SelectQueryBuilder.ts:3868:25)
    at async SelectQueryBuilder.executeEntitiesAndRawResults (/Users/C9K4HN/Downloads/Latest/Backend-version-5.0/node_modules/typeorm/query-builder/src/query-builder/SelectQueryBuilder.ts:3614:26)
    at async SelectQueryBuilder.getRawAndEntities (/Users/C9K4HN/Downloads/Latest/Backend-version-5.0/node_modules/typeorm/query-builder/src/query-builder/SelectQueryBuilder.ts:1671:29)
    at async SelectQueryBuilder.getOne (/Users/C9K4HN/Downloads/Latest/Backend-version-5.0/node_modules/typeorm/query-builder/src/query-builder/SelectQueryBuilder.ts:1698:25)
    at async ClaimsService.findOne (/Users/C9K4HN/Downloads/Latest/Backend-version-5.0/src/claims/claims.service.ts:54:19)
    at async ClaimsController.findOne (/Users/C9K4HN/Downloads/Latest/Backend-version-5.0/src/claims/claims.controller.ts:57:19)
2025-12-02 13:19:34 | ERROR | [HTTP-Error] | ✗ GET /api/users/admin | Error: NJS-105: value is not a number (NaN) and cannot be used in Oracle Database numbers | Duration: 1ms | User: 42 | Trace: QueryFailedError: NJS-105: value is not a number (NaN) and cannot be used in Oracle Database numbers
    at OracleQueryRunner.query (/Users/C9K4HN/Downloads/Latest/Backend-version-5.0/node_modules/typeorm/driver/src/driver/oracle/OracleQueryRunner.ts:299:19)
    at process.processTicksAndRejections (node:internal/process/task_queues:105:5)
    at async SelectQueryBuilder.loadRawResults (/Users/C9K4HN/Downloads/Latest/Backend-version-5.0/node_modules/typeorm/query-builder/src/query-builder/SelectQueryBuilder.ts:3868:25)
    at async SelectQueryBuilder.executeEntitiesAndRawResults (/Users/C9K4HN/Downloads/Latest/Backend-version-5.0/node_modules/typeorm/query-builder/src/query-builder/SelectQueryBuilder.ts:3614:26)
    at async SelectQueryBuilder.getRawAndEntities (/Users/C9K4HN/Downloads/Latest/Backend-version-5.0/node_modules/typeorm/query-builder/src/query-builder/SelectQueryBuilder.ts:1671:29)
    at async SelectQueryBuilder.getOne (/Users/C9K4HN/Downloads/Latest/Backend-version-5.0/node_modules/typeorm/query-builder/src/query-builder/SelectQueryBuilder.ts:1698:25)
    at async UsersService.findOne (/Users/C9K4HN/Downloads/Latest/Backend-version-5.0/src/users/users.service.ts:45:18)
    at async UsersController.findOne (/Users/C9K4HN/Downloads/Latest/Backend-version-5.0/src/users/users.controller.ts:33:18)
2025-12-02 13:19:34 | ERROR | [HTTP-Error] | ✗ GET /api/policies/admin | Error: NJS-105: value is not a number (NaN) and cannot be used in Oracle Database numbers | Duration: 1ms | User: 42 | Trace: QueryFailedError: NJS-105: value is not a number (NaN) and cannot be used in Oracle Database numbers
    at OracleQueryRunner.query (/Users/C9K4HN/Downloads/Latest/Backend-version-5.0/node_modules/typeorm/driver/src/driver/oracle/OracleQueryRunner.ts:299:19)
    at process.processTicksAndRejections (node:internal/process/task_queues:105:5)
    at async SelectQueryBuilder.loadRawResults (/Users/C9K4HN/Downloads/Latest/Backend-version-5.0/node_modules/typeorm/query-builder/src/query-builder/SelectQueryBuilder.ts:3868:25)
    at async SelectQueryBuilder.executeEntitiesAndRawResults (/Users/C9K4HN/Downloads/Latest/Backend-version-5.0/node_modules/typeorm/query-builder/src/query-builder/SelectQueryBuilder.ts:3614:26)
    at async SelectQueryBuilder.getRawAndEntities (/Users/C9K4HN/Downloads/Latest/Backend-version-5.0/node_modules/typeorm/query-builder/src/query-builder/SelectQueryBuilder.ts:1671:29)
    at async SelectQueryBuilder.getOne (/Users/C9K4HN/Downloads/Latest/Backend-version-5.0/node_modules/typeorm/query-builder/src/query-builder/SelectQueryBuilder.ts:1698:25)
    at async PoliciesService.findOne (/Users/C9K4HN/Downloads/Latest/Backend-version-5.0/src/policies/policies.service.ts:106:20)
    at async PoliciesController.findOne (/Users/C9K4HN/Downloads/Latest/Backend-version-5.0/src/policies/policies.controller.ts:50:20)
2025-12-02 13:19:34 | ERROR | [HTTP-Error] | ✗ GET /api/claims/admin | Error: NJS-105: value is not a number (NaN) and cannot be used in Oracle Database numbers | Duration: 1ms | User: 42 | Trace: QueryFailedError: NJS-105: value is not a number (NaN) and cannot be used in Oracle Database numbers
    at OracleQueryRunner.query (/Users/C9K4HN/Downloads/Latest/Backend-version-5.0/node_modules/typeorm/driver/src/driver/oracle/OracleQueryRunner.ts:299:19)
    at process.processTicksAndRejections (node:internal/process/task_queues:105:5)
    at async SelectQueryBuilder.loadRawResults (/Users/C9K4HN/Downloads/Latest/Backend-version-5.0/node_modules/typeorm/query-builder/src/query-builder/SelectQueryBuilder.ts:3868:25)
    at async SelectQueryBuilder.executeEntitiesAndRawResults (/Users/C9K4HN/Downloads/Latest/Backend-version-5.0/node_modules/typeorm/query-builder/src/query-builder/SelectQueryBuilder.ts:3614:26)
    at async SelectQueryBuilder.getRawAndEntities (/Users/C9K4HN/Downloads/Latest/Backend-version-5.0/node_modules/typeorm/query-builder/src/query-builder/SelectQueryBuilder.ts:1671:29)
    at async SelectQueryBuilder.getOne (/Users/C9K4HN/Downloads/Latest/Backend-version-5.0/node_modules/typeorm/query-builder/src/query-builder/SelectQueryBuilder.ts:1698:25)
    at async ClaimsService.findOne (/Users/C9K4HN/Downloads/Latest/Backend-version-5.0/src/claims/claims.service.ts:54:19)
    at async ClaimsController.findOne (/Users/C9K4HN/Downloads/Latest/Backend-version-5.0/src/claims/claims.controller.ts:57:19)
2025-12-02 13:19:44 | ERROR | [HTTP-Error] | ✗ GET /api/policies/admin | Error: NJS-105: value is not a number (NaN) and cannot be used in Oracle Database numbers | Duration: 0ms | User: 42 | Trace: QueryFailedError: NJS-105: value is not a number (NaN) and cannot be used in Oracle Database numbers
    at OracleQueryRunner.query (/Users/C9K4HN/Downloads/Latest/Backend-version-5.0/node_modules/typeorm/driver/src/driver/oracle/OracleQueryRunner.ts:299:19)
    at process.processTicksAndRejections (node:internal/process/task_queues:105:5)
    at async SelectQueryBuilder.loadRawResults (/Users/C9K4HN/Downloads/Latest/Backend-version-5.0/node_modules/typeorm/query-builder/src/query-builder/SelectQueryBuilder.ts:3868:25)
    at async SelectQueryBuilder.executeEntitiesAndRawResults (/Users/C9K4HN/Downloads/Latest/Backend-version-5.0/node_modules/typeorm/query-builder/src/query-builder/SelectQueryBuilder.ts:3614:26)
    at async SelectQueryBuilder.getRawAndEntities (/Users/C9K4HN/Downloads/Latest/Backend-version-5.0/node_modules/typeorm/query-builder/src/query-builder/SelectQueryBuilder.ts:1671:29)
    at async SelectQueryBuilder.getOne (/Users/C9K4HN/Downloads/Latest/Backend-version-5.0/node_modules/typeorm/query-builder/src/query-builder/SelectQueryBuilder.ts:1698:25)
    at async PoliciesService.findOne (/Users/C9K4HN/Downloads/Latest/Backend-version-5.0/src/policies/policies.service.ts:106:20)
    at async PoliciesController.findOne (/Users/C9K4HN/Downloads/Latest/Backend-version-5.0/src/policies/policies.controller.ts:50:20)
2025-12-02 13:19:44 | ERROR | [HTTP-Error] | ✗ GET /api/policies/admin | Error: NJS-105: value is not a number (NaN) and cannot be used in Oracle Database numbers | Duration: 0ms | User: 42 | Trace: QueryFailedError: NJS-105: value is not a number (NaN) and cannot be used in Oracle Database numbers
    at OracleQueryRunner.query (/Users/C9K4HN/Downloads/Latest/Backend-version-5.0/node_modules/typeorm/driver/src/driver/oracle/OracleQueryRunner.ts:299:19)
    at process.processTicksAndRejections (node:internal/process/task_queues:105:5)
    at async SelectQueryBuilder.loadRawResults (/Users/C9K4HN/Downloads/Latest/Backend-version-5.0/node_modules/typeorm/query-builder/src/query-builder/SelectQueryBuilder.ts:3868:25)
    at async SelectQueryBuilder.executeEntitiesAndRawResults (/Users/C9K4HN/Downloads/Latest/Backend-version-5.0/node_modules/typeorm/query-builder/src/query-builder/SelectQueryBuilder.ts:3614:26)
    at async SelectQueryBuilder.getRawAndEntities (/Users/C9K4HN/Downloads/Latest/Backend-version-5.0/node_modules/typeorm/query-builder/src/query-builder/SelectQueryBuilder.ts:1671:29)
    at async SelectQueryBuilder.getOne (/Users/C9K4HN/Downloads/Latest/Backend-version-5.0/node_modules/typeorm/query-builder/src/query-builder/SelectQueryBuilder.ts:1698:25)
    at async PoliciesService.findOne (/Users/C9K4HN/Downloads/Latest/Backend-version-5.0/src/policies/policies.service.ts:106:20)
    at async PoliciesController.findOne (/Users/C9K4HN/Downloads/Latest/Backend-version-5.0/src/policies/policies.controller.ts:50:20)
2025-12-02 13:19:54 | ERROR | [HTTP-Error] | ✗ GET /api/policies/admin | Error: NJS-105: value is not a number (NaN) and cannot be used in Oracle Database numbers | Duration: 2ms | User: 42 | Trace: QueryFailedError: NJS-105: value is not a number (NaN) and cannot be used in Oracle Database numbers
    at OracleQueryRunner.query (/Users/C9K4HN/Downloads/Latest/Backend-version-5.0/node_modules/typeorm/driver/src/driver/oracle/OracleQueryRunner.ts:299:19)
    at process.processTicksAndRejections (node:internal/process/task_queues:105:5)
    at async SelectQueryBuilder.loadRawResults (/Users/C9K4HN/Downloads/Latest/Backend-version-5.0/node_modules/typeorm/query-builder/src/query-builder/SelectQueryBuilder.ts:3868:25)
    at async SelectQueryBuilder.executeEntitiesAndRawResults (/Users/C9K4HN/Downloads/Latest/Backend-version-5.0/node_modules/typeorm/query-builder/src/query-builder/SelectQueryBuilder.ts:3614:26)
    at async SelectQueryBuilder.getRawAndEntities (/Users/C9K4HN/Downloads/Latest/Backend-version-5.0/node_modules/typeorm/query-builder/src/query-builder/SelectQueryBuilder.ts:1671:29)
    at async SelectQueryBuilder.getOne (/Users/C9K4HN/Downloads/Latest/Backend-version-5.0/node_modules/typeorm/query-builder/src/query-builder/SelectQueryBuilder.ts:1698:25)
    at async PoliciesService.findOne (/Users/C9K4HN/Downloads/Latest/Backend-version-5.0/src/policies/policies.service.ts:106:20)
    at async PoliciesController.findOne (/Users/C9K4HN/Downloads/Latest/Backend-version-5.0/src/policies/policies.controller.ts:50:20)
2025-12-02 13:20:04 | ERROR | [HTTP-Error] | ✗ GET /api/policies/admin | Error: NJS-105: value is not a number (NaN) and cannot be used in Oracle Database numbers | Duration: 1ms | User: 42 | Trace: QueryFailedError: NJS-105: value is not a number (NaN) and cannot be used in Oracle Database numbers
    at OracleQueryRunner.query (/Users/C9K4HN/Downloads/Latest/Backend-version-5.0/node_modules/typeorm/driver/src/driver/oracle/OracleQueryRunner.ts:299:19)
    at process.processTicksAndRejections (node:internal/process/task_queues:105:5)
    at async SelectQueryBuilder.loadRawResults (/Users/C9K4HN/Downloads/Latest/Backend-version-5.0/node_modules/typeorm/query-builder/src/query-builder/SelectQueryBuilder.ts:3868:25)
    at async SelectQueryBuilder.executeEntitiesAndRawResults (/Users/C9K4HN/Downloads/Latest/Backend-version-5.0/node_modules/typeorm/query-builder/src/query-builder/SelectQueryBuilder.ts:3614:26)
    at async SelectQueryBuilder.getRawAndEntities (/Users/C9K4HN/Downloads/Latest/Backend-version-5.0/node_modules/typeorm/query-builder/src/query-builder/SelectQueryBuilder.ts:1671:29)
    at async SelectQueryBuilder.getOne (/Users/C9K4HN/Downloads/Latest/Backend-version-5.0/node_modules/typeorm/query-builder/src/query-builder/SelectQueryBuilder.ts:1698:25)
    at async PoliciesService.findOne (/Users/C9K4HN/Downloads/Latest/Backend-version-5.0/src/policies/policies.service.ts:106:20)
    at async PoliciesController.findOne (/Users/C9K4HN/Downloads/Latest/Backend-version-5.0/src/policies/policies.controller.ts:50:20)
2025-12-02 14:30:42 | ERROR | [HTTP-Error] | ✗ GET /api/policies/admin | Error: NJS-105: value is not a number (NaN) and cannot be used in Oracle Database numbers | Duration: 1ms | User: 42 | Trace: QueryFailedError: NJS-105: value is not a number (NaN) and cannot be used in Oracle Database numbers
    at OracleQueryRunner.query (/Users/C9K4HN/Downloads/Latest/Backend-version-5.0/node_modules/typeorm/driver/src/driver/oracle/OracleQueryRunner.ts:299:19)
    at process.processTicksAndRejections (node:internal/process/task_queues:105:5)
    at async SelectQueryBuilder.loadRawResults (/Users/C9K4HN/Downloads/Latest/Backend-version-5.0/node_modules/typeorm/query-builder/src/query-builder/SelectQueryBuilder.ts:3868:25)
    at async SelectQueryBuilder.executeEntitiesAndRawResults (/Users/C9K4HN/Downloads/Latest/Backend-version-5.0/node_modules/typeorm/query-builder/src/query-builder/SelectQueryBuilder.ts:3614:26)
    at async SelectQueryBuilder.getRawAndEntities (/Users/C9K4HN/Downloads/Latest/Backend-version-5.0/node_modules/typeorm/query-builder/src/query-builder/SelectQueryBuilder.ts:1671:29)
    at async SelectQueryBuilder.getOne (/Users/C9K4HN/Downloads/Latest/Backend-version-5.0/node_modules/typeorm/query-builder/src/query-builder/SelectQueryBuilder.ts:1698:25)
    at async PoliciesService.findOne (/Users/C9K4HN/Downloads/Latest/Backend-version-5.0/src/policies/policies.service.ts:106:20)
    at async PoliciesController.findOne (/Users/C9K4HN/Downloads/Latest/Backend-version-5.0/src/policies/policies.controller.ts:50:20)
2025-12-02 14:30:42 | ERROR | [HTTP-Error] | ✗ GET /api/users/admin | Error: NJS-105: value is not a number (NaN) and cannot be used in Oracle Database numbers | Duration: 0ms | User: 42 | Trace: QueryFailedError: NJS-105: value is not a number (NaN) and cannot be used in Oracle Database numbers
    at OracleQueryRunner.query (/Users/C9K4HN/Downloads/Latest/Backend-version-5.0/node_modules/typeorm/driver/src/driver/oracle/OracleQueryRunner.ts:299:19)
    at process.processTicksAndRejections (node:internal/process/task_queues:105:5)
    at async SelectQueryBuilder.loadRawResults (/Users/C9K4HN/Downloads/Latest/Backend-version-5.0/node_modules/typeorm/query-builder/src/query-builder/SelectQueryBuilder.ts:3868:25)
    at async SelectQueryBuilder.executeEntitiesAndRawResults (/Users/C9K4HN/Downloads/Latest/Backend-version-5.0/node_modules/typeorm/query-builder/src/query-builder/SelectQueryBuilder.ts:3614:26)
    at async SelectQueryBuilder.getRawAndEntities (/Users/C9K4HN/Downloads/Latest/Backend-version-5.0/node_modules/typeorm/query-builder/src/query-builder/SelectQueryBuilder.ts:1671:29)
    at async SelectQueryBuilder.getOne (/Users/C9K4HN/Downloads/Latest/Backend-version-5.0/node_modules/typeorm/query-builder/src/query-builder/SelectQueryBuilder.ts:1698:25)
    at async UsersService.findOne (/Users/C9K4HN/Downloads/Latest/Backend-version-5.0/src/users/users.service.ts:45:18)
    at async UsersController.findOne (/Users/C9K4HN/Downloads/Latest/Backend-version-5.0/src/users/users.controller.ts:33:18)
2025-12-02 14:30:42 | ERROR | [HTTP-Error] | ✗ GET /api/claims/admin | Error: NJS-105: value is not a number (NaN) and cannot be used in Oracle Database numbers | Duration: 1ms | User: 42 | Trace: QueryFailedError: NJS-105: value is not a number (NaN) and cannot be used in Oracle Database numbers
    at OracleQueryRunner.query (/Users/C9K4HN/Downloads/Latest/Backend-version-5.0/node_modules/typeorm/driver/src/driver/oracle/OracleQueryRunner.ts:299:19)
    at process.processTicksAndRejections (node:internal/process/task_queues:105:5)
    at async SelectQueryBuilder.loadRawResults (/Users/C9K4HN/Downloads/Latest/Backend-version-5.0/node_modules/typeorm/query-builder/src/query-builder/SelectQueryBuilder.ts:3868:25)
    at async SelectQueryBuilder.executeEntitiesAndRawResults (/Users/C9K4HN/Downloads/Latest/Backend-version-5.0/node_modules/typeorm/query-builder/src/query-builder/SelectQueryBuilder.ts:3614:26)
    at async SelectQueryBuilder.getRawAndEntities (/Users/C9K4HN/Downloads/Latest/Backend-version-5.0/node_modules/typeorm/query-builder/src/query-builder/SelectQueryBuilder.ts:1671:29)
    at async SelectQueryBuilder.getOne (/Users/C9K4HN/Downloads/Latest/Backend-version-5.0/node_modules/typeorm/query-builder/src/query-builder/SelectQueryBuilder.ts:1698:25)
    at async ClaimsService.findOne (/Users/C9K4HN/Downloads/Latest/Backend-version-5.0/src/claims/claims.service.ts:54:19)
    at async ClaimsController.findOne (/Users/C9K4HN/Downloads/Latest/Backend-version-5.0/src/claims/claims.controller.ts:57:19)
2025-12-02 14:30:42 | ERROR | [HTTP-Error] | ✗ GET /api/users/admin | Error: NJS-105: value is not a number (NaN) and cannot be used in Oracle Database numbers | Duration: 1ms | User: 42 | Trace: QueryFailedError: NJS-105: value is not a number (NaN) and cannot be used in Oracle Database numbers
    at OracleQueryRunner.query (/Users/C9K4HN/Downloads/Latest/Backend-version-5.0/node_modules/typeorm/driver/src/driver/oracle/OracleQueryRunner.ts:299:19)
    at process.processTicksAndRejections (node:internal/process/task_queues:105:5)
    at async SelectQueryBuilder.loadRawResults (/Users/C9K4HN/Downloads/Latest/Backend-version-5.0/node_modules/typeorm/query-builder/src/query-builder/SelectQueryBuilder.ts:3868:25)
    at async SelectQueryBuilder.executeEntitiesAndRawResults (/Users/C9K4HN/Downloads/Latest/Backend-version-5.0/node_modules/typeorm/query-builder/src/query-builder/SelectQueryBuilder.ts:3614:26)
    at async SelectQueryBuilder.getRawAndEntities (/Users/C9K4HN/Downloads/Latest/Backend-version-5.0/node_modules/typeorm/query-builder/src/query-builder/SelectQueryBuilder.ts:1671:29)
    at async SelectQueryBuilder.getOne (/Users/C9K4HN/Downloads/Latest/Backend-version-5.0/node_modules/typeorm/query-builder/src/query-builder/SelectQueryBuilder.ts:1698:25)
    at async UsersService.findOne (/Users/C9K4HN/Downloads/Latest/Backend-version-5.0/src/users/users.service.ts:45:18)
    at async UsersController.findOne (/Users/C9K4HN/Downloads/Latest/Backend-version-5.0/src/users/users.controller.ts:33:18)
2025-12-02 14:30:42 | ERROR | [HTTP-Error] | ✗ GET /api/claims/admin | Error: NJS-105: value is not a number (NaN) and cannot be used in Oracle Database numbers | Duration: 0ms | User: 42 | Trace: QueryFailedError: NJS-105: value is not a number (NaN) and cannot be used in Oracle Database numbers
    at OracleQueryRunner.query (/Users/C9K4HN/Downloads/Latest/Backend-version-5.0/node_modules/typeorm/driver/src/driver/oracle/OracleQueryRunner.ts:299:19)
    at process.processTicksAndRejections (node:internal/process/task_queues:105:5)
    at async SelectQueryBuilder.loadRawResults (/Users/C9K4HN/Downloads/Latest/Backend-version-5.0/node_modules/typeorm/query-builder/src/query-builder/SelectQueryBuilder.ts:3868:25)
    at async SelectQueryBuilder.executeEntitiesAndRawResults (/Users/C9K4HN/Downloads/Latest/Backend-version-5.0/node_modules/typeorm/query-builder/src/query-builder/SelectQueryBuilder.ts:3614:26)
    at async SelectQueryBuilder.getRawAndEntities (/Users/C9K4HN/Downloads/Latest/Backend-version-5.0/node_modules/typeorm/query-builder/src/query-builder/SelectQueryBuilder.ts:1671:29)
    at async SelectQueryBuilder.getOne (/Users/C9K4HN/Downloads/Latest/Backend-version-5.0/node_modules/typeorm/query-builder/src/query-builder/SelectQueryBuilder.ts:1698:25)
    at async ClaimsService.findOne (/Users/C9K4HN/Downloads/Latest/Backend-version-5.0/src/claims/claims.service.ts:54:19)
    at async ClaimsController.findOne (/Users/C9K4HN/Downloads/Latest/Backend-version-5.0/src/claims/claims.controller.ts:57:19)
2025-12-02 14:30:42 | ERROR | [HTTP-Error] | ✗ GET /api/policies/admin | Error: NJS-105: value is not a number (NaN) and cannot be used in Oracle Database numbers | Duration: 0ms | User: 42 | Trace: QueryFailedError: NJS-105: value is not a number (NaN) and cannot be used in Oracle Database numbers
    at OracleQueryRunner.query (/Users/C9K4HN/Downloads/Latest/Backend-version-5.0/node_modules/typeorm/driver/src/driver/oracle/OracleQueryRunner.ts:299:19)
    at process.processTicksAndRejections (node:internal/process/task_queues:105:5)
    at async SelectQueryBuilder.loadRawResults (/Users/C9K4HN/Downloads/Latest/Backend-version-5.0/node_modules/typeorm/query-builder/src/query-builder/SelectQueryBuilder.ts:3868:25)
    at async SelectQueryBuilder.executeEntitiesAndRawResults (/Users/C9K4HN/Downloads/Latest/Backend-version-5.0/node_modules/typeorm/query-builder/src/query-builder/SelectQueryBuilder.ts:3614:26)
    at async SelectQueryBuilder.getRawAndEntities (/Users/C9K4HN/Downloads/Latest/Backend-version-5.0/node_modules/typeorm/query-builder/src/query-builder/SelectQueryBuilder.ts:1671:29)
    at async SelectQueryBuilder.getOne (/Users/C9K4HN/Downloads/Latest/Backend-version-5.0/node_modules/typeorm/query-builder/src/query-builder/SelectQueryBuilder.ts:1698:25)
    at async PoliciesService.findOne (/Users/C9K4HN/Downloads/Latest/Backend-version-5.0/src/policies/policies.service.ts:106:20)
    at async PoliciesController.findOne (/Users/C9K4HN/Downloads/Latest/Backend-version-5.0/src/policies/policies.controller.ts:50:20)
2025-12-02 14:30:52 | ERROR | [HTTP-Error] | ✗ GET /api/users/admin | Error: NJS-105: value is not a number (NaN) and cannot be used in Oracle Database numbers | Duration: 1ms | User: 42 | Trace: QueryFailedError: NJS-105: value is not a number (NaN) and cannot be used in Oracle Database numbers
    at OracleQueryRunner.query (/Users/C9K4HN/Downloads/Latest/Backend-version-5.0/node_modules/typeorm/driver/src/driver/oracle/OracleQueryRunner.ts:299:19)
    at process.processTicksAndRejections (node:internal/process/task_queues:105:5)
    at async SelectQueryBuilder.loadRawResults (/Users/C9K4HN/Downloads/Latest/Backend-version-5.0/node_modules/typeorm/query-builder/src/query-builder/SelectQueryBuilder.ts:3868:25)
    at async SelectQueryBuilder.executeEntitiesAndRawResults (/Users/C9K4HN/Downloads/Latest/Backend-version-5.0/node_modules/typeorm/query-builder/src/query-builder/SelectQueryBuilder.ts:3614:26)
    at async SelectQueryBuilder.getRawAndEntities (/Users/C9K4HN/Downloads/Latest/Backend-version-5.0/node_modules/typeorm/query-builder/src/query-builder/SelectQueryBuilder.ts:1671:29)
    at async SelectQueryBuilder.getOne (/Users/C9K4HN/Downloads/Latest/Backend-version-5.0/node_modules/typeorm/query-builder/src/query-builder/SelectQueryBuilder.ts:1698:25)
    at async UsersService.findOne (/Users/C9K4HN/Downloads/Latest/Backend-version-5.0/src/users/users.service.ts:45:18)
    at async UsersController.findOne (/Users/C9K4HN/Downloads/Latest/Backend-version-5.0/src/users/users.controller.ts:33:18)
2025-12-02 14:30:52 | ERROR | [HTTP-Error] | ✗ GET /api/policies/admin | Error: NJS-105: value is not a number (NaN) and cannot be used in Oracle Database numbers | Duration: 0ms | User: 42 | Trace: QueryFailedError: NJS-105: value is not a number (NaN) and cannot be used in Oracle Database numbers
    at OracleQueryRunner.query (/Users/C9K4HN/Downloads/Latest/Backend-version-5.0/node_modules/typeorm/driver/src/driver/oracle/OracleQueryRunner.ts:299:19)
    at process.processTicksAndRejections (node:internal/process/task_queues:105:5)
    at async SelectQueryBuilder.loadRawResults (/Users/C9K4HN/Downloads/Latest/Backend-version-5.0/node_modules/typeorm/query-builder/src/query-builder/SelectQueryBuilder.ts:3868:25)
    at async SelectQueryBuilder.executeEntitiesAndRawResults (/Users/C9K4HN/Downloads/Latest/Backend-version-5.0/node_modules/typeorm/query-builder/src/query-builder/SelectQueryBuilder.ts:3614:26)
    at async SelectQueryBuilder.getRawAndEntities (/Users/C9K4HN/Downloads/Latest/Backend-version-5.0/node_modules/typeorm/query-builder/src/query-builder/SelectQueryBuilder.ts:1671:29)
    at async SelectQueryBuilder.getOne (/Users/C9K4HN/Downloads/Latest/Backend-version-5.0/node_modules/typeorm/query-builder/src/query-builder/SelectQueryBuilder.ts:1698:25)
    at async PoliciesService.findOne (/Users/C9K4HN/Downloads/Latest/Backend-version-5.0/src/policies/policies.service.ts:106:20)
    at async PoliciesController.findOne (/Users/C9K4HN/Downloads/Latest/Backend-version-5.0/src/policies/policies.controller.ts:50:20)
2025-12-02 14:30:52 | ERROR | [HTTP-Error] | ✗ GET /api/claims/admin | Error: NJS-105: value is not a number (NaN) and cannot be used in Oracle Database numbers | Duration: 1ms | User: 42 | Trace: QueryFailedError: NJS-105: value is not a number (NaN) and cannot be used in Oracle Database numbers
    at OracleQueryRunner.query (/Users/C9K4HN/Downloads/Latest/Backend-version-5.0/node_modules/typeorm/driver/src/driver/oracle/OracleQueryRunner.ts:299:19)
    at process.processTicksAndRejections (node:internal/process/task_queues:105:5)
    at async SelectQueryBuilder.loadRawResults (/Users/C9K4HN/Downloads/Latest/Backend-version-5.0/node_modules/typeorm/query-builder/src/query-builder/SelectQueryBuilder.ts:3868:25)
    at async SelectQueryBuilder.executeEntitiesAndRawResults (/Users/C9K4HN/Downloads/Latest/Backend-version-5.0/node_modules/typeorm/query-builder/src/query-builder/SelectQueryBuilder.ts:3614:26)
    at async SelectQueryBuilder.getRawAndEntities (/Users/C9K4HN/Downloads/Latest/Backend-version-5.0/node_modules/typeorm/query-builder/src/query-builder/SelectQueryBuilder.ts:1671:29)
    at async SelectQueryBuilder.getOne (/Users/C9K4HN/Downloads/Latest/Backend-version-5.0/node_modules/typeorm/query-builder/src/query-builder/SelectQueryBuilder.ts:1698:25)
    at async ClaimsService.findOne (/Users/C9K4HN/Downloads/Latest/Backend-version-5.0/src/claims/claims.service.ts:54:19)
    at async ClaimsController.findOne (/Users/C9K4HN/Downloads/Latest/Backend-version-5.0/src/claims/claims.controller.ts:57:19)
2025-12-02 14:30:56 | ERROR | [HTTP-Error] | ✗ GET /api/policies/admin | Error: NJS-105: value is not a number (NaN) and cannot be used in Oracle Database numbers | Duration: 1ms | User: 42 | Trace: QueryFailedError: NJS-105: value is not a number (NaN) and cannot be used in Oracle Database numbers
    at OracleQueryRunner.query (/Users/C9K4HN/Downloads/Latest/Backend-version-5.0/node_modules/typeorm/driver/src/driver/oracle/OracleQueryRunner.ts:299:19)
    at process.processTicksAndRejections (node:internal/process/task_queues:105:5)
    at async SelectQueryBuilder.loadRawResults (/Users/C9K4HN/Downloads/Latest/Backend-version-5.0/node_modules/typeorm/query-builder/src/query-builder/SelectQueryBuilder.ts:3868:25)
    at async SelectQueryBuilder.executeEntitiesAndRawResults (/Users/C9K4HN/Downloads/Latest/Backend-version-5.0/node_modules/typeorm/query-builder/src/query-builder/SelectQueryBuilder.ts:3614:26)
    at async SelectQueryBuilder.getRawAndEntities (/Users/C9K4HN/Downloads/Latest/Backend-version-5.0/node_modules/typeorm/query-builder/src/query-builder/SelectQueryBuilder.ts:1671:29)
    at async SelectQueryBuilder.getOne (/Users/C9K4HN/Downloads/Latest/Backend-version-5.0/node_modules/typeorm/query-builder/src/query-builder/SelectQueryBuilder.ts:1698:25)
    at async PoliciesService.findOne (/Users/C9K4HN/Downloads/Latest/Backend-version-5.0/src/policies/policies.service.ts:106:20)
    at async PoliciesController.findOne (/Users/C9K4HN/Downloads/Latest/Backend-version-5.0/src/policies/policies.controller.ts:50:20)
2025-12-02 14:30:56 | ERROR | [HTTP-Error] | ✗ GET /api/policies/admin | Error: NJS-105: value is not a number (NaN) and cannot be used in Oracle Database numbers | Duration: 1ms | User: 42 | Trace: QueryFailedError: NJS-105: value is not a number (NaN) and cannot be used in Oracle Database numbers
    at OracleQueryRunner.query (/Users/C9K4HN/Downloads/Latest/Backend-version-5.0/node_modules/typeorm/driver/src/driver/oracle/OracleQueryRunner.ts:299:19)
    at process.processTicksAndRejections (node:internal/process/task_queues:105:5)
    at async SelectQueryBuilder.loadRawResults (/Users/C9K4HN/Downloads/Latest/Backend-version-5.0/node_modules/typeorm/query-builder/src/query-builder/SelectQueryBuilder.ts:3868:25)
    at async SelectQueryBuilder.executeEntitiesAndRawResults (/Users/C9K4HN/Downloads/Latest/Backend-version-5.0/node_modules/typeorm/query-builder/src/query-builder/SelectQueryBuilder.ts:3614:26)
    at async SelectQueryBuilder.getRawAndEntities (/Users/C9K4HN/Downloads/Latest/Backend-version-5.0/node_modules/typeorm/query-builder/src/query-builder/SelectQueryBuilder.ts:1671:29)
    at async SelectQueryBuilder.getOne (/Users/C9K4HN/Downloads/Latest/Backend-version-5.0/node_modules/typeorm/query-builder/src/query-builder/SelectQueryBuilder.ts:1698:25)
    at async PoliciesService.findOne (/Users/C9K4HN/Downloads/Latest/Backend-version-5.0/src/policies/policies.service.ts:106:20)
    at async PoliciesController.findOne (/Users/C9K4HN/Downloads/Latest/Backend-version-5.0/src/policies/policies.controller.ts:50:20)
2025-12-02 14:30:57 | ERROR | [HTTP-Error] | ✗ GET /api/claims/admin | Error: NJS-105: value is not a number (NaN) and cannot be used in Oracle Database numbers | Duration: 1ms | User: 42 | Trace: QueryFailedError: NJS-105: value is not a number (NaN) and cannot be used in Oracle Database numbers
    at OracleQueryRunner.query (/Users/C9K4HN/Downloads/Latest/Backend-version-5.0/node_modules/typeorm/driver/src/driver/oracle/OracleQueryRunner.ts:299:19)
    at process.processTicksAndRejections (node:internal/process/task_queues:105:5)
    at async SelectQueryBuilder.loadRawResults (/Users/C9K4HN/Downloads/Latest/Backend-version-5.0/node_modules/typeorm/query-builder/src/query-builder/SelectQueryBuilder.ts:3868:25)
    at async SelectQueryBuilder.executeEntitiesAndRawResults (/Users/C9K4HN/Downloads/Latest/Backend-version-5.0/node_modules/typeorm/query-builder/src/query-builder/SelectQueryBuilder.ts:3614:26)
    at async SelectQueryBuilder.getRawAndEntities (/Users/C9K4HN/Downloads/Latest/Backend-version-5.0/node_modules/typeorm/query-builder/src/query-builder/SelectQueryBuilder.ts:1671:29)
    at async SelectQueryBuilder.getOne (/Users/C9K4HN/Downloads/Latest/Backend-version-5.0/node_modules/typeorm/query-builder/src/query-builder/SelectQueryBuilder.ts:1698:25)
    at async ClaimsService.findOne (/Users/C9K4HN/Downloads/Latest/Backend-version-5.0/src/claims/claims.service.ts:54:19)
    at async ClaimsController.findOne (/Users/C9K4HN/Downloads/Latest/Backend-version-5.0/src/claims/claims.controller.ts:57:19)
2025-12-02 14:30:57 | ERROR | [HTTP-Error] | ✗ GET /api/claims/admin | Error: NJS-105: value is not a number (NaN) and cannot be used in Oracle Database numbers | Duration: 1ms | User: 42 | Trace: QueryFailedError: NJS-105: value is not a number (NaN) and cannot be used in Oracle Database numbers
    at OracleQueryRunner.query (/Users/C9K4HN/Downloads/Latest/Backend-version-5.0/node_modules/typeorm/driver/src/driver/oracle/OracleQueryRunner.ts:299:19)
    at process.processTicksAndRejections (node:internal/process/task_queues:105:5)
    at async SelectQueryBuilder.loadRawResults (/Users/C9K4HN/Downloads/Latest/Backend-version-5.0/node_modules/typeorm/query-builder/src/query-builder/SelectQueryBuilder.ts:3868:25)
    at async SelectQueryBuilder.executeEntitiesAndRawResults (/Users/C9K4HN/Downloads/Latest/Backend-version-5.0/node_modules/typeorm/query-builder/src/query-builder/SelectQueryBuilder.ts:3614:26)
    at async SelectQueryBuilder.getRawAndEntities (/Users/C9K4HN/Downloads/Latest/Backend-version-5.0/node_modules/typeorm/query-builder/src/query-builder/SelectQueryBuilder.ts:1671:29)
    at async SelectQueryBuilder.getOne (/Users/C9K4HN/Downloads/Latest/Backend-version-5.0/node_modules/typeorm/query-builder/src/query-builder/SelectQueryBuilder.ts:1698:25)
    at async ClaimsService.findOne (/Users/C9K4HN/Downloads/Latest/Backend-version-5.0/src/claims/claims.service.ts:54:19)
    at async ClaimsController.findOne (/Users/C9K4HN/Downloads/Latest/Backend-version-5.0/src/claims/claims.controller.ts:57:19)
2025-12-02 14:30:58 | ERROR | [HTTP-Error] | ✗ GET /api/claims/admin | Error: NJS-105: value is not a number (NaN) and cannot be used in Oracle Database numbers | Duration: 1ms | User: 42 | Trace: QueryFailedError: NJS-105: value is not a number (NaN) and cannot be used in Oracle Database numbers
    at OracleQueryRunner.query (/Users/C9K4HN/Downloads/Latest/Backend-version-5.0/node_modules/typeorm/driver/src/driver/oracle/OracleQueryRunner.ts:299:19)
    at process.processTicksAndRejections (node:internal/process/task_queues:105:5)
    at async SelectQueryBuilder.loadRawResults (/Users/C9K4HN/Downloads/Latest/Backend-version-5.0/node_modules/typeorm/query-builder/src/query-builder/SelectQueryBuilder.ts:3868:25)
    at async SelectQueryBuilder.executeEntitiesAndRawResults (/Users/C9K4HN/Downloads/Latest/Backend-version-5.0/node_modules/typeorm/query-builder/src/query-builder/SelectQueryBuilder.ts:3614:26)
    at async SelectQueryBuilder.getRawAndEntities (/Users/C9K4HN/Downloads/Latest/Backend-version-5.0/node_modules/typeorm/query-builder/src/query-builder/SelectQueryBuilder.ts:1671:29)
    at async SelectQueryBuilder.getOne (/Users/C9K4HN/Downloads/Latest/Backend-version-5.0/node_modules/typeorm/query-builder/src/query-builder/SelectQueryBuilder.ts:1698:25)
    at async ClaimsService.findOne (/Users/C9K4HN/Downloads/Latest/Backend-version-5.0/src/claims/claims.service.ts:54:19)
    at async ClaimsController.findOne (/Users/C9K4HN/Downloads/Latest/Backend-version-5.0/src/claims/claims.controller.ts:57:19)
2025-12-02 14:30:58 | ERROR | [HTTP-Error] | ✗ GET /api/users/admin | Error: NJS-105: value is not a number (NaN) and cannot be used in Oracle Database numbers | Duration: 1ms | User: 42 | Trace: QueryFailedError: NJS-105: value is not a number (NaN) and cannot be used in Oracle Database numbers
    at OracleQueryRunner.query (/Users/C9K4HN/Downloads/Latest/Backend-version-5.0/node_modules/typeorm/driver/src/driver/oracle/OracleQueryRunner.ts:299:19)
    at process.processTicksAndRejections (node:internal/process/task_queues:105:5)
    at async SelectQueryBuilder.loadRawResults (/Users/C9K4HN/Downloads/Latest/Backend-version-5.0/node_modules/typeorm/query-builder/src/query-builder/SelectQueryBuilder.ts:3868:25)
    at async SelectQueryBuilder.executeEntitiesAndRawResults (/Users/C9K4HN/Downloads/Latest/Backend-version-5.0/node_modules/typeorm/query-builder/src/query-builder/SelectQueryBuilder.ts:3614:26)
    at async SelectQueryBuilder.getRawAndEntities (/Users/C9K4HN/Downloads/Latest/Backend-version-5.0/node_modules/typeorm/query-builder/src/query-builder/SelectQueryBuilder.ts:1671:29)
    at async SelectQueryBuilder.getOne (/Users/C9K4HN/Downloads/Latest/Backend-version-5.0/node_modules/typeorm/query-builder/src/query-builder/SelectQueryBuilder.ts:1698:25)
    at async UsersService.findOne (/Users/C9K4HN/Downloads/Latest/Backend-version-5.0/src/users/users.service.ts:45:18)
    at async UsersController.findOne (/Users/C9K4HN/Downloads/Latest/Backend-version-5.0/src/users/users.controller.ts:33:18)
2025-12-02 14:30:58 | ERROR | [HTTP-Error] | ✗ GET /api/policies/admin | Error: NJS-105: value is not a number (NaN) and cannot be used in Oracle Database numbers | Duration: 2ms | User: 42 | Trace: QueryFailedError: NJS-105: value is not a number (NaN) and cannot be used in Oracle Database numbers
    at OracleQueryRunner.query (/Users/C9K4HN/Downloads/Latest/Backend-version-5.0/node_modules/typeorm/driver/src/driver/oracle/OracleQueryRunner.ts:299:19)
    at process.processTicksAndRejections (node:internal/process/task_queues:105:5)
    at async SelectQueryBuilder.loadRawResults (/Users/C9K4HN/Downloads/Latest/Backend-version-5.0/node_modules/typeorm/query-builder/src/query-builder/SelectQueryBuilder.ts:3868:25)
    at async SelectQueryBuilder.executeEntitiesAndRawResults (/Users/C9K4HN/Downloads/Latest/Backend-version-5.0/node_modules/typeorm/query-builder/src/query-builder/SelectQueryBuilder.ts:3614:26)
    at async SelectQueryBuilder.getRawAndEntities (/Users/C9K4HN/Downloads/Latest/Backend-version-5.0/node_modules/typeorm/query-builder/src/query-builder/SelectQueryBuilder.ts:1671:29)
    at async SelectQueryBuilder.getOne (/Users/C9K4HN/Downloads/Latest/Backend-version-5.0/node_modules/typeorm/query-builder/src/query-builder/SelectQueryBuilder.ts:1698:25)
    at async PoliciesService.findOne (/Users/C9K4HN/Downloads/Latest/Backend-version-5.0/src/policies/policies.service.ts:106:20)
    at async PoliciesController.findOne (/Users/C9K4HN/Downloads/Latest/Backend-version-5.0/src/policies/policies.controller.ts:50:20)
2025-12-02 14:30:58 | ERROR | [HTTP-Error] | ✗ GET /api/claims/admin | Error: NJS-105: value is not a number (NaN) and cannot be used in Oracle Database numbers | Duration: 1ms | User: 42 | Trace: QueryFailedError: NJS-105: value is not a number (NaN) and cannot be used in Oracle Database numbers
    at OracleQueryRunner.query (/Users/C9K4HN/Downloads/Latest/Backend-version-5.0/node_modules/typeorm/driver/src/driver/oracle/OracleQueryRunner.ts:299:19)
    at process.processTicksAndRejections (node:internal/process/task_queues:105:5)
    at async SelectQueryBuilder.loadRawResults (/Users/C9K4HN/Downloads/Latest/Backend-version-5.0/node_modules/typeorm/query-builder/src/query-builder/SelectQueryBuilder.ts:3868:25)
    at async SelectQueryBuilder.executeEntitiesAndRawResults (/Users/C9K4HN/Downloads/Latest/Backend-version-5.0/node_modules/typeorm/query-builder/src/query-builder/SelectQueryBuilder.ts:3614:26)
    at async SelectQueryBuilder.getRawAndEntities (/Users/C9K4HN/Downloads/Latest/Backend-version-5.0/node_modules/typeorm/query-builder/src/query-builder/SelectQueryBuilder.ts:1671:29)
    at async SelectQueryBuilder.getOne (/Users/C9K4HN/Downloads/Latest/Backend-version-5.0/node_modules/typeorm/query-builder/src/query-builder/SelectQueryBuilder.ts:1698:25)
    at async ClaimsService.findOne (/Users/C9K4HN/Downloads/Latest/Backend-version-5.0/src/claims/claims.service.ts:54:19)
    at async ClaimsController.findOne (/Users/C9K4HN/Downloads/Latest/Backend-version-5.0/src/claims/claims.controller.ts:57:19)
2025-12-02 14:30:58 | ERROR | [HTTP-Error] | ✗ GET /api/users/admin | Error: NJS-105: value is not a number (NaN) and cannot be used in Oracle Database numbers | Duration: 0ms | User: 42 | Trace: QueryFailedError: NJS-105: value is not a number (NaN) and cannot be used in Oracle Database numbers
    at OracleQueryRunner.query (/Users/C9K4HN/Downloads/Latest/Backend-version-5.0/node_modules/typeorm/driver/src/driver/oracle/OracleQueryRunner.ts:299:19)
    at process.processTicksAndRejections (node:internal/process/task_queues:105:5)
    at async SelectQueryBuilder.loadRawResults (/Users/C9K4HN/Downloads/Latest/Backend-version-5.0/node_modules/typeorm/query-builder/src/query-builder/SelectQueryBuilder.ts:3868:25)
    at async SelectQueryBuilder.executeEntitiesAndRawResults (/Users/C9K4HN/Downloads/Latest/Backend-version-5.0/node_modules/typeorm/query-builder/src/query-builder/SelectQueryBuilder.ts:3614:26)
    at async SelectQueryBuilder.getRawAndEntities (/Users/C9K4HN/Downloads/Latest/Backend-version-5.0/node_modules/typeorm/query-builder/src/query-builder/SelectQueryBuilder.ts:1671:29)
    at async SelectQueryBuilder.getOne (/Users/C9K4HN/Downloads/Latest/Backend-version-5.0/node_modules/typeorm/query-builder/src/query-builder/SelectQueryBuilder.ts:1698:25)
    at async UsersService.findOne (/Users/C9K4HN/Downloads/Latest/Backend-version-5.0/src/users/users.service.ts:45:18)
    at async UsersController.findOne (/Users/C9K4HN/Downloads/Latest/Backend-version-5.0/src/users/users.controller.ts:33:18)
2025-12-02 14:30:58 | ERROR | [HTTP-Error] | ✗ GET /api/policies/admin | Error: NJS-105: value is not a number (NaN) and cannot be used in Oracle Database numbers | Duration: 1ms | User: 42 | Trace: QueryFailedError: NJS-105: value is not a number (NaN) and cannot be used in Oracle Database numbers
    at OracleQueryRunner.query (/Users/C9K4HN/Downloads/Latest/Backend-version-5.0/node_modules/typeorm/driver/src/driver/oracle/OracleQueryRunner.ts:299:19)
    at process.processTicksAndRejections (node:internal/process/task_queues:105:5)
    at async SelectQueryBuilder.loadRawResults (/Users/C9K4HN/Downloads/Latest/Backend-version-5.0/node_modules/typeorm/query-builder/src/query-builder/SelectQueryBuilder.ts:3868:25)
    at async SelectQueryBuilder.executeEntitiesAndRawResults (/Users/C9K4HN/Downloads/Latest/Backend-version-5.0/node_modules/typeorm/query-builder/src/query-builder/SelectQueryBuilder.ts:3614:26)
    at async SelectQueryBuilder.getRawAndEntities (/Users/C9K4HN/Downloads/Latest/Backend-version-5.0/node_modules/typeorm/query-builder/src/query-builder/SelectQueryBuilder.ts:1671:29)
    at async SelectQueryBuilder.getOne (/Users/C9K4HN/Downloads/Latest/Backend-version-5.0/node_modules/typeorm/query-builder/src/query-builder/SelectQueryBuilder.ts:1698:25)
    at async PoliciesService.findOne (/Users/C9K4HN/Downloads/Latest/Backend-version-5.0/src/policies/policies.service.ts:106:20)
    at async PoliciesController.findOne (/Users/C9K4HN/Downloads/Latest/Backend-version-5.0/src/policies/policies.controller.ts:50:20)
2025-12-02 14:31:00 | ERROR | [HTTP-Error] | ✗ GET /api/claims/admin | Error: NJS-105: value is not a number (NaN) and cannot be used in Oracle Database numbers | Duration: 1ms | User: 42 | Trace: QueryFailedError: NJS-105: value is not a number (NaN) and cannot be used in Oracle Database numbers
    at OracleQueryRunner.query (/Users/C9K4HN/Downloads/Latest/Backend-version-5.0/node_modules/typeorm/driver/src/driver/oracle/OracleQueryRunner.ts:299:19)
    at process.processTicksAndRejections (node:internal/process/task_queues:105:5)
    at async SelectQueryBuilder.loadRawResults (/Users/C9K4HN/Downloads/Latest/Backend-version-5.0/node_modules/typeorm/query-builder/src/query-builder/SelectQueryBuilder.ts:3868:25)
    at async SelectQueryBuilder.executeEntitiesAndRawResults (/Users/C9K4HN/Downloads/Latest/Backend-version-5.0/node_modules/typeorm/query-builder/src/query-builder/SelectQueryBuilder.ts:3614:26)
    at async SelectQueryBuilder.getRawAndEntities (/Users/C9K4HN/Downloads/Latest/Backend-version-5.0/node_modules/typeorm/query-builder/src/query-builder/SelectQueryBuilder.ts:1671:29)
    at async SelectQueryBuilder.getOne (/Users/C9K4HN/Downloads/Latest/Backend-version-5.0/node_modules/typeorm/query-builder/src/query-builder/SelectQueryBuilder.ts:1698:25)
    at async ClaimsService.findOne (/Users/C9K4HN/Downloads/Latest/Backend-version-5.0/src/claims/claims.service.ts:54:19)
    at async ClaimsController.findOne (/Users/C9K4HN/Downloads/Latest/Backend-version-5.0/src/claims/claims.controller.ts:57:19)
2025-12-02 14:31:00 | ERROR | [HTTP-Error] | ✗ GET /api/claims/admin | Error: NJS-105: value is not a number (NaN) and cannot be used in Oracle Database numbers | Duration: 2ms | User: 42 | Trace: QueryFailedError: NJS-105: value is not a number (NaN) and cannot be used in Oracle Database numbers
    at OracleQueryRunner.query (/Users/C9K4HN/Downloads/Latest/Backend-version-5.0/node_modules/typeorm/driver/src/driver/oracle/OracleQueryRunner.ts:299:19)
    at process.processTicksAndRejections (node:internal/process/task_queues:105:5)
    at async SelectQueryBuilder.loadRawResults (/Users/C9K4HN/Downloads/Latest/Backend-version-5.0/node_modules/typeorm/query-builder/src/query-builder/SelectQueryBuilder.ts:3868:25)
    at async SelectQueryBuilder.executeEntitiesAndRawResults (/Users/C9K4HN/Downloads/Latest/Backend-version-5.0/node_modules/typeorm/query-builder/src/query-builder/SelectQueryBuilder.ts:3614:26)
    at async SelectQueryBuilder.getRawAndEntities (/Users/C9K4HN/Downloads/Latest/Backend-version-5.0/node_modules/typeorm/query-builder/src/query-builder/SelectQueryBuilder.ts:1671:29)
    at async SelectQueryBuilder.getOne (/Users/C9K4HN/Downloads/Latest/Backend-version-5.0/node_modules/typeorm/query-builder/src/query-builder/SelectQueryBuilder.ts:1698:25)
    at async ClaimsService.findOne (/Users/C9K4HN/Downloads/Latest/Backend-version-5.0/src/claims/claims.service.ts:54:19)
    at async ClaimsController.findOne (/Users/C9K4HN/Downloads/Latest/Backend-version-5.0/src/claims/claims.controller.ts:57:19)
2025-12-02 14:31:01 | ERROR | [HTTP-Error] | ✗ GET /api/policies/admin | Error: NJS-105: value is not a number (NaN) and cannot be used in Oracle Database numbers | Duration: 2ms | User: 42 | Trace: QueryFailedError: NJS-105: value is not a number (NaN) and cannot be used in Oracle Database numbers
    at OracleQueryRunner.query (/Users/C9K4HN/Downloads/Latest/Backend-version-5.0/node_modules/typeorm/driver/src/driver/oracle/OracleQueryRunner.ts:299:19)
    at process.processTicksAndRejections (node:internal/process/task_queues:105:5)
    at async SelectQueryBuilder.loadRawResults (/Users/C9K4HN/Downloads/Latest/Backend-version-5.0/node_modules/typeorm/query-builder/src/query-builder/SelectQueryBuilder.ts:3868:25)
    at async SelectQueryBuilder.executeEntitiesAndRawResults (/Users/C9K4HN/Downloads/Latest/Backend-version-5.0/node_modules/typeorm/query-builder/src/query-builder/SelectQueryBuilder.ts:3614:26)
    at async SelectQueryBuilder.getRawAndEntities (/Users/C9K4HN/Downloads/Latest/Backend-version-5.0/node_modules/typeorm/query-builder/src/query-builder/SelectQueryBuilder.ts:1671:29)
    at async SelectQueryBuilder.getOne (/Users/C9K4HN/Downloads/Latest/Backend-version-5.0/node_modules/typeorm/query-builder/src/query-builder/SelectQueryBuilder.ts:1698:25)
    at async PoliciesService.findOne (/Users/C9K4HN/Downloads/Latest/Backend-version-5.0/src/policies/policies.service.ts:106:20)
    at async PoliciesController.findOne (/Users/C9K4HN/Downloads/Latest/Backend-version-5.0/src/policies/policies.controller.ts:50:20)
2025-12-02 14:31:01 | ERROR | [HTTP-Error] | ✗ GET /api/policies/admin | Error: NJS-105: value is not a number (NaN) and cannot be used in Oracle Database numbers | Duration: 1ms | User: 42 | Trace: QueryFailedError: NJS-105: value is not a number (NaN) and cannot be used in Oracle Database numbers
    at OracleQueryRunner.query (/Users/C9K4HN/Downloads/Latest/Backend-version-5.0/node_modules/typeorm/driver/src/driver/oracle/OracleQueryRunner.ts:299:19)
    at process.processTicksAndRejections (node:internal/process/task_queues:105:5)
    at async SelectQueryBuilder.loadRawResults (/Users/C9K4HN/Downloads/Latest/Backend-version-5.0/node_modules/typeorm/query-builder/src/query-builder/SelectQueryBuilder.ts:3868:25)
    at async SelectQueryBuilder.executeEntitiesAndRawResults (/Users/C9K4HN/Downloads/Latest/Backend-version-5.0/node_modules/typeorm/query-builder/src/query-builder/SelectQueryBuilder.ts:3614:26)
    at async SelectQueryBuilder.getRawAndEntities (/Users/C9K4HN/Downloads/Latest/Backend-version-5.0/node_modules/typeorm/query-builder/src/query-builder/SelectQueryBuilder.ts:1671:29)
    at async SelectQueryBuilder.getOne (/Users/C9K4HN/Downloads/Latest/Backend-version-5.0/node_modules/typeorm/query-builder/src/query-builder/SelectQueryBuilder.ts:1698:25)
    at async PoliciesService.findOne (/Users/C9K4HN/Downloads/Latest/Backend-version-5.0/src/policies/policies.service.ts:106:20)
    at async PoliciesController.findOne (/Users/C9K4HN/Downloads/Latest/Backend-version-5.0/src/policies/policies.controller.ts:50:20)
2025-12-02 14:31:02 | ERROR | [HTTP-Error] | ✗ GET /api/users/admin | Error: NJS-105: value is not a number (NaN) and cannot be used in Oracle Database numbers | Duration: 0ms | User: 42 | Trace: QueryFailedError: NJS-105: value is not a number (NaN) and cannot be used in Oracle Database numbers
    at OracleQueryRunner.query (/Users/C9K4HN/Downloads/Latest/Backend-version-5.0/node_modules/typeorm/driver/src/driver/oracle/OracleQueryRunner.ts:299:19)
    at process.processTicksAndRejections (node:internal/process/task_queues:105:5)
    at async SelectQueryBuilder.loadRawResults (/Users/C9K4HN/Downloads/Latest/Backend-version-5.0/node_modules/typeorm/query-builder/src/query-builder/SelectQueryBuilder.ts:3868:25)
    at async SelectQueryBuilder.executeEntitiesAndRawResults (/Users/C9K4HN/Downloads/Latest/Backend-version-5.0/node_modules/typeorm/query-builder/src/query-builder/SelectQueryBuilder.ts:3614:26)
    at async SelectQueryBuilder.getRawAndEntities (/Users/C9K4HN/Downloads/Latest/Backend-version-5.0/node_modules/typeorm/query-builder/src/query-builder/SelectQueryBuilder.ts:1671:29)
    at async SelectQueryBuilder.getOne (/Users/C9K4HN/Downloads/Latest/Backend-version-5.0/node_modules/typeorm/query-builder/src/query-builder/SelectQueryBuilder.ts:1698:25)
    at async UsersService.findOne (/Users/C9K4HN/Downloads/Latest/Backend-version-5.0/src/users/users.service.ts:45:18)
    at async UsersController.findOne (/Users/C9K4HN/Downloads/Latest/Backend-version-5.0/src/users/users.controller.ts:33:18)
2025-12-02 14:31:02 | ERROR | [HTTP-Error] | ✗ GET /api/policies/admin | Error: NJS-105: value is not a number (NaN) and cannot be used in Oracle Database numbers | Duration: 0ms | User: 42 | Trace: QueryFailedError: NJS-105: value is not a number (NaN) and cannot be used in Oracle Database numbers
    at OracleQueryRunner.query (/Users/C9K4HN/Downloads/Latest/Backend-version-5.0/node_modules/typeorm/driver/src/driver/oracle/OracleQueryRunner.ts:299:19)
    at process.processTicksAndRejections (node:internal/process/task_queues:105:5)
    at async SelectQueryBuilder.loadRawResults (/Users/C9K4HN/Downloads/Latest/Backend-version-5.0/node_modules/typeorm/query-builder/src/query-builder/SelectQueryBuilder.ts:3868:25)
    at async SelectQueryBuilder.executeEntitiesAndRawResults (/Users/C9K4HN/Downloads/Latest/Backend-version-5.0/node_modules/typeorm/query-builder/src/query-builder/SelectQueryBuilder.ts:3614:26)
    at async SelectQueryBuilder.getRawAndEntities (/Users/C9K4HN/Downloads/Latest/Backend-version-5.0/node_modules/typeorm/query-builder/src/query-builder/SelectQueryBuilder.ts:1671:29)
    at async SelectQueryBuilder.getOne (/Users/C9K4HN/Downloads/Latest/Backend-version-5.0/node_modules/typeorm/query-builder/src/query-builder/SelectQueryBuilder.ts:1698:25)
    at async PoliciesService.findOne (/Users/C9K4HN/Downloads/Latest/Backend-version-5.0/src/policies/policies.service.ts:106:20)
    at async PoliciesController.findOne (/Users/C9K4HN/Downloads/Latest/Backend-version-5.0/src/policies/policies.controller.ts:50:20)
2025-12-02 14:31:02 | ERROR | [HTTP-Error] | ✗ GET /api/claims/admin | Error: NJS-105: value is not a number (NaN) and cannot be used in Oracle Database numbers | Duration: 1ms | User: 42 | Trace: QueryFailedError: NJS-105: value is not a number (NaN) and cannot be used in Oracle Database numbers
    at OracleQueryRunner.query (/Users/C9K4HN/Downloads/Latest/Backend-version-5.0/node_modules/typeorm/driver/src/driver/oracle/OracleQueryRunner.ts:299:19)
    at process.processTicksAndRejections (node:internal/process/task_queues:105:5)
    at async SelectQueryBuilder.loadRawResults (/Users/C9K4HN/Downloads/Latest/Backend-version-5.0/node_modules/typeorm/query-builder/src/query-builder/SelectQueryBuilder.ts:3868:25)
    at async SelectQueryBuilder.executeEntitiesAndRawResults (/Users/C9K4HN/Downloads/Latest/Backend-version-5.0/node_modules/typeorm/query-builder/src/query-builder/SelectQueryBuilder.ts:3614:26)
    at async SelectQueryBuilder.getRawAndEntities (/Users/C9K4HN/Downloads/Latest/Backend-version-5.0/node_modules/typeorm/query-builder/src/query-builder/SelectQueryBuilder.ts:1671:29)
    at async SelectQueryBuilder.getOne (/Users/C9K4HN/Downloads/Latest/Backend-version-5.0/node_modules/typeorm/query-builder/src/query-builder/SelectQueryBuilder.ts:1698:25)
    at async ClaimsService.findOne (/Users/C9K4HN/Downloads/Latest/Backend-version-5.0/src/claims/claims.service.ts:54:19)
    at async ClaimsController.findOne (/Users/C9K4HN/Downloads/Latest/Backend-version-5.0/src/claims/claims.controller.ts:57:19)
2025-12-02 14:31:02 | ERROR | [HTTP-Error] | ✗ GET /api/users/admin | Error: NJS-105: value is not a number (NaN) and cannot be used in Oracle Database numbers | Duration: 1ms | User: 42 | Trace: QueryFailedError: NJS-105: value is not a number (NaN) and cannot be used in Oracle Database numbers
    at OracleQueryRunner.query (/Users/C9K4HN/Downloads/Latest/Backend-version-5.0/node_modules/typeorm/driver/src/driver/oracle/OracleQueryRunner.ts:299:19)
    at process.processTicksAndRejections (node:internal/process/task_queues:105:5)
    at async SelectQueryBuilder.loadRawResults (/Users/C9K4HN/Downloads/Latest/Backend-version-5.0/node_modules/typeorm/query-builder/src/query-builder/SelectQueryBuilder.ts:3868:25)
    at async SelectQueryBuilder.executeEntitiesAndRawResults (/Users/C9K4HN/Downloads/Latest/Backend-version-5.0/node_modules/typeorm/query-builder/src/query-builder/SelectQueryBuilder.ts:3614:26)
    at async SelectQueryBuilder.getRawAndEntities (/Users/C9K4HN/Downloads/Latest/Backend-version-5.0/node_modules/typeorm/query-builder/src/query-builder/SelectQueryBuilder.ts:1671:29)
    at async SelectQueryBuilder.getOne (/Users/C9K4HN/Downloads/Latest/Backend-version-5.0/node_modules/typeorm/query-builder/src/query-builder/SelectQueryBuilder.ts:1698:25)
    at async UsersService.findOne (/Users/C9K4HN/Downloads/Latest/Backend-version-5.0/src/users/users.service.ts:45:18)
    at async UsersController.findOne (/Users/C9K4HN/Downloads/Latest/Backend-version-5.0/src/users/users.controller.ts:33:18)
2025-12-02 14:31:02 | ERROR | [HTTP-Error] | ✗ GET /api/claims/admin | Error: NJS-105: value is not a number (NaN) and cannot be used in Oracle Database numbers | Duration: 1ms | User: 42 | Trace: QueryFailedError: NJS-105: value is not a number (NaN) and cannot be used in Oracle Database numbers
    at OracleQueryRunner.query (/Users/C9K4HN/Downloads/Latest/Backend-version-5.0/node_modules/typeorm/driver/src/driver/oracle/OracleQueryRunner.ts:299:19)
    at process.processTicksAndRejections (node:internal/process/task_queues:105:5)
    at async SelectQueryBuilder.loadRawResults (/Users/C9K4HN/Downloads/Latest/Backend-version-5.0/node_modules/typeorm/query-builder/src/query-builder/SelectQueryBuilder.ts:3868:25)
    at async SelectQueryBuilder.executeEntitiesAndRawResults (/Users/C9K4HN/Downloads/Latest/Backend-version-5.0/node_modules/typeorm/query-builder/src/query-builder/SelectQueryBuilder.ts:3614:26)
    at async SelectQueryBuilder.getRawAndEntities (/Users/C9K4HN/Downloads/Latest/Backend-version-5.0/node_modules/typeorm/query-builder/src/query-builder/SelectQueryBuilder.ts:1671:29)
    at async SelectQueryBuilder.getOne (/Users/C9K4HN/Downloads/Latest/Backend-version-5.0/node_modules/typeorm/query-builder/src/query-builder/SelectQueryBuilder.ts:1698:25)
    at async ClaimsService.findOne (/Users/C9K4HN/Downloads/Latest/Backend-version-5.0/src/claims/claims.service.ts:54:19)
    at async ClaimsController.findOne (/Users/C9K4HN/Downloads/Latest/Backend-version-5.0/src/claims/claims.controller.ts:57:19)
2025-12-02 14:31:02 | ERROR | [HTTP-Error] | ✗ GET /api/policies/admin | Error: NJS-105: value is not a number (NaN) and cannot be used in Oracle Database numbers | Duration: 0ms | User: 42 | Trace: QueryFailedError: NJS-105: value is not a number (NaN) and cannot be used in Oracle Database numbers
    at OracleQueryRunner.query (/Users/C9K4HN/Downloads/Latest/Backend-version-5.0/node_modules/typeorm/driver/src/driver/oracle/OracleQueryRunner.ts:299:19)
    at process.processTicksAndRejections (node:internal/process/task_queues:105:5)
    at async SelectQueryBuilder.loadRawResults (/Users/C9K4HN/Downloads/Latest/Backend-version-5.0/node_modules/typeorm/query-builder/src/query-builder/SelectQueryBuilder.ts:3868:25)
    at async SelectQueryBuilder.executeEntitiesAndRawResults (/Users/C9K4HN/Downloads/Latest/Backend-version-5.0/node_modules/typeorm/query-builder/src/query-builder/SelectQueryBuilder.ts:3614:26)
    at async SelectQueryBuilder.getRawAndEntities (/Users/C9K4HN/Downloads/Latest/Backend-version-5.0/node_modules/typeorm/query-builder/src/query-builder/SelectQueryBuilder.ts:1671:29)
    at async SelectQueryBuilder.getOne (/Users/C9K4HN/Downloads/Latest/Backend-version-5.0/node_modules/typeorm/query-builder/src/query-builder/SelectQueryBuilder.ts:1698:25)
    at async PoliciesService.findOne (/Users/C9K4HN/Downloads/Latest/Backend-version-5.0/src/policies/policies.service.ts:106:20)
    at async PoliciesController.findOne (/Users/C9K4HN/Downloads/Latest/Backend-version-5.0/src/policies/policies.controller.ts:50:20)
2025-12-02 14:31:08 | ERROR | [HTTP-Error] | ✗ GET /api/policies/admin | Error: NJS-105: value is not a number (NaN) and cannot be used in Oracle Database numbers | Duration: 1ms | User: 42 | Trace: QueryFailedError: NJS-105: value is not a number (NaN) and cannot be used in Oracle Database numbers
    at OracleQueryRunner.query (/Users/C9K4HN/Downloads/Latest/Backend-version-5.0/node_modules/typeorm/driver/src/driver/oracle/OracleQueryRunner.ts:299:19)
    at process.processTicksAndRejections (node:internal/process/task_queues:105:5)
    at async SelectQueryBuilder.loadRawResults (/Users/C9K4HN/Downloads/Latest/Backend-version-5.0/node_modules/typeorm/query-builder/src/query-builder/SelectQueryBuilder.ts:3868:25)
    at async SelectQueryBuilder.executeEntitiesAndRawResults (/Users/C9K4HN/Downloads/Latest/Backend-version-5.0/node_modules/typeorm/query-builder/src/query-builder/SelectQueryBuilder.ts:3614:26)
    at async SelectQueryBuilder.getRawAndEntities (/Users/C9K4HN/Downloads/Latest/Backend-version-5.0/node_modules/typeorm/query-builder/src/query-builder/SelectQueryBuilder.ts:1671:29)
    at async SelectQueryBuilder.getOne (/Users/C9K4HN/Downloads/Latest/Backend-version-5.0/node_modules/typeorm/query-builder/src/query-builder/SelectQueryBuilder.ts:1698:25)
    at async PoliciesService.findOne (/Users/C9K4HN/Downloads/Latest/Backend-version-5.0/src/policies/policies.service.ts:106:20)
    at async PoliciesController.findOne (/Users/C9K4HN/Downloads/Latest/Backend-version-5.0/src/policies/policies.controller.ts:50:20)
2025-12-02 14:31:08 | ERROR | [HTTP-Error] | ✗ GET /api/policies/admin | Error: NJS-105: value is not a number (NaN) and cannot be used in Oracle Database numbers | Duration: 1ms | User: 42 | Trace: QueryFailedError: NJS-105: value is not a number (NaN) and cannot be used in Oracle Database numbers
    at OracleQueryRunner.query (/Users/C9K4HN/Downloads/Latest/Backend-version-5.0/node_modules/typeorm/driver/src/driver/oracle/OracleQueryRunner.ts:299:19)
    at process.processTicksAndRejections (node:internal/process/task_queues:105:5)
    at async SelectQueryBuilder.loadRawResults (/Users/C9K4HN/Downloads/Latest/Backend-version-5.0/node_modules/typeorm/query-builder/src/query-builder/SelectQueryBuilder.ts:3868:25)
    at async SelectQueryBuilder.executeEntitiesAndRawResults (/Users/C9K4HN/Downloads/Latest/Backend-version-5.0/node_modules/typeorm/query-builder/src/query-builder/SelectQueryBuilder.ts:3614:26)
    at async SelectQueryBuilder.getRawAndEntities (/Users/C9K4HN/Downloads/Latest/Backend-version-5.0/node_modules/typeorm/query-builder/src/query-builder/SelectQueryBuilder.ts:1671:29)
    at async SelectQueryBuilder.getOne (/Users/C9K4HN/Downloads/Latest/Backend-version-5.0/node_modules/typeorm/query-builder/src/query-builder/SelectQueryBuilder.ts:1698:25)
    at async PoliciesService.findOne (/Users/C9K4HN/Downloads/Latest/Backend-version-5.0/src/policies/policies.service.ts:106:20)
    at async PoliciesController.findOne (/Users/C9K4HN/Downloads/Latest/Backend-version-5.0/src/policies/policies.controller.ts:50:20)
2025-12-02 14:31:14 | ERROR | [HTTP-Error] | ✗ GET /api/users/admin | Error: NJS-105: value is not a number (NaN) and cannot be used in Oracle Database numbers | Duration: 0ms | User: 42 | Trace: QueryFailedError: NJS-105: value is not a number (NaN) and cannot be used in Oracle Database numbers
    at OracleQueryRunner.query (/Users/C9K4HN/Downloads/Latest/Backend-version-5.0/node_modules/typeorm/driver/src/driver/oracle/OracleQueryRunner.ts:299:19)
    at process.processTicksAndRejections (node:internal/process/task_queues:105:5)
    at async SelectQueryBuilder.loadRawResults (/Users/C9K4HN/Downloads/Latest/Backend-version-5.0/node_modules/typeorm/query-builder/src/query-builder/SelectQueryBuilder.ts:3868:25)
    at async SelectQueryBuilder.executeEntitiesAndRawResults (/Users/C9K4HN/Downloads/Latest/Backend-version-5.0/node_modules/typeorm/query-builder/src/query-builder/SelectQueryBuilder.ts:3614:26)
    at async SelectQueryBuilder.getRawAndEntities (/Users/C9K4HN/Downloads/Latest/Backend-version-5.0/node_modules/typeorm/query-builder/src/query-builder/SelectQueryBuilder.ts:1671:29)
    at async SelectQueryBuilder.getOne (/Users/C9K4HN/Downloads/Latest/Backend-version-5.0/node_modules/typeorm/query-builder/src/query-builder/SelectQueryBuilder.ts:1698:25)
    at async UsersService.findOne (/Users/C9K4HN/Downloads/Latest/Backend-version-5.0/src/users/users.service.ts:45:18)
    at async UsersController.findOne (/Users/C9K4HN/Downloads/Latest/Backend-version-5.0/src/users/users.controller.ts:33:18)
2025-12-02 14:31:14 | ERROR | [HTTP-Error] | ✗ GET /api/policies/admin | Error: NJS-105: value is not a number (NaN) and cannot be used in Oracle Database numbers | Duration: 0ms | User: 42 | Trace: QueryFailedError: NJS-105: value is not a number (NaN) and cannot be used in Oracle Database numbers
    at OracleQueryRunner.query (/Users/C9K4HN/Downloads/Latest/Backend-version-5.0/node_modules/typeorm/driver/src/driver/oracle/OracleQueryRunner.ts:299:19)
    at process.processTicksAndRejections (node:internal/process/task_queues:105:5)
    at async SelectQueryBuilder.loadRawResults (/Users/C9K4HN/Downloads/Latest/Backend-version-5.0/node_modules/typeorm/query-builder/src/query-builder/SelectQueryBuilder.ts:3868:25)
    at async SelectQueryBuilder.executeEntitiesAndRawResults (/Users/C9K4HN/Downloads/Latest/Backend-version-5.0/node_modules/typeorm/query-builder/src/query-builder/SelectQueryBuilder.ts:3614:26)
    at async SelectQueryBuilder.getRawAndEntities (/Users/C9K4HN/Downloads/Latest/Backend-version-5.0/node_modules/typeorm/query-builder/src/query-builder/SelectQueryBuilder.ts:1671:29)
    at async SelectQueryBuilder.getOne (/Users/C9K4HN/Downloads/Latest/Backend-version-5.0/node_modules/typeorm/query-builder/src/query-builder/SelectQueryBuilder.ts:1698:25)
    at async PoliciesService.findOne (/Users/C9K4HN/Downloads/Latest/Backend-version-5.0/src/policies/policies.service.ts:106:20)
    at async PoliciesController.findOne (/Users/C9K4HN/Downloads/Latest/Backend-version-5.0/src/policies/policies.controller.ts:50:20)
2025-12-02 14:31:14 | ERROR | [HTTP-Error] | ✗ GET /api/claims/admin | Error: NJS-105: value is not a number (NaN) and cannot be used in Oracle Database numbers | Duration: 0ms | User: 42 | Trace: QueryFailedError: NJS-105: value is not a number (NaN) and cannot be used in Oracle Database numbers
    at OracleQueryRunner.query (/Users/C9K4HN/Downloads/Latest/Backend-version-5.0/node_modules/typeorm/driver/src/driver/oracle/OracleQueryRunner.ts:299:19)
    at process.processTicksAndRejections (node:internal/process/task_queues:105:5)
    at async SelectQueryBuilder.loadRawResults (/Users/C9K4HN/Downloads/Latest/Backend-version-5.0/node_modules/typeorm/query-builder/src/query-builder/SelectQueryBuilder.ts:3868:25)
    at async SelectQueryBuilder.executeEntitiesAndRawResults (/Users/C9K4HN/Downloads/Latest/Backend-version-5.0/node_modules/typeorm/query-builder/src/query-builder/SelectQueryBuilder.ts:3614:26)
    at async SelectQueryBuilder.getRawAndEntities (/Users/C9K4HN/Downloads/Latest/Backend-version-5.0/node_modules/typeorm/query-builder/src/query-builder/SelectQueryBuilder.ts:1671:29)
    at async SelectQueryBuilder.getOne (/Users/C9K4HN/Downloads/Latest/Backend-version-5.0/node_modules/typeorm/query-builder/src/query-builder/SelectQueryBuilder.ts:1698:25)
    at async ClaimsService.findOne (/Users/C9K4HN/Downloads/Latest/Backend-version-5.0/src/claims/claims.service.ts:54:19)
    at async ClaimsController.findOne (/Users/C9K4HN/Downloads/Latest/Backend-version-5.0/src/claims/claims.controller.ts:57:19)
2025-12-02 14:31:14 | ERROR | [HTTP-Error] | ✗ GET /api/users/admin | Error: NJS-105: value is not a number (NaN) and cannot be used in Oracle Database numbers | Duration: 0ms | User: 42 | Trace: QueryFailedError: NJS-105: value is not a number (NaN) and cannot be used in Oracle Database numbers
    at OracleQueryRunner.query (/Users/C9K4HN/Downloads/Latest/Backend-version-5.0/node_modules/typeorm/driver/src/driver/oracle/OracleQueryRunner.ts:299:19)
    at process.processTicksAndRejections (node:internal/process/task_queues:105:5)
    at async SelectQueryBuilder.loadRawResults (/Users/C9K4HN/Downloads/Latest/Backend-version-5.0/node_modules/typeorm/query-builder/src/query-builder/SelectQueryBuilder.ts:3868:25)
    at async SelectQueryBuilder.executeEntitiesAndRawResults (/Users/C9K4HN/Downloads/Latest/Backend-version-5.0/node_modules/typeorm/query-builder/src/query-builder/SelectQueryBuilder.ts:3614:26)
    at async SelectQueryBuilder.getRawAndEntities (/Users/C9K4HN/Downloads/Latest/Backend-version-5.0/node_modules/typeorm/query-builder/src/query-builder/SelectQueryBuilder.ts:1671:29)
    at async SelectQueryBuilder.getOne (/Users/C9K4HN/Downloads/Latest/Backend-version-5.0/node_modules/typeorm/query-builder/src/query-builder/SelectQueryBuilder.ts:1698:25)
    at async UsersService.findOne (/Users/C9K4HN/Downloads/Latest/Backend-version-5.0/src/users/users.service.ts:45:18)
    at async UsersController.findOne (/Users/C9K4HN/Downloads/Latest/Backend-version-5.0/src/users/users.controller.ts:33:18)
2025-12-02 14:31:14 | ERROR | [HTTP-Error] | ✗ GET /api/claims/admin | Error: NJS-105: value is not a number (NaN) and cannot be used in Oracle Database numbers | Duration: 0ms | User: 42 | Trace: QueryFailedError: NJS-105: value is not a number (NaN) and cannot be used in Oracle Database numbers
    at OracleQueryRunner.query (/Users/C9K4HN/Downloads/Latest/Backend-version-5.0/node_modules/typeorm/driver/src/driver/oracle/OracleQueryRunner.ts:299:19)
    at process.processTicksAndRejections (node:internal/process/task_queues:105:5)
    at async SelectQueryBuilder.loadRawResults (/Users/C9K4HN/Downloads/Latest/Backend-version-5.0/node_modules/typeorm/query-builder/src/query-builder/SelectQueryBuilder.ts:3868:25)
    at async SelectQueryBuilder.executeEntitiesAndRawResults (/Users/C9K4HN/Downloads/Latest/Backend-version-5.0/node_modules/typeorm/query-builder/src/query-builder/SelectQueryBuilder.ts:3614:26)
    at async SelectQueryBuilder.getRawAndEntities (/Users/C9K4HN/Downloads/Latest/Backend-version-5.0/node_modules/typeorm/query-builder/src/query-builder/SelectQueryBuilder.ts:1671:29)
    at async SelectQueryBuilder.getOne (/Users/C9K4HN/Downloads/Latest/Backend-version-5.0/node_modules/typeorm/query-builder/src/query-builder/SelectQueryBuilder.ts:1698:25)
    at async ClaimsService.findOne (/Users/C9K4HN/Downloads/Latest/Backend-version-5.0/src/claims/claims.service.ts:54:19)
    at async ClaimsController.findOne (/Users/C9K4HN/Downloads/Latest/Backend-version-5.0/src/claims/claims.controller.ts:57:19)
2025-12-02 14:31:14 | ERROR | [HTTP-Error] | ✗ GET /api/policies/admin | Error: NJS-105: value is not a number (NaN) and cannot be used in Oracle Database numbers | Duration: 1ms | User: 42 | Trace: QueryFailedError: NJS-105: value is not a number (NaN) and cannot be used in Oracle Database numbers
    at OracleQueryRunner.query (/Users/C9K4HN/Downloads/Latest/Backend-version-5.0/node_modules/typeorm/driver/src/driver/oracle/OracleQueryRunner.ts:299:19)
    at process.processTicksAndRejections (node:internal/process/task_queues:105:5)
    at async SelectQueryBuilder.loadRawResults (/Users/C9K4HN/Downloads/Latest/Backend-version-5.0/node_modules/typeorm/query-builder/src/query-builder/SelectQueryBuilder.ts:3868:25)
    at async SelectQueryBuilder.executeEntitiesAndRawResults (/Users/C9K4HN/Downloads/Latest/Backend-version-5.0/node_modules/typeorm/query-builder/src/query-builder/SelectQueryBuilder.ts:3614:26)
    at async SelectQueryBuilder.getRawAndEntities (/Users/C9K4HN/Downloads/Latest/Backend-version-5.0/node_modules/typeorm/query-builder/src/query-builder/SelectQueryBuilder.ts:1671:29)
    at async SelectQueryBuilder.getOne (/Users/C9K4HN/Downloads/Latest/Backend-version-5.0/node_modules/typeorm/query-builder/src/query-builder/SelectQueryBuilder.ts:1698:25)
    at async PoliciesService.findOne (/Users/C9K4HN/Downloads/Latest/Backend-version-5.0/src/policies/policies.service.ts:106:20)
    at async PoliciesController.findOne (/Users/C9K4HN/Downloads/Latest/Backend-version-5.0/src/policies/policies.controller.ts:50:20)
2025-12-02 14:31:14 | ERROR | [HTTP-Error] | ✗ GET /api/claims/admin | Error: NJS-105: value is not a number (NaN) and cannot be used in Oracle Database numbers | Duration: 1ms | User: 42 | Trace: QueryFailedError: NJS-105: value is not a number (NaN) and cannot be used in Oracle Database numbers
    at OracleQueryRunner.query (/Users/C9K4HN/Downloads/Latest/Backend-version-5.0/node_modules/typeorm/driver/src/driver/oracle/OracleQueryRunner.ts:299:19)
    at process.processTicksAndRejections (node:internal/process/task_queues:105:5)
    at async SelectQueryBuilder.loadRawResults (/Users/C9K4HN/Downloads/Latest/Backend-version-5.0/node_modules/typeorm/query-builder/src/query-builder/SelectQueryBuilder.ts:3868:25)
    at async SelectQueryBuilder.executeEntitiesAndRawResults (/Users/C9K4HN/Downloads/Latest/Backend-version-5.0/node_modules/typeorm/query-builder/src/query-builder/SelectQueryBuilder.ts:3614:26)
    at async SelectQueryBuilder.getRawAndEntities (/Users/C9K4HN/Downloads/Latest/Backend-version-5.0/node_modules/typeorm/query-builder/src/query-builder/SelectQueryBuilder.ts:1671:29)
    at async SelectQueryBuilder.getOne (/Users/C9K4HN/Downloads/Latest/Backend-version-5.0/node_modules/typeorm/query-builder/src/query-builder/SelectQueryBuilder.ts:1698:25)
    at async ClaimsService.findOne (/Users/C9K4HN/Downloads/Latest/Backend-version-5.0/src/claims/claims.service.ts:54:19)
    at async ClaimsController.findOne (/Users/C9K4HN/Downloads/Latest/Backend-version-5.0/src/claims/claims.controller.ts:57:19)
2025-12-02 14:31:14 | ERROR | [HTTP-Error] | ✗ GET /api/claims/admin | Error: NJS-105: value is not a number (NaN) and cannot be used in Oracle Database numbers | Duration: 1ms | User: 42 | Trace: QueryFailedError: NJS-105: value is not a number (NaN) and cannot be used in Oracle Database numbers
    at OracleQueryRunner.query (/Users/C9K4HN/Downloads/Latest/Backend-version-5.0/node_modules/typeorm/driver/src/driver/oracle/OracleQueryRunner.ts:299:19)
    at process.processTicksAndRejections (node:internal/process/task_queues:105:5)
    at async SelectQueryBuilder.loadRawResults (/Users/C9K4HN/Downloads/Latest/Backend-version-5.0/node_modules/typeorm/query-builder/src/query-builder/SelectQueryBuilder.ts:3868:25)
    at async SelectQueryBuilder.executeEntitiesAndRawResults (/Users/C9K4HN/Downloads/Latest/Backend-version-5.0/node_modules/typeorm/query-builder/src/query-builder/SelectQueryBuilder.ts:3614:26)
    at async SelectQueryBuilder.getRawAndEntities (/Users/C9K4HN/Downloads/Latest/Backend-version-5.0/node_modules/typeorm/query-builder/src/query-builder/SelectQueryBuilder.ts:1671:29)
    at async SelectQueryBuilder.getOne (/Users/C9K4HN/Downloads/Latest/Backend-version-5.0/node_modules/typeorm/query-builder/src/query-builder/SelectQueryBuilder.ts:1698:25)
    at async ClaimsService.findOne (/Users/C9K4HN/Downloads/Latest/Backend-version-5.0/src/claims/claims.service.ts:54:19)
    at async ClaimsController.findOne (/Users/C9K4HN/Downloads/Latest/Backend-version-5.0/src/claims/claims.controller.ts:57:19)
2025-12-02 14:31:15 | ERROR | [HTTP-Error] | ✗ GET /api/policies/admin | Error: NJS-105: value is not a number (NaN) and cannot be used in Oracle Database numbers | Duration: 2ms | User: 42 | Trace: QueryFailedError: NJS-105: value is not a number (NaN) and cannot be used in Oracle Database numbers
    at OracleQueryRunner.query (/Users/C9K4HN/Downloads/Latest/Backend-version-5.0/node_modules/typeorm/driver/src/driver/oracle/OracleQueryRunner.ts:299:19)
    at process.processTicksAndRejections (node:internal/process/task_queues:105:5)
    at async SelectQueryBuilder.loadRawResults (/Users/C9K4HN/Downloads/Latest/Backend-version-5.0/node_modules/typeorm/query-builder/src/query-builder/SelectQueryBuilder.ts:3868:25)
    at async SelectQueryBuilder.executeEntitiesAndRawResults (/Users/C9K4HN/Downloads/Latest/Backend-version-5.0/node_modules/typeorm/query-builder/src/query-builder/SelectQueryBuilder.ts:3614:26)
    at async SelectQueryBuilder.getRawAndEntities (/Users/C9K4HN/Downloads/Latest/Backend-version-5.0/node_modules/typeorm/query-builder/src/query-builder/SelectQueryBuilder.ts:1671:29)
    at async SelectQueryBuilder.getOne (/Users/C9K4HN/Downloads/Latest/Backend-version-5.0/node_modules/typeorm/query-builder/src/query-builder/SelectQueryBuilder.ts:1698:25)
    at async PoliciesService.findOne (/Users/C9K4HN/Downloads/Latest/Backend-version-5.0/src/policies/policies.service.ts:106:20)
    at async PoliciesController.findOne (/Users/C9K4HN/Downloads/Latest/Backend-version-5.0/src/policies/policies.controller.ts:50:20)
2025-12-02 14:31:15 | ERROR | [HTTP-Error] | ✗ GET /api/policies/admin | Error: NJS-105: value is not a number (NaN) and cannot be used in Oracle Database numbers | Duration: 2ms | User: 42 | Trace: QueryFailedError: NJS-105: value is not a number (NaN) and cannot be used in Oracle Database numbers
    at OracleQueryRunner.query (/Users/C9K4HN/Downloads/Latest/Backend-version-5.0/node_modules/typeorm/driver/src/driver/oracle/OracleQueryRunner.ts:299:19)
    at process.processTicksAndRejections (node:internal/process/task_queues:105:5)
    at async SelectQueryBuilder.loadRawResults (/Users/C9K4HN/Downloads/Latest/Backend-version-5.0/node_modules/typeorm/query-builder/src/query-builder/SelectQueryBuilder.ts:3868:25)
    at async SelectQueryBuilder.executeEntitiesAndRawResults (/Users/C9K4HN/Downloads/Latest/Backend-version-5.0/node_modules/typeorm/query-builder/src/query-builder/SelectQueryBuilder.ts:3614:26)
    at async SelectQueryBuilder.getRawAndEntities (/Users/C9K4HN/Downloads/Latest/Backend-version-5.0/node_modules/typeorm/query-builder/src/query-builder/SelectQueryBuilder.ts:1671:29)
    at async SelectQueryBuilder.getOne (/Users/C9K4HN/Downloads/Latest/Backend-version-5.0/node_modules/typeorm/query-builder/src/query-builder/SelectQueryBuilder.ts:1698:25)
    at async PoliciesService.findOne (/Users/C9K4HN/Downloads/Latest/Backend-version-5.0/src/policies/policies.service.ts:106:20)
    at async PoliciesController.findOne (/Users/C9K4HN/Downloads/Latest/Backend-version-5.0/src/policies/policies.controller.ts:50:20)
2025-12-02 14:31:16 | ERROR | [HTTP-Error] | ✗ GET /api/users/admin | Error: NJS-105: value is not a number (NaN) and cannot be used in Oracle Database numbers | Duration: 1ms | User: 42 | Trace: QueryFailedError: NJS-105: value is not a number (NaN) and cannot be used in Oracle Database numbers
    at OracleQueryRunner.query (/Users/C9K4HN/Downloads/Latest/Backend-version-5.0/node_modules/typeorm/driver/src/driver/oracle/OracleQueryRunner.ts:299:19)
    at process.processTicksAndRejections (node:internal/process/task_queues:105:5)
    at async SelectQueryBuilder.loadRawResults (/Users/C9K4HN/Downloads/Latest/Backend-version-5.0/node_modules/typeorm/query-builder/src/query-builder/SelectQueryBuilder.ts:3868:25)
    at async SelectQueryBuilder.executeEntitiesAndRawResults (/Users/C9K4HN/Downloads/Latest/Backend-version-5.0/node_modules/typeorm/query-builder/src/query-builder/SelectQueryBuilder.ts:3614:26)
    at async SelectQueryBuilder.getRawAndEntities (/Users/C9K4HN/Downloads/Latest/Backend-version-5.0/node_modules/typeorm/query-builder/src/query-builder/SelectQueryBuilder.ts:1671:29)
    at async SelectQueryBuilder.getOne (/Users/C9K4HN/Downloads/Latest/Backend-version-5.0/node_modules/typeorm/query-builder/src/query-builder/SelectQueryBuilder.ts:1698:25)
    at async UsersService.findOne (/Users/C9K4HN/Downloads/Latest/Backend-version-5.0/src/users/users.service.ts:45:18)
    at async UsersController.findOne (/Users/C9K4HN/Downloads/Latest/Backend-version-5.0/src/users/users.controller.ts:33:18)
2025-12-02 14:31:16 | ERROR | [HTTP-Error] | ✗ GET /api/policies/admin | Error: NJS-105: value is not a number (NaN) and cannot be used in Oracle Database numbers | Duration: 1ms | User: 42 | Trace: QueryFailedError: NJS-105: value is not a number (NaN) and cannot be used in Oracle Database numbers
    at OracleQueryRunner.query (/Users/C9K4HN/Downloads/Latest/Backend-version-5.0/node_modules/typeorm/driver/src/driver/oracle/OracleQueryRunner.ts:299:19)
    at process.processTicksAndRejections (node:internal/process/task_queues:105:5)
    at async SelectQueryBuilder.loadRawResults (/Users/C9K4HN/Downloads/Latest/Backend-version-5.0/node_modules/typeorm/query-builder/src/query-builder/SelectQueryBuilder.ts:3868:25)
    at async SelectQueryBuilder.executeEntitiesAndRawResults (/Users/C9K4HN/Downloads/Latest/Backend-version-5.0/node_modules/typeorm/query-builder/src/query-builder/SelectQueryBuilder.ts:3614:26)
    at async SelectQueryBuilder.getRawAndEntities (/Users/C9K4HN/Downloads/Latest/Backend-version-5.0/node_modules/typeorm/query-builder/src/query-builder/SelectQueryBuilder.ts:1671:29)
    at async SelectQueryBuilder.getOne (/Users/C9K4HN/Downloads/Latest/Backend-version-5.0/node_modules/typeorm/query-builder/src/query-builder/SelectQueryBuilder.ts:1698:25)
    at async PoliciesService.findOne (/Users/C9K4HN/Downloads/Latest/Backend-version-5.0/src/policies/policies.service.ts:106:20)
    at async PoliciesController.findOne (/Users/C9K4HN/Downloads/Latest/Backend-version-5.0/src/policies/policies.controller.ts:50:20)
2025-12-02 14:31:16 | ERROR | [HTTP-Error] | ✗ GET /api/claims/admin | Error: NJS-105: value is not a number (NaN) and cannot be used in Oracle Database numbers | Duration: 2ms | User: 42 | Trace: QueryFailedError: NJS-105: value is not a number (NaN) and cannot be used in Oracle Database numbers
    at OracleQueryRunner.query (/Users/C9K4HN/Downloads/Latest/Backend-version-5.0/node_modules/typeorm/driver/src/driver/oracle/OracleQueryRunner.ts:299:19)
    at process.processTicksAndRejections (node:internal/process/task_queues:105:5)
    at async SelectQueryBuilder.loadRawResults (/Users/C9K4HN/Downloads/Latest/Backend-version-5.0/node_modules/typeorm/query-builder/src/query-builder/SelectQueryBuilder.ts:3868:25)
    at async SelectQueryBuilder.executeEntitiesAndRawResults (/Users/C9K4HN/Downloads/Latest/Backend-version-5.0/node_modules/typeorm/query-builder/src/query-builder/SelectQueryBuilder.ts:3614:26)
    at async SelectQueryBuilder.getRawAndEntities (/Users/C9K4HN/Downloads/Latest/Backend-version-5.0/node_modules/typeorm/query-builder/src/query-builder/SelectQueryBuilder.ts:1671:29)
    at async SelectQueryBuilder.getOne (/Users/C9K4HN/Downloads/Latest/Backend-version-5.0/node_modules/typeorm/query-builder/src/query-builder/SelectQueryBuilder.ts:1698:25)
    at async ClaimsService.findOne (/Users/C9K4HN/Downloads/Latest/Backend-version-5.0/src/claims/claims.service.ts:54:19)
    at async ClaimsController.findOne (/Users/C9K4HN/Downloads/Latest/Backend-version-5.0/src/claims/claims.controller.ts:57:19)
2025-12-02 14:31:16 | ERROR | [HTTP-Error] | ✗ GET /api/users/admin | Error: NJS-105: value is not a number (NaN) and cannot be used in Oracle Database numbers | Duration: 0ms | User: 42 | Trace: QueryFailedError: NJS-105: value is not a number (NaN) and cannot be used in Oracle Database numbers
    at OracleQueryRunner.query (/Users/C9K4HN/Downloads/Latest/Backend-version-5.0/node_modules/typeorm/driver/src/driver/oracle/OracleQueryRunner.ts:299:19)
    at process.processTicksAndRejections (node:internal/process/task_queues:105:5)
    at async SelectQueryBuilder.loadRawResults (/Users/C9K4HN/Downloads/Latest/Backend-version-5.0/node_modules/typeorm/query-builder/src/query-builder/SelectQueryBuilder.ts:3868:25)
    at async SelectQueryBuilder.executeEntitiesAndRawResults (/Users/C9K4HN/Downloads/Latest/Backend-version-5.0/node_modules/typeorm/query-builder/src/query-builder/SelectQueryBuilder.ts:3614:26)
    at async SelectQueryBuilder.getRawAndEntities (/Users/C9K4HN/Downloads/Latest/Backend-version-5.0/node_modules/typeorm/query-builder/src/query-builder/SelectQueryBuilder.ts:1671:29)
    at async SelectQueryBuilder.getOne (/Users/C9K4HN/Downloads/Latest/Backend-version-5.0/node_modules/typeorm/query-builder/src/query-builder/SelectQueryBuilder.ts:1698:25)
    at async UsersService.findOne (/Users/C9K4HN/Downloads/Latest/Backend-version-5.0/src/users/users.service.ts:45:18)
    at async UsersController.findOne (/Users/C9K4HN/Downloads/Latest/Backend-version-5.0/src/users/users.controller.ts:33:18)
2025-12-02 14:31:16 | ERROR | [HTTP-Error] | ✗ GET /api/claims/admin | Error: NJS-105: value is not a number (NaN) and cannot be used in Oracle Database numbers | Duration: 2ms | User: 42 | Trace: QueryFailedError: NJS-105: value is not a number (NaN) and cannot be used in Oracle Database numbers
    at OracleQueryRunner.query (/Users/C9K4HN/Downloads/Latest/Backend-version-5.0/node_modules/typeorm/driver/src/driver/oracle/OracleQueryRunner.ts:299:19)
    at process.processTicksAndRejections (node:internal/process/task_queues:105:5)
    at async SelectQueryBuilder.loadRawResults (/Users/C9K4HN/Downloads/Latest/Backend-version-5.0/node_modules/typeorm/query-builder/src/query-builder/SelectQueryBuilder.ts:3868:25)
    at async SelectQueryBuilder.executeEntitiesAndRawResults (/Users/C9K4HN/Downloads/Latest/Backend-version-5.0/node_modules/typeorm/query-builder/src/query-builder/SelectQueryBuilder.ts:3614:26)
    at async SelectQueryBuilder.getRawAndEntities (/Users/C9K4HN/Downloads/Latest/Backend-version-5.0/node_modules/typeorm/query-builder/src/query-builder/SelectQueryBuilder.ts:1671:29)
    at async SelectQueryBuilder.getOne (/Users/C9K4HN/Downloads/Latest/Backend-version-5.0/node_modules/typeorm/query-builder/src/query-builder/SelectQueryBuilder.ts:1698:25)
    at async ClaimsService.findOne (/Users/C9K4HN/Downloads/Latest/Backend-version-5.0/src/claims/claims.service.ts:54:19)
    at async ClaimsController.findOne (/Users/C9K4HN/Downloads/Latest/Backend-version-5.0/src/claims/claims.controller.ts:57:19)
2025-12-02 14:31:16 | ERROR | [HTTP-Error] | ✗ GET /api/policies/admin | Error: NJS-105: value is not a number (NaN) and cannot be used in Oracle Database numbers | Duration: 1ms | User: 42 | Trace: QueryFailedError: NJS-105: value is not a number (NaN) and cannot be used in Oracle Database numbers
    at OracleQueryRunner.query (/Users/C9K4HN/Downloads/Latest/Backend-version-5.0/node_modules/typeorm/driver/src/driver/oracle/OracleQueryRunner.ts:299:19)
    at process.processTicksAndRejections (node:internal/process/task_queues:105:5)
    at async SelectQueryBuilder.loadRawResults (/Users/C9K4HN/Downloads/Latest/Backend-version-5.0/node_modules/typeorm/query-builder/src/query-builder/SelectQueryBuilder.ts:3868:25)
    at async SelectQueryBuilder.executeEntitiesAndRawResults (/Users/C9K4HN/Downloads/Latest/Backend-version-5.0/node_modules/typeorm/query-builder/src/query-builder/SelectQueryBuilder.ts:3614:26)
    at async SelectQueryBuilder.getRawAndEntities (/Users/C9K4HN/Downloads/Latest/Backend-version-5.0/node_modules/typeorm/query-builder/src/query-builder/SelectQueryBuilder.ts:1671:29)
    at async SelectQueryBuilder.getOne (/Users/C9K4HN/Downloads/Latest/Backend-version-5.0/node_modules/typeorm/query-builder/src/query-builder/SelectQueryBuilder.ts:1698:25)
    at async PoliciesService.findOne (/Users/C9K4HN/Downloads/Latest/Backend-version-5.0/src/policies/policies.service.ts:106:20)
    at async PoliciesController.findOne (/Users/C9K4HN/Downloads/Latest/Backend-version-5.0/src/policies/policies.controller.ts:50:20)
2025-12-02 14:31:18 | ERROR | [HTTP-Error] | ✗ GET /api/claims/admin | Error: NJS-105: value is not a number (NaN) and cannot be used in Oracle Database numbers | Duration: 1ms | User: 42 | Trace: QueryFailedError: NJS-105: value is not a number (NaN) and cannot be used in Oracle Database numbers
    at OracleQueryRunner.query (/Users/C9K4HN/Downloads/Latest/Backend-version-5.0/node_modules/typeorm/driver/src/driver/oracle/OracleQueryRunner.ts:299:19)
    at process.processTicksAndRejections (node:internal/process/task_queues:105:5)
    at async SelectQueryBuilder.loadRawResults (/Users/C9K4HN/Downloads/Latest/Backend-version-5.0/node_modules/typeorm/query-builder/src/query-builder/SelectQueryBuilder.ts:3868:25)
    at async SelectQueryBuilder.executeEntitiesAndRawResults (/Users/C9K4HN/Downloads/Latest/Backend-version-5.0/node_modules/typeorm/query-builder/src/query-builder/SelectQueryBuilder.ts:3614:26)
    at async SelectQueryBuilder.getRawAndEntities (/Users/C9K4HN/Downloads/Latest/Backend-version-5.0/node_modules/typeorm/query-builder/src/query-builder/SelectQueryBuilder.ts:1671:29)
    at async SelectQueryBuilder.getOne (/Users/C9K4HN/Downloads/Latest/Backend-version-5.0/node_modules/typeorm/query-builder/src/query-builder/SelectQueryBuilder.ts:1698:25)
    at async ClaimsService.findOne (/Users/C9K4HN/Downloads/Latest/Backend-version-5.0/src/claims/claims.service.ts:54:19)
    at async ClaimsController.findOne (/Users/C9K4HN/Downloads/Latest/Backend-version-5.0/src/claims/claims.controller.ts:57:19)
2025-12-02 14:31:18 | ERROR | [HTTP-Error] | ✗ GET /api/claims/admin | Error: NJS-105: value is not a number (NaN) and cannot be used in Oracle Database numbers | Duration: 1ms | User: 42 | Trace: QueryFailedError: NJS-105: value is not a number (NaN) and cannot be used in Oracle Database numbers
    at OracleQueryRunner.query (/Users/C9K4HN/Downloads/Latest/Backend-version-5.0/node_modules/typeorm/driver/src/driver/oracle/OracleQueryRunner.ts:299:19)
    at process.processTicksAndRejections (node:internal/process/task_queues:105:5)
    at async SelectQueryBuilder.loadRawResults (/Users/C9K4HN/Downloads/Latest/Backend-version-5.0/node_modules/typeorm/query-builder/src/query-builder/SelectQueryBuilder.ts:3868:25)
    at async SelectQueryBuilder.executeEntitiesAndRawResults (/Users/C9K4HN/Downloads/Latest/Backend-version-5.0/node_modules/typeorm/query-builder/src/query-builder/SelectQueryBuilder.ts:3614:26)
    at async SelectQueryBuilder.getRawAndEntities (/Users/C9K4HN/Downloads/Latest/Backend-version-5.0/node_modules/typeorm/query-builder/src/query-builder/SelectQueryBuilder.ts:1671:29)
    at async SelectQueryBuilder.getOne (/Users/C9K4HN/Downloads/Latest/Backend-version-5.0/node_modules/typeorm/query-builder/src/query-builder/SelectQueryBuilder.ts:1698:25)
    at async ClaimsService.findOne (/Users/C9K4HN/Downloads/Latest/Backend-version-5.0/src/claims/claims.service.ts:54:19)
    at async ClaimsController.findOne (/Users/C9K4HN/Downloads/Latest/Backend-version-5.0/src/claims/claims.controller.ts:57:19)
2025-12-02 14:31:28 | ERROR | [HTTP-Error] | ✗ GET /api/claims/admin | Error: NJS-105: value is not a number (NaN) and cannot be used in Oracle Database numbers | Duration: 1ms | User: 42 | Trace: QueryFailedError: NJS-105: value is not a number (NaN) and cannot be used in Oracle Database numbers
    at OracleQueryRunner.query (/Users/C9K4HN/Downloads/Latest/Backend-version-5.0/node_modules/typeorm/driver/src/driver/oracle/OracleQueryRunner.ts:299:19)
    at process.processTicksAndRejections (node:internal/process/task_queues:105:5)
    at async SelectQueryBuilder.loadRawResults (/Users/C9K4HN/Downloads/Latest/Backend-version-5.0/node_modules/typeorm/query-builder/src/query-builder/SelectQueryBuilder.ts:3868:25)
    at async SelectQueryBuilder.executeEntitiesAndRawResults (/Users/C9K4HN/Downloads/Latest/Backend-version-5.0/node_modules/typeorm/query-builder/src/query-builder/SelectQueryBuilder.ts:3614:26)
    at async SelectQueryBuilder.getRawAndEntities (/Users/C9K4HN/Downloads/Latest/Backend-version-5.0/node_modules/typeorm/query-builder/src/query-builder/SelectQueryBuilder.ts:1671:29)
    at async SelectQueryBuilder.getOne (/Users/C9K4HN/Downloads/Latest/Backend-version-5.0/node_modules/typeorm/query-builder/src/query-builder/SelectQueryBuilder.ts:1698:25)
    at async ClaimsService.findOne (/Users/C9K4HN/Downloads/Latest/Backend-version-5.0/src/claims/claims.service.ts:54:19)
    at async ClaimsController.findOne (/Users/C9K4HN/Downloads/Latest/Backend-version-5.0/src/claims/claims.controller.ts:57:19)
2025-12-02 14:31:38 | ERROR | [HTTP-Error] | ✗ GET /api/claims/admin | Error: NJS-105: value is not a number (NaN) and cannot be used in Oracle Database numbers | Duration: 2ms | User: 42 | Trace: QueryFailedError: NJS-105: value is not a number (NaN) and cannot be used in Oracle Database numbers
    at OracleQueryRunner.query (/Users/C9K4HN/Downloads/Latest/Backend-version-5.0/node_modules/typeorm/driver/src/driver/oracle/OracleQueryRunner.ts:299:19)
    at process.processTicksAndRejections (node:internal/process/task_queues:105:5)
    at async SelectQueryBuilder.loadRawResults (/Users/C9K4HN/Downloads/Latest/Backend-version-5.0/node_modules/typeorm/query-builder/src/query-builder/SelectQueryBuilder.ts:3868:25)
    at async SelectQueryBuilder.executeEntitiesAndRawResults (/Users/C9K4HN/Downloads/Latest/Backend-version-5.0/node_modules/typeorm/query-builder/src/query-builder/SelectQueryBuilder.ts:3614:26)
    at async SelectQueryBuilder.getRawAndEntities (/Users/C9K4HN/Downloads/Latest/Backend-version-5.0/node_modules/typeorm/query-builder/src/query-builder/SelectQueryBuilder.ts:1671:29)
    at async SelectQueryBuilder.getOne (/Users/C9K4HN/Downloads/Latest/Backend-version-5.0/node_modules/typeorm/query-builder/src/query-builder/SelectQueryBuilder.ts:1698:25)
    at async ClaimsService.findOne (/Users/C9K4HN/Downloads/Latest/Backend-version-5.0/src/claims/claims.service.ts:54:19)
    at async ClaimsController.findOne (/Users/C9K4HN/Downloads/Latest/Backend-version-5.0/src/claims/claims.controller.ts:57:19)
2025-12-02 14:31:48 | ERROR | [HTTP-Error] | ✗ GET /api/claims/admin | Error: NJS-105: value is not a number (NaN) and cannot be used in Oracle Database numbers | Duration: 2ms | User: 42 | Trace: QueryFailedError: NJS-105: value is not a number (NaN) and cannot be used in Oracle Database numbers
    at OracleQueryRunner.query (/Users/C9K4HN/Downloads/Latest/Backend-version-5.0/node_modules/typeorm/driver/src/driver/oracle/OracleQueryRunner.ts:299:19)
    at process.processTicksAndRejections (node:internal/process/task_queues:105:5)
    at async SelectQueryBuilder.loadRawResults (/Users/C9K4HN/Downloads/Latest/Backend-version-5.0/node_modules/typeorm/query-builder/src/query-builder/SelectQueryBuilder.ts:3868:25)
    at async SelectQueryBuilder.executeEntitiesAndRawResults (/Users/C9K4HN/Downloads/Latest/Backend-version-5.0/node_modules/typeorm/query-builder/src/query-builder/SelectQueryBuilder.ts:3614:26)
    at async SelectQueryBuilder.getRawAndEntities (/Users/C9K4HN/Downloads/Latest/Backend-version-5.0/node_modules/typeorm/query-builder/src/query-builder/SelectQueryBuilder.ts:1671:29)
    at async SelectQueryBuilder.getOne (/Users/C9K4HN/Downloads/Latest/Backend-version-5.0/node_modules/typeorm/query-builder/src/query-builder/SelectQueryBuilder.ts:1698:25)
    at async ClaimsService.findOne (/Users/C9K4HN/Downloads/Latest/Backend-version-5.0/src/claims/claims.service.ts:54:19)
    at async ClaimsController.findOne (/Users/C9K4HN/Downloads/Latest/Backend-version-5.0/src/claims/claims.controller.ts:57:19)
2025-12-02 14:31:58 | ERROR | [HTTP-Error] | ✗ GET /api/claims/admin | Error: NJS-105: value is not a number (NaN) and cannot be used in Oracle Database numbers | Duration: 1ms | User: 42 | Trace: QueryFailedError: NJS-105: value is not a number (NaN) and cannot be used in Oracle Database numbers
    at OracleQueryRunner.query (/Users/C9K4HN/Downloads/Latest/Backend-version-5.0/node_modules/typeorm/driver/src/driver/oracle/OracleQueryRunner.ts:299:19)
    at process.processTicksAndRejections (node:internal/process/task_queues:105:5)
    at async SelectQueryBuilder.loadRawResults (/Users/C9K4HN/Downloads/Latest/Backend-version-5.0/node_modules/typeorm/query-builder/src/query-builder/SelectQueryBuilder.ts:3868:25)
    at async SelectQueryBuilder.executeEntitiesAndRawResults (/Users/C9K4HN/Downloads/Latest/Backend-version-5.0/node_modules/typeorm/query-builder/src/query-builder/SelectQueryBuilder.ts:3614:26)
    at async SelectQueryBuilder.getRawAndEntities (/Users/C9K4HN/Downloads/Latest/Backend-version-5.0/node_modules/typeorm/query-builder/src/query-builder/SelectQueryBuilder.ts:1671:29)
    at async SelectQueryBuilder.getOne (/Users/C9K4HN/Downloads/Latest/Backend-version-5.0/node_modules/typeorm/query-builder/src/query-builder/SelectQueryBuilder.ts:1698:25)
    at async ClaimsService.findOne (/Users/C9K4HN/Downloads/Latest/Backend-version-5.0/src/claims/claims.service.ts:54:19)
    at async ClaimsController.findOne (/Users/C9K4HN/Downloads/Latest/Backend-version-5.0/src/claims/claims.controller.ts:57:19)
2025-12-02 14:32:08 | ERROR | [HTTP-Error] | ✗ GET /api/claims/admin | Error: NJS-105: value is not a number (NaN) and cannot be used in Oracle Database numbers | Duration: 1ms | User: 42 | Trace: QueryFailedError: NJS-105: value is not a number (NaN) and cannot be used in Oracle Database numbers
    at OracleQueryRunner.query (/Users/C9K4HN/Downloads/Latest/Backend-version-5.0/node_modules/typeorm/driver/src/driver/oracle/OracleQueryRunner.ts:299:19)
    at process.processTicksAndRejections (node:internal/process/task_queues:105:5)
    at async SelectQueryBuilder.loadRawResults (/Users/C9K4HN/Downloads/Latest/Backend-version-5.0/node_modules/typeorm/query-builder/src/query-builder/SelectQueryBuilder.ts:3868:25)
    at async SelectQueryBuilder.executeEntitiesAndRawResults (/Users/C9K4HN/Downloads/Latest/Backend-version-5.0/node_modules/typeorm/query-builder/src/query-builder/SelectQueryBuilder.ts:3614:26)
    at async SelectQueryBuilder.getRawAndEntities (/Users/C9K4HN/Downloads/Latest/Backend-version-5.0/node_modules/typeorm/query-builder/src/query-builder/SelectQueryBuilder.ts:1671:29)
    at async SelectQueryBuilder.getOne (/Users/C9K4HN/Downloads/Latest/Backend-version-5.0/node_modules/typeorm/query-builder/src/query-builder/SelectQueryBuilder.ts:1698:25)
    at async ClaimsService.findOne (/Users/C9K4HN/Downloads/Latest/Backend-version-5.0/src/claims/claims.service.ts:54:19)
    at async ClaimsController.findOne (/Users/C9K4HN/Downloads/Latest/Backend-version-5.0/src/claims/claims.controller.ts:57:19)
2025-12-02 14:32:18 | ERROR | [HTTP-Error] | ✗ GET /api/claims/admin | Error: NJS-105: value is not a number (NaN) and cannot be used in Oracle Database numbers | Duration: 0ms | User: 42 | Trace: QueryFailedError: NJS-105: value is not a number (NaN) and cannot be used in Oracle Database numbers
    at OracleQueryRunner.query (/Users/C9K4HN/Downloads/Latest/Backend-version-5.0/node_modules/typeorm/driver/src/driver/oracle/OracleQueryRunner.ts:299:19)
    at process.processTicksAndRejections (node:internal/process/task_queues:105:5)
    at async SelectQueryBuilder.loadRawResults (/Users/C9K4HN/Downloads/Latest/Backend-version-5.0/node_modules/typeorm/query-builder/src/query-builder/SelectQueryBuilder.ts:3868:25)
    at async SelectQueryBuilder.executeEntitiesAndRawResults (/Users/C9K4HN/Downloads/Latest/Backend-version-5.0/node_modules/typeorm/query-builder/src/query-builder/SelectQueryBuilder.ts:3614:26)
    at async SelectQueryBuilder.getRawAndEntities (/Users/C9K4HN/Downloads/Latest/Backend-version-5.0/node_modules/typeorm/query-builder/src/query-builder/SelectQueryBuilder.ts:1671:29)
    at async SelectQueryBuilder.getOne (/Users/C9K4HN/Downloads/Latest/Backend-version-5.0/node_modules/typeorm/query-builder/src/query-builder/SelectQueryBuilder.ts:1698:25)
    at async ClaimsService.findOne (/Users/C9K4HN/Downloads/Latest/Backend-version-5.0/src/claims/claims.service.ts:54:19)
    at async ClaimsController.findOne (/Users/C9K4HN/Downloads/Latest/Backend-version-5.0/src/claims/claims.controller.ts:57:19)
2025-12-02 14:32:28 | ERROR | [HTTP-Error] | ✗ GET /api/claims/admin | Error: NJS-105: value is not a number (NaN) and cannot be used in Oracle Database numbers | Duration: 1ms | User: 42 | Trace: QueryFailedError: NJS-105: value is not a number (NaN) and cannot be used in Oracle Database numbers
    at OracleQueryRunner.query (/Users/C9K4HN/Downloads/Latest/Backend-version-5.0/node_modules/typeorm/driver/src/driver/oracle/OracleQueryRunner.ts:299:19)
    at process.processTicksAndRejections (node:internal/process/task_queues:105:5)
    at async SelectQueryBuilder.loadRawResults (/Users/C9K4HN/Downloads/Latest/Backend-version-5.0/node_modules/typeorm/query-builder/src/query-builder/SelectQueryBuilder.ts:3868:25)
    at async SelectQueryBuilder.executeEntitiesAndRawResults (/Users/C9K4HN/Downloads/Latest/Backend-version-5.0/node_modules/typeorm/query-builder/src/query-builder/SelectQueryBuilder.ts:3614:26)
    at async SelectQueryBuilder.getRawAndEntities (/Users/C9K4HN/Downloads/Latest/Backend-version-5.0/node_modules/typeorm/query-builder/src/query-builder/SelectQueryBuilder.ts:1671:29)
    at async SelectQueryBuilder.getOne (/Users/C9K4HN/Downloads/Latest/Backend-version-5.0/node_modules/typeorm/query-builder/src/query-builder/SelectQueryBuilder.ts:1698:25)
    at async ClaimsService.findOne (/Users/C9K4HN/Downloads/Latest/Backend-version-5.0/src/claims/claims.service.ts:54:19)
    at async ClaimsController.findOne (/Users/C9K4HN/Downloads/Latest/Backend-version-5.0/src/claims/claims.controller.ts:57:19)
2025-12-02 14:32:38 | ERROR | [HTTP-Error] | ✗ GET /api/claims/admin | Error: NJS-105: value is not a number (NaN) and cannot be used in Oracle Database numbers | Duration: 1ms | User: 42 | Trace: QueryFailedError: NJS-105: value is not a number (NaN) and cannot be used in Oracle Database numbers
    at OracleQueryRunner.query (/Users/C9K4HN/Downloads/Latest/Backend-version-5.0/node_modules/typeorm/driver/src/driver/oracle/OracleQueryRunner.ts:299:19)
    at process.processTicksAndRejections (node:internal/process/task_queues:105:5)
    at async SelectQueryBuilder.loadRawResults (/Users/C9K4HN/Downloads/Latest/Backend-version-5.0/node_modules/typeorm/query-builder/src/query-builder/SelectQueryBuilder.ts:3868:25)
    at async SelectQueryBuilder.executeEntitiesAndRawResults (/Users/C9K4HN/Downloads/Latest/Backend-version-5.0/node_modules/typeorm/query-builder/src/query-builder/SelectQueryBuilder.ts:3614:26)
    at async SelectQueryBuilder.getRawAndEntities (/Users/C9K4HN/Downloads/Latest/Backend-version-5.0/node_modules/typeorm/query-builder/src/query-builder/SelectQueryBuilder.ts:1671:29)
    at async SelectQueryBuilder.getOne (/Users/C9K4HN/Downloads/Latest/Backend-version-5.0/node_modules/typeorm/query-builder/src/query-builder/SelectQueryBuilder.ts:1698:25)
    at async ClaimsService.findOne (/Users/C9K4HN/Downloads/Latest/Backend-version-5.0/src/claims/claims.service.ts:54:19)
    at async ClaimsController.findOne (/Users/C9K4HN/Downloads/Latest/Backend-version-5.0/src/claims/claims.controller.ts:57:19)
2025-12-02 14:32:48 | ERROR | [HTTP-Error] | ✗ GET /api/claims/admin | Error: NJS-105: value is not a number (NaN) and cannot be used in Oracle Database numbers | Duration: 2ms | User: 42 | Trace: QueryFailedError: NJS-105: value is not a number (NaN) and cannot be used in Oracle Database numbers
    at OracleQueryRunner.query (/Users/C9K4HN/Downloads/Latest/Backend-version-5.0/node_modules/typeorm/driver/src/driver/oracle/OracleQueryRunner.ts:299:19)
    at process.processTicksAndRejections (node:internal/process/task_queues:105:5)
    at async SelectQueryBuilder.loadRawResults (/Users/C9K4HN/Downloads/Latest/Backend-version-5.0/node_modules/typeorm/query-builder/src/query-builder/SelectQueryBuilder.ts:3868:25)
    at async SelectQueryBuilder.executeEntitiesAndRawResults (/Users/C9K4HN/Downloads/Latest/Backend-version-5.0/node_modules/typeorm/query-builder/src/query-builder/SelectQueryBuilder.ts:3614:26)
    at async SelectQueryBuilder.getRawAndEntities (/Users/C9K4HN/Downloads/Latest/Backend-version-5.0/node_modules/typeorm/query-builder/src/query-builder/SelectQueryBuilder.ts:1671:29)
    at async SelectQueryBuilder.getOne (/Users/C9K4HN/Downloads/Latest/Backend-version-5.0/node_modules/typeorm/query-builder/src/query-builder/SelectQueryBuilder.ts:1698:25)
    at async ClaimsService.findOne (/Users/C9K4HN/Downloads/Latest/Backend-version-5.0/src/claims/claims.service.ts:54:19)
    at async ClaimsController.findOne (/Users/C9K4HN/Downloads/Latest/Backend-version-5.0/src/claims/claims.controller.ts:57:19)
2025-12-02 15:15:36 | ERROR | [HTTP-Error] | ✗ POST /api/auth/login | Error: Invalid credentials | Duration: 17ms | User: anonymous | Trace: UnauthorizedException: Invalid credentials
    at AuthService.login (/Users/C9K4HN/Downloads/Latest/Backend-version-5.0/src/auth/auth.service.ts:66:19)
    at process.processTicksAndRejections (node:internal/process/task_queues:105:5)
2025-12-02 15:15:54 | ERROR | [HTTP-Error] | ✗ POST /api/auth/login | Error: Invalid credentials | Duration: 4ms | User: anonymous | Trace: UnauthorizedException: Invalid credentials
    at AuthService.login (/Users/C9K4HN/Downloads/Latest/Backend-version-5.0/src/auth/auth.service.ts:66:19)
    at process.processTicksAndRejections (node:internal/process/task_queues:105:5)
2025-12-02 15:16:09 | ERROR | [HTTP-Error] | ✗ POST /api/auth/login | Error: Invalid credentials | Duration: 4ms | User: anonymous | Trace: UnauthorizedException: Invalid credentials
    at AuthService.login (/Users/C9K4HN/Downloads/Latest/Backend-version-5.0/src/auth/auth.service.ts:66:19)
    at process.processTicksAndRejections (node:internal/process/task_queues:105:5)
2025-12-02 15:16:28 | ERROR | [HTTP-Error] | ✗ POST /api/auth/login | Error: Invalid credentials | Duration: 4ms | User: anonymous | Trace: UnauthorizedException: Invalid credentials
    at AuthService.login (/Users/C9K4HN/Downloads/Latest/Backend-version-5.0/src/auth/auth.service.ts:66:19)
    at process.processTicksAndRejections (node:internal/process/task_queues:105:5)
2025-12-02 16:39:12 | ERROR | [HTTP-Error] | ✗ PATCH /api/claims/21 | Error: Property "policyId" was not found in "Claim". Make sure your query is correct. | Duration: 11ms | User: 61 | Trace: EntityPropertyNotFoundError: Property "policyId" was not found in "Claim". Make sure your query is correct.
    at <anonymous> (/Users/C9K4HN/Downloads/Latest/Backend-version-5.0/node_modules/typeorm/query-builder/src/query-builder/UpdateQueryBuilder.ts:500:31)
    at Array.forEach (<anonymous>)
    at UpdateQueryBuilder.createUpdateExpression (/Users/C9K4HN/Downloads/Latest/Backend-version-5.0/node_modules/typeorm/query-builder/src/query-builder/UpdateQueryBuilder.ts:493:68)
    at UpdateQueryBuilder.getQuery (/Users/C9K4HN/Downloads/Latest/Backend-version-5.0/node_modules/typeorm/query-builder/src/query-builder/UpdateQueryBuilder.ts:53:21)
    at UpdateQueryBuilder.getQueryAndParameters (/Users/C9K4HN/Downloads/Latest/Backend-version-5.0/node_modules/typeorm/query-builder/src/query-builder/QueryBuilder.ts:495:28)
    at UpdateQueryBuilder.execute (/Users/C9K4HN/Downloads/Latest/Backend-version-5.0/node_modules/typeorm/query-builder/src/query-builder/UpdateQueryBuilder.ts:142:50)
    at process.processTicksAndRejections (node:internal/process/task_queues:105:5)
    at async ClaimsService.update (/Users/C9K4HN/Downloads/Latest/Backend-version-5.0/src/claims/claims.service.ts:89:5)
    at async ClaimsController.update (/Users/C9K4HN/Downloads/Latest/Backend-version-5.0/src/claims/claims.controller.ts:92:12)
2025-12-02 16:40:37 | ERROR | [HTTP-Error] | ✗ POST /api/auth/login | Error: Invalid credentials | Duration: 12ms | User: anonymous | Trace: UnauthorizedException: Invalid credentials
    at AuthService.login (/Users/C9K4HN/Downloads/Latest/Backend-version-5.0/src/auth/auth.service.ts:66:19)
    at process.processTicksAndRejections (node:internal/process/task_queues:105:5)
2025-12-02 16:41:20 | ERROR | [HTTP-Error] | ✗ POST /api/auth/login | Error: Invalid credentials | Duration: 8ms | User: anonymous | Trace: UnauthorizedException: Invalid credentials
    at AuthService.login (/Users/C9K4HN/Downloads/Latest/Backend-version-5.0/src/auth/auth.service.ts:66:19)
    at process.processTicksAndRejections (node:internal/process/task_queues:105:5)
2025-12-02 16:41:38 | ERROR | [HTTP-Error] | ✗ POST /api/auth/login | Error: Invalid Password | Duration: 86ms | User: anonymous | Trace: UnauthorizedException: Invalid Password
    at AuthService.login (/Users/C9K4HN/Downloads/Latest/Backend-version-5.0/src/auth/auth.service.ts:74:19)
2025-12-02 16:42:00 | ERROR | [HTTP-Error] | ✗ POST /api/auth/login | Error: Invalid credentials | Duration: 4ms | User: anonymous | Trace: UnauthorizedException: Invalid credentials
    at AuthService.login (/Users/C9K4HN/Downloads/Latest/Backend-version-5.0/src/auth/auth.service.ts:66:19)
    at process.processTicksAndRejections (node:internal/process/task_queues:105:5)
2025-12-02 16:43:49 | ERROR | [HTTP-Error] | ✗ POST /api/auth/login | Error: Invalid credentials | Duration: 4ms | User: anonymous | Trace: UnauthorizedException: Invalid credentials
    at AuthService.login (/Users/C9K4HN/Downloads/Latest/Backend-version-5.0/src/auth/auth.service.ts:66:19)
    at process.processTicksAndRejections (node:internal/process/task_queues:105:5)
2025-12-02 16:53:08 | ERROR | [HTTP-Error] | ✗ POST /api/policies | Error: User Already Enrolled in the Same Plan | Duration: 52ms | User: 61 | Trace: BadRequestException: User Already Enrolled in the Same Plan
    at PoliciesService.create (/Users/C9K4HN/Downloads/Latest/Backend-version-5.0/src/policies/policies.service.ts:46:13)
    at process.processTicksAndRejections (node:internal/process/task_queues:105:5)
    at async PoliciesController.create (/Users/C9K4HN/Downloads/Latest/Backend-version-5.0/src/policies/policies.controller.ts:27:12)
2025-12-02 17:27:11 | ERROR | [HTTP-Error] | ✗ POST /api/policies | Error: User Already Enrolled in the Same Plan | Duration: 17ms | User: 61 | Trace: BadRequestException: User Already Enrolled in the Same Plan
    at PoliciesService.create (/Users/C9K4HN/Downloads/Latest/Backend-version-5.0/src/policies/policies.service.ts:46:13)
    at process.processTicksAndRejections (node:internal/process/task_queues:105:5)
    at async PoliciesController.create (/Users/C9K4HN/Downloads/Latest/Backend-version-5.0/src/policies/policies.controller.ts:27:12)
2025-12-02 18:16:35 | ERROR | [HTTP-Error] | ✗ POST /api/policies | Error: User Already Enrolled in the Same Plan | Duration: 32ms | User: 61 | Trace: BadRequestException: User Already Enrolled in the Same Plan
    at PoliciesService.create (/Users/C9K4HN/Downloads/Latest/Backend-version-5.0/src/policies/policies.service.ts:46:13)
    at process.processTicksAndRejections (node:internal/process/task_queues:105:5)
    at async PoliciesController.create (/Users/C9K4HN/Downloads/Latest/Backend-version-5.0/src/policies/policies.controller.ts:27:12)
2025-12-02 18:17:37 | ERROR | [HTTP-Error] | ✗ PATCH /api/claims/21 | Error: Property "policyId" was not found in "Claim". Make sure your query is correct. | Duration: 11ms | User: 61 | Trace: EntityPropertyNotFoundError: Property "policyId" was not found in "Claim". Make sure your query is correct.
    at <anonymous> (/Users/C9K4HN/Downloads/Latest/Backend-version-5.0/node_modules/typeorm/query-builder/src/query-builder/UpdateQueryBuilder.ts:500:31)
    at Array.forEach (<anonymous>)
    at UpdateQueryBuilder.createUpdateExpression (/Users/C9K4HN/Downloads/Latest/Backend-version-5.0/node_modules/typeorm/query-builder/src/query-builder/UpdateQueryBuilder.ts:493:68)
    at UpdateQueryBuilder.getQuery (/Users/C9K4HN/Downloads/Latest/Backend-version-5.0/node_modules/typeorm/query-builder/src/query-builder/UpdateQueryBuilder.ts:53:21)
    at UpdateQueryBuilder.getQueryAndParameters (/Users/C9K4HN/Downloads/Latest/Backend-version-5.0/node_modules/typeorm/query-builder/src/query-builder/QueryBuilder.ts:495:28)
    at UpdateQueryBuilder.execute (/Users/C9K4HN/Downloads/Latest/Backend-version-5.0/node_modules/typeorm/query-builder/src/query-builder/UpdateQueryBuilder.ts:142:50)
    at process.processTicksAndRejections (node:internal/process/task_queues:105:5)
    at async ClaimsService.update (/Users/C9K4HN/Downloads/Latest/Backend-version-5.0/src/claims/claims.service.ts:89:5)
    at async ClaimsController.update (/Users/C9K4HN/Downloads/Latest/Backend-version-5.0/src/claims/claims.controller.ts:92:12)
2025-12-02 18:19:26 | ERROR | [HTTP-Error] | ✗ POST /api/auth/login | Error: Invalid Password | Duration: 90ms | User: anonymous | Trace: UnauthorizedException: Invalid Password
    at AuthService.login (/Users/C9K4HN/Downloads/Latest/Backend-version-5.0/src/auth/auth.service.ts:74:19)
2025-12-02 18:26:35 | ERROR | [HTTP-Error] | ✗ POST /api/claims | Error: Bad Request Exception | Duration: 2ms | User: 102 | Trace: BadRequestException: Bad Request Exception
    at ValidationPipe.exceptionFactory (/Users/C9K4HN/Downloads/Latest/Backend-version-5.0/node_modules/@nestjs/common/pipes/validation.pipe.js:107:20)
    at ValidationPipe.transform (/Users/C9K4HN/Downloads/Latest/Backend-version-5.0/node_modules/@nestjs/common/pipes/validation.pipe.js:74:30)
    at process.processTicksAndRejections (node:internal/process/task_queues:105:5)
    at async resolveParamValue (/Users/C9K4HN/Downloads/Latest/Backend-version-5.0/node_modules/@nestjs/core/router/router-execution-context.js:148:23)
    at async Promise.all (index 0)
    at async pipesFn (/Users/C9K4HN/Downloads/Latest/Backend-version-5.0/node_modules/@nestjs/core/router/router-execution-context.js:151:13)
    at async /Users/C9K4HN/Downloads/Latest/Backend-version-5.0/node_modules/@nestjs/core/router/router-execution-context.js:37:30
2025-12-02 18:26:35 | ERROR | [HTTP-Error] | ✗ POST /api/claims | Error: Bad Request Exception | Duration: 1ms | User: 102 | Trace: BadRequestException: Bad Request Exception
    at ValidationPipe.exceptionFactory (/Users/C9K4HN/Downloads/Latest/Backend-version-5.0/node_modules/@nestjs/common/pipes/validation.pipe.js:107:20)
    at ValidationPipe.transform (/Users/C9K4HN/Downloads/Latest/Backend-version-5.0/node_modules/@nestjs/common/pipes/validation.pipe.js:74:30)
    at process.processTicksAndRejections (node:internal/process/task_queues:105:5)
    at async resolveParamValue (/Users/C9K4HN/Downloads/Latest/Backend-version-5.0/node_modules/@nestjs/core/router/router-execution-context.js:148:23)
    at async Promise.all (index 0)
    at async pipesFn (/Users/C9K4HN/Downloads/Latest/Backend-version-5.0/node_modules/@nestjs/core/router/router-execution-context.js:151:13)
    at async /Users/C9K4HN/Downloads/Latest/Backend-version-5.0/node_modules/@nestjs/core/router/router-execution-context.js:37:30
2025-12-02 18:26:36 | ERROR | [HTTP-Error] | ✗ POST /api/claims | Error: Bad Request Exception | Duration: 1ms | User: 102 | Trace: BadRequestException: Bad Request Exception
    at ValidationPipe.exceptionFactory (/Users/C9K4HN/Downloads/Latest/Backend-version-5.0/node_modules/@nestjs/common/pipes/validation.pipe.js:107:20)
    at ValidationPipe.transform (/Users/C9K4HN/Downloads/Latest/Backend-version-5.0/node_modules/@nestjs/common/pipes/validation.pipe.js:74:30)
    at process.processTicksAndRejections (node:internal/process/task_queues:105:5)
    at async resolveParamValue (/Users/C9K4HN/Downloads/Latest/Backend-version-5.0/node_modules/@nestjs/core/router/router-execution-context.js:148:23)
    at async Promise.all (index 0)
    at async pipesFn (/Users/C9K4HN/Downloads/Latest/Backend-version-5.0/node_modules/@nestjs/core/router/router-execution-context.js:151:13)
    at async /Users/C9K4HN/Downloads/Latest/Backend-version-5.0/node_modules/@nestjs/core/router/router-execution-context.js:37:30
2025-12-02 18:26:36 | ERROR | [HTTP-Error] | ✗ POST /api/claims | Error: Bad Request Exception | Duration: 1ms | User: 102 | Trace: BadRequestException: Bad Request Exception
    at ValidationPipe.exceptionFactory (/Users/C9K4HN/Downloads/Latest/Backend-version-5.0/node_modules/@nestjs/common/pipes/validation.pipe.js:107:20)
    at ValidationPipe.transform (/Users/C9K4HN/Downloads/Latest/Backend-version-5.0/node_modules/@nestjs/common/pipes/validation.pipe.js:74:30)
    at process.processTicksAndRejections (node:internal/process/task_queues:105:5)
    at async resolveParamValue (/Users/C9K4HN/Downloads/Latest/Backend-version-5.0/node_modules/@nestjs/core/router/router-execution-context.js:148:23)
    at async Promise.all (index 0)
    at async pipesFn (/Users/C9K4HN/Downloads/Latest/Backend-version-5.0/node_modules/@nestjs/core/router/router-execution-context.js:151:13)
    at async /Users/C9K4HN/Downloads/Latest/Backend-version-5.0/node_modules/@nestjs/core/router/router-execution-context.js:37:30
2025-12-02 18:26:36 | ERROR | [HTTP-Error] | ✗ POST /api/claims | Error: Bad Request Exception | Duration: 1ms | User: 102 | Trace: BadRequestException: Bad Request Exception
    at ValidationPipe.exceptionFactory (/Users/C9K4HN/Downloads/Latest/Backend-version-5.0/node_modules/@nestjs/common/pipes/validation.pipe.js:107:20)
    at ValidationPipe.transform (/Users/C9K4HN/Downloads/Latest/Backend-version-5.0/node_modules/@nestjs/common/pipes/validation.pipe.js:74:30)
    at process.processTicksAndRejections (node:internal/process/task_queues:105:5)
    at async resolveParamValue (/Users/C9K4HN/Downloads/Latest/Backend-version-5.0/node_modules/@nestjs/core/router/router-execution-context.js:148:23)
    at async Promise.all (index 0)
    at async pipesFn (/Users/C9K4HN/Downloads/Latest/Backend-version-5.0/node_modules/@nestjs/core/router/router-execution-context.js:151:13)
    at async /Users/C9K4HN/Downloads/Latest/Backend-version-5.0/node_modules/@nestjs/core/router/router-execution-context.js:37:30
2025-12-02 18:26:36 | ERROR | [HTTP-Error] | ✗ POST /api/claims | Error: Bad Request Exception | Duration: 1ms | User: 102 | Trace: BadRequestException: Bad Request Exception
    at ValidationPipe.exceptionFactory (/Users/C9K4HN/Downloads/Latest/Backend-version-5.0/node_modules/@nestjs/common/pipes/validation.pipe.js:107:20)
    at ValidationPipe.transform (/Users/C9K4HN/Downloads/Latest/Backend-version-5.0/node_modules/@nestjs/common/pipes/validation.pipe.js:74:30)
    at process.processTicksAndRejections (node:internal/process/task_queues:105:5)
    at async resolveParamValue (/Users/C9K4HN/Downloads/Latest/Backend-version-5.0/node_modules/@nestjs/core/router/router-execution-context.js:148:23)
    at async Promise.all (index 0)
    at async pipesFn (/Users/C9K4HN/Downloads/Latest/Backend-version-5.0/node_modules/@nestjs/core/router/router-execution-context.js:151:13)
    at async /Users/C9K4HN/Downloads/Latest/Backend-version-5.0/node_modules/@nestjs/core/router/router-execution-context.js:37:30
2025-12-02 18:26:36 | ERROR | [HTTP-Error] | ✗ POST /api/claims | Error: Bad Request Exception | Duration: 1ms | User: 102 | Trace: BadRequestException: Bad Request Exception
    at ValidationPipe.exceptionFactory (/Users/C9K4HN/Downloads/Latest/Backend-version-5.0/node_modules/@nestjs/common/pipes/validation.pipe.js:107:20)
    at ValidationPipe.transform (/Users/C9K4HN/Downloads/Latest/Backend-version-5.0/node_modules/@nestjs/common/pipes/validation.pipe.js:74:30)
    at process.processTicksAndRejections (node:internal/process/task_queues:105:5)
    at async resolveParamValue (/Users/C9K4HN/Downloads/Latest/Backend-version-5.0/node_modules/@nestjs/core/router/router-execution-context.js:148:23)
    at async Promise.all (index 0)
    at async pipesFn (/Users/C9K4HN/Downloads/Latest/Backend-version-5.0/node_modules/@nestjs/core/router/router-execution-context.js:151:13)
    at async /Users/C9K4HN/Downloads/Latest/Backend-version-5.0/node_modules/@nestjs/core/router/router-execution-context.js:37:30
2025-12-02 18:26:37 | ERROR | [HTTP-Error] | ✗ POST /api/claims | Error: Bad Request Exception | Duration: 1ms | User: 102 | Trace: BadRequestException: Bad Request Exception
    at ValidationPipe.exceptionFactory (/Users/C9K4HN/Downloads/Latest/Backend-version-5.0/node_modules/@nestjs/common/pipes/validation.pipe.js:107:20)
    at ValidationPipe.transform (/Users/C9K4HN/Downloads/Latest/Backend-version-5.0/node_modules/@nestjs/common/pipes/validation.pipe.js:74:30)
    at process.processTicksAndRejections (node:internal/process/task_queues:105:5)
    at async resolveParamValue (/Users/C9K4HN/Downloads/Latest/Backend-version-5.0/node_modules/@nestjs/core/router/router-execution-context.js:148:23)
    at async Promise.all (index 0)
    at async pipesFn (/Users/C9K4HN/Downloads/Latest/Backend-version-5.0/node_modules/@nestjs/core/router/router-execution-context.js:151:13)
    at async /Users/C9K4HN/Downloads/Latest/Backend-version-5.0/node_modules/@nestjs/core/router/router-execution-context.js:37:30
2025-12-02 18:26:37 | ERROR | [HTTP-Error] | ✗ POST /api/claims | Error: Bad Request Exception | Duration: 1ms | User: 102 | Trace: BadRequestException: Bad Request Exception
    at ValidationPipe.exceptionFactory (/Users/C9K4HN/Downloads/Latest/Backend-version-5.0/node_modules/@nestjs/common/pipes/validation.pipe.js:107:20)
    at ValidationPipe.transform (/Users/C9K4HN/Downloads/Latest/Backend-version-5.0/node_modules/@nestjs/common/pipes/validation.pipe.js:74:30)
    at process.processTicksAndRejections (node:internal/process/task_queues:105:5)
    at async resolveParamValue (/Users/C9K4HN/Downloads/Latest/Backend-version-5.0/node_modules/@nestjs/core/router/router-execution-context.js:148:23)
    at async Promise.all (index 0)
    at async pipesFn (/Users/C9K4HN/Downloads/Latest/Backend-version-5.0/node_modules/@nestjs/core/router/router-execution-context.js:151:13)
    at async /Users/C9K4HN/Downloads/Latest/Backend-version-5.0/node_modules/@nestjs/core/router/router-execution-context.js:37:30
2025-12-02 18:26:37 | ERROR | [HTTP-Error] | ✗ POST /api/claims | Error: Bad Request Exception | Duration: 1ms | User: 102 | Trace: BadRequestException: Bad Request Exception
    at ValidationPipe.exceptionFactory (/Users/C9K4HN/Downloads/Latest/Backend-version-5.0/node_modules/@nestjs/common/pipes/validation.pipe.js:107:20)
    at ValidationPipe.transform (/Users/C9K4HN/Downloads/Latest/Backend-version-5.0/node_modules/@nestjs/common/pipes/validation.pipe.js:74:30)
    at process.processTicksAndRejections (node:internal/process/task_queues:105:5)
    at async resolveParamValue (/Users/C9K4HN/Downloads/Latest/Backend-version-5.0/node_modules/@nestjs/core/router/router-execution-context.js:148:23)
    at async Promise.all (index 0)
    at async pipesFn (/Users/C9K4HN/Downloads/Latest/Backend-version-5.0/node_modules/@nestjs/core/router/router-execution-context.js:151:13)
    at async /Users/C9K4HN/Downloads/Latest/Backend-version-5.0/node_modules/@nestjs/core/router/router-execution-context.js:37:30
2025-12-02 18:26:37 | ERROR | [HTTP-Error] | ✗ POST /api/claims | Error: Bad Request Exception | Duration: 1ms | User: 102 | Trace: BadRequestException: Bad Request Exception
    at ValidationPipe.exceptionFactory (/Users/C9K4HN/Downloads/Latest/Backend-version-5.0/node_modules/@nestjs/common/pipes/validation.pipe.js:107:20)
    at ValidationPipe.transform (/Users/C9K4HN/Downloads/Latest/Backend-version-5.0/node_modules/@nestjs/common/pipes/validation.pipe.js:74:30)
    at process.processTicksAndRejections (node:internal/process/task_queues:105:5)
    at async resolveParamValue (/Users/C9K4HN/Downloads/Latest/Backend-version-5.0/node_modules/@nestjs/core/router/router-execution-context.js:148:23)
    at async Promise.all (index 0)
    at async pipesFn (/Users/C9K4HN/Downloads/Latest/Backend-version-5.0/node_modules/@nestjs/core/router/router-execution-context.js:151:13)
    at async /Users/C9K4HN/Downloads/Latest/Backend-version-5.0/node_modules/@nestjs/core/router/router-execution-context.js:37:30
2025-12-02 18:26:37 | ERROR | [HTTP-Error] | ✗ POST /api/claims | Error: Bad Request Exception | Duration: 1ms | User: 102 | Trace: BadRequestException: Bad Request Exception
    at ValidationPipe.exceptionFactory (/Users/C9K4HN/Downloads/Latest/Backend-version-5.0/node_modules/@nestjs/common/pipes/validation.pipe.js:107:20)
    at ValidationPipe.transform (/Users/C9K4HN/Downloads/Latest/Backend-version-5.0/node_modules/@nestjs/common/pipes/validation.pipe.js:74:30)
    at process.processTicksAndRejections (node:internal/process/task_queues:105:5)
    at async resolveParamValue (/Users/C9K4HN/Downloads/Latest/Backend-version-5.0/node_modules/@nestjs/core/router/router-execution-context.js:148:23)
    at async Promise.all (index 0)
    at async pipesFn (/Users/C9K4HN/Downloads/Latest/Backend-version-5.0/node_modules/@nestjs/core/router/router-execution-context.js:151:13)
    at async /Users/C9K4HN/Downloads/Latest/Backend-version-5.0/node_modules/@nestjs/core/router/router-execution-context.js:37:30
2025-12-02 18:26:37 | ERROR | [HTTP-Error] | ✗ POST /api/claims | Error: Bad Request Exception | Duration: 1ms | User: 102 | Trace: BadRequestException: Bad Request Exception
    at ValidationPipe.exceptionFactory (/Users/C9K4HN/Downloads/Latest/Backend-version-5.0/node_modules/@nestjs/common/pipes/validation.pipe.js:107:20)
    at ValidationPipe.transform (/Users/C9K4HN/Downloads/Latest/Backend-version-5.0/node_modules/@nestjs/common/pipes/validation.pipe.js:74:30)
    at process.processTicksAndRejections (node:internal/process/task_queues:105:5)
    at async resolveParamValue (/Users/C9K4HN/Downloads/Latest/Backend-version-5.0/node_modules/@nestjs/core/router/router-execution-context.js:148:23)
    at async Promise.all (index 0)
    at async pipesFn (/Users/C9K4HN/Downloads/Latest/Backend-version-5.0/node_modules/@nestjs/core/router/router-execution-context.js:151:13)
    at async /Users/C9K4HN/Downloads/Latest/Backend-version-5.0/node_modules/@nestjs/core/router/router-execution-context.js:37:30
2025-12-02 18:26:43 | ERROR | [HTTP-Error] | ✗ POST /api/claims | Error: Bad Request Exception | Duration: 0ms | User: 102 | Trace: BadRequestException: Bad Request Exception
    at ValidationPipe.exceptionFactory (/Users/C9K4HN/Downloads/Latest/Backend-version-5.0/node_modules/@nestjs/common/pipes/validation.pipe.js:107:20)
    at ValidationPipe.transform (/Users/C9K4HN/Downloads/Latest/Backend-version-5.0/node_modules/@nestjs/common/pipes/validation.pipe.js:74:30)
    at process.processTicksAndRejections (node:internal/process/task_queues:105:5)
    at async resolveParamValue (/Users/C9K4HN/Downloads/Latest/Backend-version-5.0/node_modules/@nestjs/core/router/router-execution-context.js:148:23)
    at async Promise.all (index 0)
    at async pipesFn (/Users/C9K4HN/Downloads/Latest/Backend-version-5.0/node_modules/@nestjs/core/router/router-execution-context.js:151:13)
    at async /Users/C9K4HN/Downloads/Latest/Backend-version-5.0/node_modules/@nestjs/core/router/router-execution-context.js:37:30
2025-12-02 21:44:31 | ERROR | [HTTP-Error] | ✗ POST /api/auth/login | Error: Invalid Password | Duration: 87ms | User: anonymous | Trace: UnauthorizedException: Invalid Password
    at AuthService.login (/Users/C9K4HN/Downloads/Latest/Backend-version-5.0/src/auth/auth.service.ts:74:19)
2025-12-02 21:45:16 | ERROR | [HTTP-Error] | ✗ POST /api/auth/login | Error: Invalid credentials | Duration: 6ms | User: anonymous | Trace: UnauthorizedException: Invalid credentials
    at AuthService.login (/Users/C9K4HN/Downloads/Latest/Backend-version-5.0/src/auth/auth.service.ts:66:19)
    at process.processTicksAndRejections (node:internal/process/task_queues:105:5)
2025-12-02 21:46:19 | ERROR | [HTTP-Error] | ✗ POST /api/policies | Error: User Already Enrolled in the Same Plan | Duration: 47ms | User: 61 | Trace: BadRequestException: User Already Enrolled in the Same Plan
    at PoliciesService.create (/Users/C9K4HN/Downloads/Latest/Backend-version-5.0/src/policies/policies.service.ts:46:13)
    at process.processTicksAndRejections (node:internal/process/task_queues:105:5)
    at async PoliciesController.create (/Users/C9K4HN/Downloads/Latest/Backend-version-5.0/src/policies/policies.controller.ts:27:12)
2025-12-02 22:17:35 | ERROR | [HTTP-Error] | ✗ PATCH /api/claims/41 | Error: Property "policyId" was not found in "Claim". Make sure your query is correct. | Duration: 35ms | User: 61 | Trace: EntityPropertyNotFoundError: Property "policyId" was not found in "Claim". Make sure your query is correct.
    at <anonymous> (/Users/C9K4HN/Downloads/Latest/Backend-version-5.0/node_modules/typeorm/query-builder/src/query-builder/UpdateQueryBuilder.ts:500:31)
    at Array.forEach (<anonymous>)
    at UpdateQueryBuilder.createUpdateExpression (/Users/C9K4HN/Downloads/Latest/Backend-version-5.0/node_modules/typeorm/query-builder/src/query-builder/UpdateQueryBuilder.ts:493:68)
    at UpdateQueryBuilder.getQuery (/Users/C9K4HN/Downloads/Latest/Backend-version-5.0/node_modules/typeorm/query-builder/src/query-builder/UpdateQueryBuilder.ts:53:21)
    at UpdateQueryBuilder.getQueryAndParameters (/Users/C9K4HN/Downloads/Latest/Backend-version-5.0/node_modules/typeorm/query-builder/src/query-builder/QueryBuilder.ts:495:28)
    at UpdateQueryBuilder.execute (/Users/C9K4HN/Downloads/Latest/Backend-version-5.0/node_modules/typeorm/query-builder/src/query-builder/UpdateQueryBuilder.ts:142:50)
    at process.processTicksAndRejections (node:internal/process/task_queues:105:5)
    at async ClaimsService.update (/Users/C9K4HN/Downloads/Latest/Backend-version-5.0/src/claims/claims.service.ts:89:5)
    at async ClaimsController.update (/Users/C9K4HN/Downloads/Latest/Backend-version-5.0/src/claims/claims.controller.ts:92:12)
2025-12-02 22:50:52 | ERROR | [HTTP-Error] | ✗ PATCH /api/claims/41 | Error: Property "policyId" was not found in "Claim". Make sure your query is correct. | Duration: 20ms | User: 61 | Trace: EntityPropertyNotFoundError: Property "policyId" was not found in "Claim". Make sure your query is correct.
    at <anonymous> (/Users/C9K4HN/Downloads/Latest/Backend-version-5.0/node_modules/typeorm/query-builder/src/query-builder/UpdateQueryBuilder.ts:500:31)
    at Array.forEach (<anonymous>)
    at UpdateQueryBuilder.createUpdateExpression (/Users/C9K4HN/Downloads/Latest/Backend-version-5.0/node_modules/typeorm/query-builder/src/query-builder/UpdateQueryBuilder.ts:493:68)
    at UpdateQueryBuilder.getQuery (/Users/C9K4HN/Downloads/Latest/Backend-version-5.0/node_modules/typeorm/query-builder/src/query-builder/UpdateQueryBuilder.ts:53:21)
    at UpdateQueryBuilder.getQueryAndParameters (/Users/C9K4HN/Downloads/Latest/Backend-version-5.0/node_modules/typeorm/query-builder/src/query-builder/QueryBuilder.ts:495:28)
    at UpdateQueryBuilder.execute (/Users/C9K4HN/Downloads/Latest/Backend-version-5.0/node_modules/typeorm/query-builder/src/query-builder/UpdateQueryBuilder.ts:142:50)
    at process.processTicksAndRejections (node:internal/process/task_queues:105:5)
    at async ClaimsService.update (/Users/C9K4HN/Downloads/Latest/Backend-version-5.0/src/claims/claims.service.ts:109:5)
    at async ClaimsController.update (/Users/C9K4HN/Downloads/Latest/Backend-version-5.0/src/claims/claims.controller.ts:102:12)
2025-12-02 22:55:51 | ERROR | [HTTP-Error] | ✗ POST /api/policies | Error: User Already Enrolled in the Same Plan | Duration: 31ms | User: 61 | Trace: BadRequestException: User Already Enrolled in the Same Plan
    at PoliciesService.create (/Users/C9K4HN/Downloads/Latest/Backend-version-5.0/src/policies/policies.service.ts:55:13)
    at process.processTicksAndRejections (node:internal/process/task_queues:105:5)
    at async PoliciesController.create (/Users/C9K4HN/Downloads/Latest/Backend-version-5.0/src/policies/policies.controller.ts:32:12)
2025-12-02 23:03:10 | ERROR | [HTTP-Error] | ✗ POST /api/auth/login | Error: Invalid credentials | Duration: 65ms | User: anonymous | Trace: UnauthorizedException: Invalid credentials
    at AuthService.login (/Users/C9K4HN/Downloads/Latest/Backend-version-5.0/src/auth/auth.service.ts:66:19)
    at process.processTicksAndRejections (node:internal/process/task_queues:105:5)
2025-12-02 23:03:28 | ERROR | [HTTP-Error] | ✗ POST /api/auth/login | Error: Invalid credentials | Duration: 5ms | User: anonymous | Trace: UnauthorizedException: Invalid credentials
    at AuthService.login (/Users/C9K4HN/Downloads/Latest/Backend-version-5.0/src/auth/auth.service.ts:66:19)
    at process.processTicksAndRejections (node:internal/process/task_queues:105:5)
2025-12-02 23:04:56 | ERROR | [HTTP-Error] | ✗ POST /api/auth/login | Error: Invalid credentials | Duration: 8ms | User: anonymous | Trace: UnauthorizedException: Invalid credentials
    at AuthService.login (/Users/C9K4HN/Downloads/Latest/Backend-version-5.0/src/auth/auth.service.ts:66:19)
    at process.processTicksAndRejections (node:internal/process/task_queues:105:5)
2025-12-02 23:08:23 | ERROR | [HTTP-Error] | ✗ POST /api/auth/login | Error: Invalid credentials | Duration: 15ms | User: anonymous | Trace: UnauthorizedException: Invalid credentials
    at AuthService.login (/Users/C9K4HN/Downloads/Latest/Backend-version-5.0/src/auth/auth.service.ts:66:19)
    at process.processTicksAndRejections (node:internal/process/task_queues:105:5)
2025-12-02 23:15:25 | ERROR | [HTTP-Error] | ✗ POST /api/auth/login | Error: Bad Request Exception | Duration: 4ms | User: anonymous | Trace: BadRequestException: Bad Request Exception
    at ValidationPipe.exceptionFactory (/Users/C9K4HN/Downloads/Latest/Backend-version-5.0/node_modules/@nestjs/common/pipes/validation.pipe.js:107:20)
    at ValidationPipe.transform (/Users/C9K4HN/Downloads/Latest/Backend-version-5.0/node_modules/@nestjs/common/pipes/validation.pipe.js:74:30)
    at process.processTicksAndRejections (node:internal/process/task_queues:105:5)
    at async resolveParamValue (/Users/C9K4HN/Downloads/Latest/Backend-version-5.0/node_modules/@nestjs/core/router/router-execution-context.js:148:23)
    at async Promise.all (index 0)
    at async pipesFn (/Users/C9K4HN/Downloads/Latest/Backend-version-5.0/node_modules/@nestjs/core/router/router-execution-context.js:151:13)
    at async /Users/C9K4HN/Downloads/Latest/Backend-version-5.0/node_modules/@nestjs/core/router/router-execution-context.js:37:30
2025-12-02 23:15:39 | ERROR | [HTTP-Error] | ✗ POST /api/auth/login | Error: Invalid Password | Duration: 112ms | User: anonymous | Trace: UnauthorizedException: Invalid Password
    at AuthService.login (/Users/C9K4HN/Downloads/Latest/Backend-version-5.0/src/auth/auth.service.ts:74:19)
2025-12-02 23:19:10 | ERROR | [HTTP-Error] | ✗ POST /api/policies | Error: User Already Enrolled in the Same Plan | Duration: 18ms | User: 61 | Trace: BadRequestException: User Already Enrolled in the Same Plan
    at PoliciesService.create (/Users/C9K4HN/Downloads/Latest/Backend-version-5.0/src/policies/policies.service.ts:55:13)
    at process.processTicksAndRejections (node:internal/process/task_queues:105:5)
    at async PoliciesController.create (/Users/C9K4HN/Downloads/Latest/Backend-version-5.0/src/policies/policies.controller.ts:32:12)
2025-12-02 23:22:57 | ERROR | [HTTP-Error] | ✗ POST /api/auth/login | Error: Bad Request Exception | Duration: 1ms | User: anonymous | Trace: BadRequestException: Bad Request Exception
    at ValidationPipe.exceptionFactory (/Users/C9K4HN/Downloads/Latest/Backend-version-5.0/node_modules/@nestjs/common/pipes/validation.pipe.js:107:20)
    at ValidationPipe.transform (/Users/C9K4HN/Downloads/Latest/Backend-version-5.0/node_modules/@nestjs/common/pipes/validation.pipe.js:74:30)
    at process.processTicksAndRejections (node:internal/process/task_queues:105:5)
    at async resolveParamValue (/Users/C9K4HN/Downloads/Latest/Backend-version-5.0/node_modules/@nestjs/core/router/router-execution-context.js:148:23)
    at async Promise.all (index 0)
    at async pipesFn (/Users/C9K4HN/Downloads/Latest/Backend-version-5.0/node_modules/@nestjs/core/router/router-execution-context.js:151:13)
    at async /Users/C9K4HN/Downloads/Latest/Backend-version-5.0/node_modules/@nestjs/core/router/router-execution-context.js:37:30
2025-12-02 23:48:46 | ERROR | [HTTP-Error] | ✗ POST /api/policies | Error: User Already Enrolled in the Same Plan | Duration: 21ms | User: 121 | Trace: BadRequestException: User Already Enrolled in the Same Plan
    at PoliciesService.create (/Users/C9K4HN/Downloads/Latest/Backend-version-5.0/src/policies/policies.service.ts:55:13)
    at process.processTicksAndRejections (node:internal/process/task_queues:105:5)
    at async PoliciesController.create (/Users/C9K4HN/Downloads/Latest/Backend-version-5.0/src/policies/policies.controller.ts:32:12)
